Device: cuda

Building dataloaders (shared across all checkpoints/seeds)...
PKSampler ready: 74 male + 44 female identities, P=8 (balanced), K=4, batch_size=32
PKSampler: P=8 identities × K=4 samples = batch_size=32

==================================================
Evaluating No Barlow Twins (5 checkpoints)
==================================================

--- No Barlow Twins seed 1/5: experiments/fvgb_nobt_seed42/best.pth ---
  Loaded epoch 120 from experiments/fvgb_nobt_seed42/best.pth
  Extracting gallery embeddings...
  Extracting probe embeddings...
  Gallery sequences: 90  Probe sequences: 450
  Gallery subjects: 90
  Extracting gallery embeddings...
  Extracting probe embeddings...
  Gallery sequences: 60  Probe sequences: 180
  Gallery subjects: 60
  Extracting gallery embeddings...
  Extracting probe embeddings...
  Gallery sequences: 30  Probe sequences: 90
  Gallery subjects: 30
  Extracting gallery embeddings...
  Extracting probe embeddings...
  Gallery sequences: 30  Probe sequences: 90
  Gallery subjects: 30
  Extracting gallery embeddings...
  Extracting probe embeddings...
  Gallery sequences: 90  Probe sequences: 1134
  Gallery subjects: 90

--- No Barlow Twins seed 2/5: experiments/fvgb_nobt_seed123/best.pth ---
  Loaded epoch 80 from experiments/fvgb_nobt_seed123/best.pth
  Extracting gallery embeddings...
  Extracting probe embeddings...
  Gallery sequences: 90  Probe sequences: 450
  Gallery subjects: 90
  Extracting gallery embeddings...
  Extracting probe embeddings...
  Gallery sequences: 60  Probe sequences: 180
  Gallery subjects: 60
  Extracting gallery embeddings...
  Extracting probe embeddings...
  Gallery sequences: 30  Probe sequences: 90
  Gallery subjects: 30
  Extracting gallery embeddings...
  Extracting probe embeddings...
  Gallery sequences: 30  Probe sequences: 90
  Gallery subjects: 30
  Extracting gallery embeddings...
  Extracting probe embeddings...
  Gallery sequences: 90  Probe sequences: 1134
  Gallery subjects: 90

--- No Barlow Twins seed 3/5: experiments/fvgb_nobt_seed456/best.pth ---
  Loaded epoch 110 from experiments/fvgb_nobt_seed456/best.pth
  Extracting gallery embeddings...
  Extracting probe embeddings...
  Gallery sequences: 90  Probe sequences: 450
  Gallery subjects: 90
  Extracting gallery embeddings...
  Extracting probe embeddings...
  Gallery sequences: 60  Probe sequences: 180
  Gallery subjects: 60
  Extracting gallery embeddings...
  Extracting probe embeddings...
  Gallery sequences: 30  Probe sequences: 90
  Gallery subjects: 30
  Extracting gallery embeddings...
  Extracting probe embeddings...
  Gallery sequences: 30  Probe sequences: 90
  Gallery subjects: 30
  Extracting gallery embeddings...
  Extracting probe embeddings...
  Gallery sequences: 90  Probe sequences: 1134
  Gallery subjects: 90

--- No Barlow Twins seed 4/5: experiments/fvgb_nobt_seed789/best.pth ---
  Loaded epoch 130 from experiments/fvgb_nobt_seed789/best.pth
  Extracting gallery embeddings...
  Extracting probe embeddings...
  Gallery sequences: 90  Probe sequences: 450
  Gallery subjects: 90
  Extracting gallery embeddings...
  Extracting probe embeddings...
  Gallery sequences: 60  Probe sequences: 180
  Gallery subjects: 60
  Extracting gallery embeddings...
  Extracting probe embeddings...
  Gallery sequences: 30  Probe sequences: 90
  Gallery subjects: 30
  Extracting gallery embeddings...
  Extracting probe embeddings...
  Gallery sequences: 30  Probe sequences: 90
  Gallery subjects: 30
  Extracting gallery embeddings...
  Extracting probe embeddings...
  Gallery sequences: 90  Probe sequences: 1134
  Gallery subjects: 90

--- No Barlow Twins seed 5/5: experiments/fvgb_nobt_seed2024/best.pth ---
  Loaded epoch 100 from experiments/fvgb_nobt_seed2024/best.pth
  Extracting gallery embeddings...
  Extracting probe embeddings...
  Gallery sequences: 90  Probe sequences: 450
  Gallery subjects: 90
  Extracting gallery embeddings...
  Extracting probe embeddings...
  Gallery sequences: 60  Probe sequences: 180
  Gallery subjects: 60
  Extracting gallery embeddings...
  Extracting probe embeddings...
  Gallery sequences: 30  Probe sequences: 90
  Gallery subjects: 30
  Extracting gallery embeddings...
  Extracting probe embeddings...
  Gallery sequences: 30  Probe sequences: 90
  Gallery subjects: 30
  Extracting gallery embeddings...
  Extracting probe embeddings...
  Gallery sequences: 90  Probe sequences: 1134
  Gallery subjects: 90

======================================================================
No Barlow Twins (mean +/- std across 5 seeds)
======================================================================

Gait Recognition:
Protocol             Rank-1           Rank-5              mAP              EER
---------- ---------------- ---------------- ---------------- ----------------
WS          73.29+/-1.76%  90.76+/-0.74%  81.05+/-0.98%   7.74+/-0.57%
BGHT        53.78+/-2.29%  78.11+/-1.78%  64.62+/-2.05%  15.42+/-1.13%
CL          55.78+/-4.47%  87.11+/-4.31%  69.25+/-3.31%  15.13+/-2.30%
MP          86.00+/-1.94%  96.89+/-1.78%  90.55+/-1.47%   8.19+/-0.73%
ALL         61.18+/-1.18%  82.84+/-1.32%  71.01+/-1.09%  11.25+/-0.60%

Gender & Disentanglement:
  balanced_accuracy          85.03 +/- 0.34%
  F1_Male                    87.39 +/- 1.98%
  F1_Female                  81.60 +/- 0.68%
  linear_probe_Fm            92.18 +/- 1.20%
  linear_probe_Fk            61.27 +/- 1.76%
  gap                        30.91 +/- 2.32%

Results saved to experiments/fvgb_nobt_multiseed_results.json
