Gender supervision DISABLED (w_gender=0.0, no gender head)
Dataset: fvgb
Seed: 42
Graph: enabled
Morphology backbone: custom
Device: cuda
PKSampler ready: 74 male + 44 female identities, P=8 (balanced), K=4, batch_size=32
PKSampler: P=8 identities × K=4 samples = batch_size=32

DatasetMeta: name=fvgb  has_gender=False  has_age=False
Training identities: 136
Train batches:       11
Val batches:         14
Test subjects:       90
  WS: gallery=90  probe=450
  BGHT: gallery=60  probe=180
  CL: gallery=30  probe=90
  MP: gallery=30  probe=90
  ALL: gallery=90  probe=1134

Parameter breakdown:
  morph_encoder (custom)  1,568,992
  motion_encoder        4,703,008
  identity_head           595,456
  graph                   525,313
  total                 7,392,769

Starting training from epoch 1 to 150


Epoch 001/150 Summary | LR=0.000300
  Train — total=3.3740  id=5.1726  tri=0.7588  orth=0.577916
  Val   — total=3.0942  id=4.9237  tri=0.6323


Epoch 002/150 Summary | LR=0.000300
  Train — total=3.0249  id=4.6502  tri=0.6602  orth=0.791404
  Val   — total=3.1541  id=4.9699  tri=0.6692


Epoch 003/150 Summary | LR=0.000300
  Train — total=2.8555  id=4.3750  tri=0.6340  orth=0.680126
  Val   — total=3.2225  id=4.9780  tri=0.7335


Epoch 004/150 Summary | LR=0.000299
  Train — total=2.6762  id=4.0573  tri=0.6133  orth=0.684106
  Val   — total=3.3167  id=5.2479  tri=0.6927


Epoch 005/150 Summary | LR=0.000299
  Train — total=2.6373  id=3.9735  tri=0.6204  orth=0.604293
  Val   — total=3.2934  id=5.1832  tri=0.7018


Epoch 006/150 Summary | LR=0.000299
  Train — total=2.5096  id=3.7485  tri=0.6135  orth=0.435850
  Val   — total=3.2991  id=5.1952  tri=0.7016


Epoch 007/150 Summary | LR=0.000298
  Train — total=2.3638  id=3.5262  tri=0.5773  orth=0.467128
  Val   — total=4.7039  id=7.9446  tri=0.7316


Epoch 008/150 Summary | LR=0.000298
  Train — total=2.4101  id=3.5546  tri=0.6129  orth=0.399299
  Val   — total=4.2346  id=7.0505  tri=0.7093


Epoch 009/150 Summary | LR=0.000297
  Train — total=2.3105  id=3.4259  tri=0.5780  orth=0.391045
  Val   — total=4.1873  id=6.9176  tri=0.7285


Epoch 010/150 Summary | LR=0.000297
  Train — total=2.2076  id=3.2362  tri=0.5712  orth=0.367155
  Val   — total=5.3977  id=9.3511  tri=0.7221

  WS Rank-1 (epoch 10): 44.67%
Best checkpoint saved (Rank-1=44.67%)
Checkpoint saved: experiments/fvgb_nogender_seed42/epoch_010.pth
Best checkpoint saved: experiments/fvgb_nogender_seed42/best.pth  (val_loss=5.3977)

Epoch 011/150 Summary | LR=0.000296
  Train — total=2.1171  id=3.0511  tri=0.5729  orth=0.372980
  Val   — total=4.6872  id=7.9715  tri=0.7014


Epoch 012/150 Summary | LR=0.000295
  Train — total=2.0689  id=2.9369  tri=0.5828  orth=0.352519
  Val   — total=4.7892  id=8.1540  tri=0.7122


Epoch 013/150 Summary | LR=0.000294
  Train — total=1.9862  id=2.8330  tri=0.5535  orth=0.324498
  Val   — total=4.8551  id=8.2982  tri=0.7060


Epoch 014/150 Summary | LR=0.000294
  Train — total=1.9296  id=2.7260  tri=0.5506  orth=0.320163
  Val   — total=4.5783  id=7.7589  tri=0.6989


Epoch 015/150 Summary | LR=0.000293
  Train — total=1.8934  id=2.6548  tri=0.5517  orth=0.286188
  Val   — total=4.3036  id=7.1745  tri=0.7164


Epoch 016/150 Summary | LR=0.000292
  Train — total=1.9252  id=2.6855  tri=0.5652  orth=0.345927
  Val   — total=4.9132  id=8.4242  tri=0.7011


Epoch 017/150 Summary | LR=0.000291
  Train — total=1.8382  id=2.5397  tri=0.5530  orth=0.307792
  Val   — total=4.4253  id=7.4598  tri=0.6954


Epoch 018/150 Summary | LR=0.000290
  Train — total=1.7898  id=2.4478  tri=0.5515  orth=0.287659
  Val   — total=4.4606  id=7.4752  tri=0.7230


Epoch 019/150 Summary | LR=0.000288
  Train — total=1.7243  id=2.3565  tri=0.5319  orth=0.283344
  Val   — total=5.2265  id=8.9986  tri=0.7272


Epoch 020/150 Summary | LR=0.000287
  Train — total=1.6386  id=2.2074  tri=0.5213  orth=0.271360
  Val   — total=4.5395  id=7.6243  tri=0.7273

  WS Rank-1 (epoch 20): 53.78%
Best checkpoint saved (Rank-1=53.78%)
Checkpoint saved: experiments/fvgb_nogender_seed42/epoch_020.pth
Best checkpoint saved: experiments/fvgb_nogender_seed42/best.pth  (val_loss=4.5395)

Epoch 021/150 Summary | LR=0.000286
  Train — total=1.6274  id=2.1586  tri=0.5325  orth=0.311141
  Val   — total=4.6485  id=7.8826  tri=0.7072


Epoch 022/150 Summary | LR=0.000284
  Train — total=1.6931  id=2.2279  tri=0.5653  orth=0.277993
  Val   — total=4.9445  id=8.4674  tri=0.7108


Epoch 023/150 Summary | LR=0.000283
  Train — total=1.5811  id=2.0820  tri=0.5276  orth=0.250829
  Val   — total=4.8649  id=8.3295  tri=0.7002


Epoch 024/150 Summary | LR=0.000282
  Train — total=1.5498  id=2.0339  tri=0.5202  orth=0.254215
  Val   — total=4.6246  id=7.8532  tri=0.6980


Epoch 025/150 Summary | LR=0.000280
  Train — total=1.5509  id=1.9982  tri=0.5400  orth=0.236688
  Val   — total=4.3380  id=7.2485  tri=0.7138


Epoch 026/150 Summary | LR=0.000278
  Train — total=1.5264  id=1.9717  tri=0.5292  orth=0.227008
  Val   — total=4.5420  id=7.6659  tri=0.7090


Epoch 027/150 Summary | LR=0.000277
  Train — total=1.4796  id=1.8755  tri=0.5302  orth=0.232972
  Val   — total=6.1958  id=10.9799  tri=0.7058


Epoch 028/150 Summary | LR=0.000275
  Train — total=1.4524  id=1.8427  tri=0.5191  orth=0.239171
  Val   — total=4.6477  id=7.8967  tri=0.6993


Epoch 029/150 Summary | LR=0.000273
  Train — total=1.4323  id=1.7809  tri=0.5299  orth=0.239864
  Val   — total=5.6713  id=9.9311  tri=0.7057


Epoch 030/150 Summary | LR=0.000271
  Train — total=1.3448  id=1.6551  tri=0.5050  orth=0.245706
  Val   — total=4.8587  id=8.3260  tri=0.6957

  WS Rank-1 (epoch 30): 62.00%
Best checkpoint saved (Rank-1=62.00%)
Checkpoint saved: experiments/fvgb_nogender_seed42/epoch_030.pth
Best checkpoint saved: experiments/fvgb_nogender_seed42/best.pth  (val_loss=4.8587)

Epoch 031/150 Summary | LR=0.000270
  Train — total=1.3579  id=1.6688  tri=0.5119  orth=0.232203
  Val   — total=5.2268  id=9.0555  tri=0.6991


Epoch 032/150 Summary | LR=0.000268
  Train — total=1.3084  id=1.5775  tri=0.5080  orth=0.233926
  Val   — total=5.1103  id=8.7975  tri=0.7115


Epoch 033/150 Summary | LR=0.000266
  Train — total=1.2483  id=1.4519  tri=0.5109  orth=0.227028
  Val   — total=5.4867  id=9.5730  tri=0.7002


Epoch 034/150 Summary | LR=0.000264
  Train — total=1.2798  id=1.5403  tri=0.4976  orth=0.240384
  Val   — total=5.2343  id=9.0995  tri=0.6846


Epoch 035/150 Summary | LR=0.000262
  Train — total=1.3315  id=1.5955  tri=0.5220  orth=0.236027
  Val   — total=5.4932  id=9.5647  tri=0.7108


Epoch 036/150 Summary | LR=0.000259
  Train — total=1.2020  id=1.3947  tri=0.4926  orth=0.240720
  Val   — total=5.2378  id=9.0638  tri=0.7059


Epoch 037/150 Summary | LR=0.000257
  Train — total=1.1922  id=1.3702  tri=0.4953  orth=0.236830
  Val   — total=4.5317  id=7.6639  tri=0.6997


Epoch 038/150 Summary | LR=0.000255
  Train — total=1.2551  id=1.4617  tri=0.5131  orth=0.222506
  Val   — total=4.8276  id=8.2267  tri=0.7143


Epoch 039/150 Summary | LR=0.000253
  Train — total=1.1995  id=1.3721  tri=0.5017  orth=0.235041
  Val   — total=4.4753  id=7.5327  tri=0.7090


Epoch 040/150 Summary | LR=0.000251
  Train — total=1.1524  id=1.2894  tri=0.4956  orth=0.242972
  Val   — total=4.6040  id=7.7888  tri=0.7096

  WS Rank-1 (epoch 40): 66.44%
Best checkpoint saved (Rank-1=66.44%)
Checkpoint saved: experiments/fvgb_nogender_seed42/epoch_040.pth
Best checkpoint saved: experiments/fvgb_nogender_seed42/best.pth  (val_loss=4.6040)

Epoch 041/150 Summary | LR=0.000248
  Train — total=1.1671  id=1.3268  tri=0.4928  orth=0.217901
  Val   — total=5.0356  id=8.6896  tri=0.6908


Epoch 042/150 Summary | LR=0.000246
  Train — total=1.1362  id=1.2502  tri=0.5000  orth=0.221593
  Val   — total=4.7653  id=8.1482  tri=0.6912


Epoch 043/150 Summary | LR=0.000243
  Train — total=1.0996  id=1.1828  tri=0.4970  orth=0.224179
  Val   — total=4.8964  id=8.4197  tri=0.6866


Epoch 044/150 Summary | LR=0.000241
  Train — total=1.0746  id=1.1305  tri=0.4992  orth=0.203697
  Val   — total=4.7491  id=8.1303  tri=0.6840


Epoch 045/150 Summary | LR=0.000238
  Train — total=1.0540  id=1.1101  tri=0.4881  orth=0.215439
  Val   — total=4.7514  id=8.1295  tri=0.6867


Epoch 046/150 Summary | LR=0.000236
  Train — total=1.0972  id=1.2057  tri=0.4828  orth=0.229914
  Val   — total=4.5507  id=7.7335  tri=0.6840


Epoch 047/150 Summary | LR=0.000233
  Train — total=1.0167  id=1.0840  tri=0.4632  orth=0.231578
  Val   — total=4.8905  id=8.3728  tri=0.7041


Epoch 048/150 Summary | LR=0.000231
  Train — total=1.0212  id=1.0583  tri=0.4810  orth=0.221498
  Val   — total=5.0289  id=8.6749  tri=0.6915


Epoch 049/150 Summary | LR=0.000228
  Train — total=1.0372  id=1.0877  tri=0.4826  orth=0.214446
  Val   — total=4.5154  id=7.6673  tri=0.6817


Epoch 050/150 Summary | LR=0.000225
  Train — total=1.0481  id=1.1029  tri=0.4868  orth=0.197044
  Val   — total=4.9706  id=8.5741  tri=0.6836

  WS Rank-1 (epoch 50): 69.33%
Best checkpoint saved (Rank-1=69.33%)
Checkpoint saved: experiments/fvgb_nogender_seed42/epoch_050.pth
Best checkpoint saved: experiments/fvgb_nogender_seed42/best.pth  (val_loss=4.9706)

Epoch 051/150 Summary | LR=0.000223
  Train — total=1.0215  id=1.0616  tri=0.4787  orth=0.240094
  Val   — total=4.5616  id=7.7365  tri=0.6934


Epoch 052/150 Summary | LR=0.000220
  Train — total=0.9378  id=0.8947  tri=0.4800  orth=0.208872
  Val   — total=4.5503  id=7.7310  tri=0.6848


Epoch 053/150 Summary | LR=0.000217
  Train — total=0.9716  id=0.9792  tri=0.4712  orth=0.215680
  Val   — total=5.1006  id=8.8212  tri=0.6900


Epoch 054/150 Summary | LR=0.000214
  Train — total=0.9636  id=0.9624  tri=0.4705  orth=0.236882
  Val   — total=4.9007  id=8.4334  tri=0.6840


Epoch 055/150 Summary | LR=0.000211
  Train — total=0.9041  id=0.8687  tri=0.4599  orth=0.197158
  Val   — total=4.8078  id=8.2329  tri=0.6913


Epoch 056/150 Summary | LR=0.000208
  Train — total=0.9358  id=0.9431  tri=0.4537  orth=0.211390
  Val   — total=4.6990  id=7.9854  tri=0.7063


Epoch 057/150 Summary | LR=0.000206
  Train — total=0.8353  id=0.8082  tri=0.4206  orth=0.213265
  Val   — total=4.7052  id=7.9947  tri=0.7079


Epoch 058/150 Summary | LR=0.000203
  Train — total=0.9511  id=0.9376  tri=0.4722  orth=0.202948
  Val   — total=4.6718  id=7.9383  tri=0.7026


Epoch 059/150 Summary | LR=0.000200
  Train — total=0.8881  id=0.8545  tri=0.4504  orth=0.210276
  Val   — total=4.6837  id=7.9761  tri=0.6956


Epoch 060/150 Summary | LR=0.000197
  Train — total=0.8313  id=0.7546  tri=0.4436  orth=0.206845
  Val   — total=4.5988  id=7.8133  tri=0.6921

  WS Rank-1 (epoch 60): 71.33%
Best checkpoint saved (Rank-1=71.33%)
Checkpoint saved: experiments/fvgb_nogender_seed42/epoch_060.pth
Best checkpoint saved: experiments/fvgb_nogender_seed42/best.pth  (val_loss=4.5988)

Epoch 061/150 Summary | LR=0.000194
  Train — total=0.8992  id=0.8629  tri=0.4570  orth=0.215481
  Val   — total=4.6697  id=7.9162  tri=0.7116


Epoch 062/150 Summary | LR=0.000191
  Train — total=0.8455  id=0.7668  tri=0.4511  orth=0.220865
  Val   — total=4.5591  id=7.7017  tri=0.7083


Epoch 063/150 Summary | LR=0.000188
  Train — total=0.7976  id=0.7201  tri=0.4273  orth=0.206690
  Val   — total=4.9047  id=8.4091  tri=0.7002


Epoch 064/150 Summary | LR=0.000185
  Train — total=0.8225  id=0.7450  tri=0.4400  orth=0.199967
  Val   — total=4.7724  id=8.1386  tri=0.7031


Epoch 065/150 Summary | LR=0.000182
  Train — total=0.7360  id=0.6162  tri=0.4174  orth=0.209732
  Val   — total=4.7306  id=8.0421  tri=0.7095


Epoch 066/150 Summary | LR=0.000179
  Train — total=0.7908  id=0.6755  tri=0.4431  orth=0.199504
  Val   — total=4.7639  id=8.1208  tri=0.7035


Epoch 067/150 Summary | LR=0.000175
  Train — total=0.8195  id=0.7260  tri=0.4468  orth=0.193578
  Val   — total=5.3257  id=9.2004  tri=0.7255


Epoch 068/150 Summary | LR=0.000172
  Train — total=0.7682  id=0.6302  tri=0.4427  orth=0.208186
  Val   — total=4.7000  id=7.9618  tri=0.7191


Epoch 069/150 Summary | LR=0.000169
  Train — total=0.7762  id=0.6741  tri=0.4291  orth=0.201576
  Val   — total=4.9617  id=8.4831  tri=0.7201


Epoch 070/150 Summary | LR=0.000166
  Train — total=0.8117  id=0.7083  tri=0.4468  orth=0.214718
  Val   — total=4.6980  id=7.9603  tri=0.7178

  WS Rank-1 (epoch 70): 68.44%
Checkpoint saved: experiments/fvgb_nogender_seed42/epoch_070.pth

Epoch 071/150 Summary | LR=0.000163
  Train — total=0.7447  id=0.6442  tri=0.4128  orth=0.197561
  Val   — total=4.4227  id=7.3887  tri=0.7283


Epoch 072/150 Summary | LR=0.000160
  Train — total=0.7039  id=0.5702  tri=0.4086  orth=0.204642
  Val   — total=5.0160  id=8.6212  tri=0.7054


Epoch 073/150 Summary | LR=0.000157
  Train — total=0.7481  id=0.6618  tri=0.4067  orth=0.209537
  Val   — total=4.5585  id=7.6804  tri=0.7183


Epoch 074/150 Summary | LR=0.000154
  Train — total=0.7194  id=0.6020  tri=0.4085  orth=0.197192
  Val   — total=4.7036  id=7.9249  tri=0.7411


Epoch 075/150 Summary | LR=0.000150
  Train — total=0.7266  id=0.6322  tri=0.4008  orth=0.193537
  Val   — total=4.4778  id=7.5022  tri=0.7267


Epoch 076/150 Summary | LR=0.000147
  Train — total=0.6669  id=0.5081  tri=0.4026  orth=0.204617
  Val   — total=4.8372  id=8.2150  tri=0.7297


Epoch 077/150 Summary | LR=0.000144
  Train — total=0.6785  id=0.5535  tri=0.3922  orth=0.190384
  Val   — total=4.7904  id=8.0822  tri=0.7493


Epoch 078/150 Summary | LR=0.000141
  Train — total=0.7576  id=0.6889  tri=0.4033  orth=0.196069
  Val   — total=4.4887  id=7.4832  tri=0.7471


Epoch 079/150 Summary | LR=0.000138
  Train — total=0.6701  id=0.5698  tri=0.3752  orth=0.201375
  Val   — total=4.6573  id=7.8182  tri=0.7483


Epoch 080/150 Summary | LR=0.000135
  Train — total=0.7072  id=0.6028  tri=0.3959  orth=0.199180
  Val   — total=4.8152  id=8.1116  tri=0.7594

  WS Rank-1 (epoch 80): 69.56%
Checkpoint saved: experiments/fvgb_nogender_seed42/epoch_080.pth

Epoch 081/150 Summary | LR=0.000132
  Train — total=0.6788  id=0.5447  tri=0.3962  orth=0.204156
  Val   — total=4.7967  id=8.0805  tri=0.7564


Epoch 082/150 Summary | LR=0.000129
  Train — total=0.6812  id=0.5733  tri=0.3845  orth=0.199765
  Val   — total=4.8266  id=8.1391  tri=0.7571


Epoch 083/150 Summary | LR=0.000126
  Train — total=0.6988  id=0.5902  tri=0.3939  orth=0.197373
  Val   — total=4.9398  id=8.3523  tri=0.7636


Epoch 084/150 Summary | LR=0.000122
  Train — total=0.6589  id=0.5476  tri=0.3748  orth=0.204648
  Val   — total=4.5730  id=7.6082  tri=0.7689


Epoch 085/150 Summary | LR=0.000119
  Train — total=0.6915  id=0.5783  tri=0.3920  orth=0.207704
  Val   — total=5.1506  id=8.7778  tri=0.7617


Epoch 086/150 Summary | LR=0.000116
  Train — total=0.6352  id=0.5125  tri=0.3687  orth=0.206562
  Val   — total=4.9894  id=8.4487  tri=0.7651


Epoch 087/150 Summary | LR=0.000113
  Train — total=0.5893  id=0.4719  tri=0.3434  orth=0.200167
  Val   — total=4.8769  id=8.2132  tri=0.7703


Epoch 088/150 Summary | LR=0.000110
  Train — total=0.6181  id=0.4692  tri=0.3736  orth=0.198232
  Val   — total=4.6846  id=7.8213  tri=0.7739


Epoch 089/150 Summary | LR=0.000107
  Train — total=0.6341  id=0.5077  tri=0.3703  orth=0.199578
  Val   — total=4.7009  id=7.8542  tri=0.7738


Epoch 090/150 Summary | LR=0.000104
  Train — total=0.6135  id=0.4912  tri=0.3577  orth=0.202928
  Val   — total=4.4951  id=7.4592  tri=0.7655

  WS Rank-1 (epoch 90): 72.67%
Best checkpoint saved (Rank-1=72.67%)
Checkpoint saved: experiments/fvgb_nogender_seed42/epoch_090.pth
Best checkpoint saved: experiments/fvgb_nogender_seed42/best.pth  (val_loss=4.4951)

Epoch 091/150 Summary | LR=0.000101
  Train — total=0.6188  id=0.4517  tri=0.3833  orth=0.194130
  Val   — total=4.5138  id=7.4718  tri=0.7779


Epoch 092/150 Summary | LR=0.000098
  Train — total=0.5724  id=0.4481  tri=0.3384  orth=0.199359
  Val   — total=4.6743  id=7.7795  tri=0.7846


Epoch 093/150 Summary | LR=0.000095
  Train — total=0.5985  id=0.4586  tri=0.3595  orth=0.195328
  Val   — total=4.6469  id=7.7183  tri=0.7877


Epoch 094/150 Summary | LR=0.000093
  Train — total=0.6279  id=0.5296  tri=0.3533  orth=0.196013
  Val   — total=4.5791  id=7.5813  tri=0.7884


Epoch 095/150 Summary | LR=0.000090
  Train — total=0.5343  id=0.4154  tri=0.3171  orth=0.191310
  Val   — total=4.6837  id=7.7787  tri=0.7943


Epoch 096/150 Summary | LR=0.000087
  Train — total=0.6560  id=0.5240  tri=0.3842  orth=0.196607
  Val   — total=4.7302  id=7.8669  tri=0.7967


Epoch 097/150 Summary | LR=0.000084
  Train — total=0.5501  id=0.4151  tri=0.3327  orth=0.196137
  Val   — total=4.6780  id=7.7700  tri=0.7930


Epoch 098/150 Summary | LR=0.000081
  Train — total=0.6172  id=0.4710  tri=0.3725  orth=0.185878
  Val   — total=4.7323  id=7.8755  tri=0.7945


Epoch 099/150 Summary | LR=0.000078
  Train — total=0.5931  id=0.4401  tri=0.3628  orth=0.204073
  Val   — total=4.6123  id=7.6560  tri=0.7843


Epoch 100/150 Summary | LR=0.000076
  Train — total=0.6202  id=0.4777  tri=0.3713  orth=0.200377
  Val   — total=4.8808  id=8.1964  tri=0.7825

  WS Rank-1 (epoch 100): 72.67%
Checkpoint saved: experiments/fvgb_nogender_seed42/epoch_100.pth

Epoch 101/150 Summary | LR=0.000073
  Train — total=0.5053  id=0.3867  tri=0.3017  orth=0.205157
  Val   — total=4.8608  id=8.1466  tri=0.7875


Epoch 102/150 Summary | LR=0.000070
  Train — total=0.6042  id=0.4864  tri=0.3507  orth=0.206746
  Val   — total=4.7440  id=7.8939  tri=0.7970


Epoch 103/150 Summary | LR=0.000068
  Train — total=0.5175  id=0.3781  tri=0.3178  orth=0.212278
  Val   — total=4.6110  id=7.6279  tri=0.7970


Epoch 104/150 Summary | LR=0.000065
  Train — total=0.5321  id=0.4069  tri=0.3182  orth=0.209182
  Val   — total=4.5549  id=7.5091  tri=0.8003


Epoch 105/150 Summary | LR=0.000063
  Train — total=0.5439  id=0.4038  tri=0.3321  orth=0.198742
  Val   — total=4.5756  id=7.5327  tri=0.8092


Epoch 106/150 Summary | LR=0.000060
  Train — total=0.5501  id=0.4354  tri=0.3228  orth=0.192174
  Val   — total=4.6479  id=7.6812  tri=0.8073


Epoch 107/150 Summary | LR=0.000058
  Train — total=0.4743  id=0.3205  tri=0.3044  orth=0.192302
  Val   — total=4.8448  id=8.0621  tri=0.8137


Epoch 108/150 Summary | LR=0.000055
  Train — total=0.4683  id=0.3674  tri=0.2747  orth=0.197614
  Val   — total=4.7064  id=7.7853  tri=0.8138


Epoch 109/150 Summary | LR=0.000053
  Train — total=0.5846  id=0.4742  tri=0.3382  orth=0.186763
  Val   — total=4.6881  id=7.7643  tri=0.8060


Epoch 110/150 Summary | LR=0.000050
  Train — total=0.5170  id=0.4165  tri=0.2991  orth=0.194004
  Val   — total=4.5844  id=7.5765  tri=0.7962

  WS Rank-1 (epoch 110): 71.33%
Checkpoint saved: experiments/fvgb_nogender_seed42/epoch_110.pth

Epoch 111/150 Summary | LR=0.000048
  Train — total=0.4634  id=0.3211  tri=0.2928  orth=0.200796
  Val   — total=4.5648  id=7.5272  tri=0.8012


Epoch 112/150 Summary | LR=0.000046
  Train — total=0.5061  id=0.3882  tri=0.3021  orth=0.197333
  Val   — total=4.6825  id=7.7446  tri=0.8102


Epoch 113/150 Summary | LR=0.000044
  Train — total=0.5003  id=0.4248  tri=0.2782  orth=0.195267
  Val   — total=4.8153  id=8.0002  tri=0.8152


Epoch 114/150 Summary | LR=0.000042
  Train — total=0.4488  id=0.3332  tri=0.2726  orth=0.192849
  Val   — total=4.6610  id=7.6829  tri=0.8195


Epoch 115/150 Summary | LR=0.000039
  Train — total=0.4934  id=0.4158  tri=0.2759  orth=0.192831
  Val   — total=4.5884  id=7.5405  tri=0.8182


Epoch 116/150 Summary | LR=0.000037
  Train — total=0.5169  id=0.4141  tri=0.2998  orth=0.201218
  Val   — total=4.6520  id=7.6637  tri=0.8202


Epoch 117/150 Summary | LR=0.000035
  Train — total=0.4820  id=0.3746  tri=0.2853  orth=0.188240
  Val   — total=4.7590  id=7.8664  tri=0.8258


Epoch 118/150 Summary | LR=0.000033
  Train — total=0.4786  id=0.3902  tri=0.2736  orth=0.197762
  Val   — total=4.6615  id=7.6889  tri=0.8170


Epoch 119/150 Summary | LR=0.000031
  Train — total=0.4863  id=0.3726  tri=0.2908  orth=0.185491
  Val   — total=4.7148  id=7.7912  tri=0.8193


Epoch 120/150 Summary | LR=0.000030
  Train — total=0.5075  id=0.3957  tri=0.2998  orth=0.195745
  Val   — total=4.7074  id=7.7801  tri=0.8174

  WS Rank-1 (epoch 120): 73.56%
Best checkpoint saved (Rank-1=73.56%)
Checkpoint saved: experiments/fvgb_nogender_seed42/epoch_120.pth
Best checkpoint saved: experiments/fvgb_nogender_seed42/best.pth  (val_loss=4.7074)

Epoch 121/150 Summary | LR=0.000028
  Train — total=0.4526  id=0.3707  tri=0.2575  orth=0.195980
  Val   — total=4.7821  id=7.9176  tri=0.8233


Epoch 122/150 Summary | LR=0.000026
  Train — total=0.4551  id=0.3442  tri=0.2734  orth=0.191525
  Val   — total=4.7412  id=7.8187  tri=0.8318


Epoch 123/150 Summary | LR=0.000024
  Train — total=0.4384  id=0.3385  tri=0.2594  orth=0.193136
  Val   — total=4.6801  id=7.6973  tri=0.8314


Epoch 124/150 Summary | LR=0.000023
  Train — total=0.4611  id=0.3647  tri=0.2692  orth=0.189917
  Val   — total=4.6680  id=7.6699  tri=0.8330


Epoch 125/150 Summary | LR=0.000021
  Train — total=0.4307  id=0.3315  tri=0.2549  orth=0.200954
  Val   — total=4.6913  id=7.7314  tri=0.8256


Epoch 126/150 Summary | LR=0.000019
  Train — total=0.4504  id=0.3417  tri=0.2698  orth=0.195138
  Val   — total=4.7028  id=7.7592  tri=0.8232


Epoch 127/150 Summary | LR=0.000018
  Train — total=0.4473  id=0.3233  tri=0.2762  orth=0.187851
  Val   — total=4.6927  id=7.7336  tri=0.8259


Epoch 128/150 Summary | LR=0.000017
  Train — total=0.4263  id=0.3225  tri=0.2553  orth=0.195428
  Val   — total=4.7056  id=7.7548  tri=0.8281


Epoch 129/150 Summary | LR=0.000015
  Train — total=0.4839  id=0.3955  tri=0.2764  orth=0.195330
  Val   — total=4.6815  id=7.7090  tri=0.8270


Epoch 130/150 Summary | LR=0.000014
  Train — total=0.4459  id=0.3426  tri=0.2650  orth=0.192300
  Val   — total=4.6527  id=7.6451  tri=0.8301

  WS Rank-1 (epoch 130): 74.22%
Best checkpoint saved (Rank-1=74.22%)
Checkpoint saved: experiments/fvgb_nogender_seed42/epoch_130.pth
Best checkpoint saved: experiments/fvgb_nogender_seed42/best.pth  (val_loss=4.6527)

Epoch 131/150 Summary | LR=0.000013
  Train — total=0.4223  id=0.2962  tri=0.2648  orth=0.188383
  Val   — total=4.6536  id=7.6434  tri=0.8319


Epoch 132/150 Summary | LR=0.000011
  Train — total=0.4899  id=0.4037  tri=0.2790  orth=0.180868
  Val   — total=4.6497  id=7.6329  tri=0.8332


Epoch 133/150 Summary | LR=0.000010
  Train — total=0.4527  id=0.3452  tri=0.2704  orth=0.195804
  Val   — total=4.6259  id=7.5843  tri=0.8337


Epoch 134/150 Summary | LR=0.000009
  Train — total=0.4294  id=0.3229  tri=0.2584  orth=0.190407
  Val   — total=4.6205  id=7.5758  tri=0.8326


Epoch 135/150 Summary | LR=0.000008
  Train — total=0.4706  id=0.3616  tri=0.2800  orth=0.197043
  Val   — total=4.6048  id=7.5473  tri=0.8311


Epoch 136/150 Summary | LR=0.000007
  Train — total=0.4654  id=0.3710  tri=0.2703  orth=0.190651
  Val   — total=4.6615  id=7.6561  tri=0.8335


Epoch 137/150 Summary | LR=0.000007
  Train — total=0.4400  id=0.3073  tri=0.2769  orth=0.189575
  Val   — total=4.6636  id=7.6641  tri=0.8315


Epoch 138/150 Summary | LR=0.000006
  Train — total=0.4536  id=0.3292  tri=0.2796  orth=0.188332
  Val   — total=4.6629  id=7.6632  tri=0.8313


Epoch 139/150 Summary | LR=0.000005
  Train — total=0.4233  id=0.2949  tri=0.2664  orth=0.191034
  Val   — total=4.6546  id=7.6485  tri=0.8304


Epoch 140/150 Summary | LR=0.000004
  Train — total=0.4380  id=0.3112  tri=0.2727  orth=0.194546
  Val   — total=4.6556  id=7.6547  tri=0.8282

  WS Rank-1 (epoch 140): 73.33%
Checkpoint saved: experiments/fvgb_nogender_seed42/epoch_140.pth

Epoch 141/150 Summary | LR=0.000004
  Train — total=0.4387  id=0.3467  tri=0.2559  orth=0.189249
  Val   — total=4.6611  id=7.6630  tri=0.8296


Epoch 142/150 Summary | LR=0.000003
  Train — total=0.4419  id=0.3203  tri=0.2723  orth=0.190821
  Val   — total=4.6541  id=7.6488  tri=0.8297


Epoch 143/150 Summary | LR=0.000003
  Train — total=0.4225  id=0.2998  tri=0.2629  orth=0.195028
  Val   — total=4.6269  id=7.5935  tri=0.8301


Epoch 144/150 Summary | LR=0.000002
  Train — total=0.4294  id=0.3046  tri=0.2674  orth=0.193378
  Val   — total=4.6337  id=7.6074  tri=0.8300


Epoch 145/150 Summary | LR=0.000002
  Train — total=0.4851  id=0.3834  tri=0.2839  orth=0.190419
  Val   — total=4.6157  id=7.5701  tri=0.8307


Epoch 146/150 Summary | LR=0.000002
  Train — total=0.4368  id=0.3439  tri=0.2555  orth=0.187512
  Val   — total=4.6514  id=7.6406  tri=0.8311


Epoch 147/150 Summary | LR=0.000001
  Train — total=0.4618  id=0.3417  tri=0.2814  orth=0.191166
  Val   — total=4.6473  id=7.6340  tri=0.8303


Epoch 148/150 Summary | LR=0.000001
  Train — total=0.4885  id=0.3827  tri=0.2875  orth=0.193685
  Val   — total=4.6805  id=7.6996  tri=0.8307


Epoch 149/150 Summary | LR=0.000001
  Train — total=0.4040  id=0.2872  tri=0.2511  orth=0.184944
  Val   — total=4.6311  id=7.5985  tri=0.8318


Epoch 150/150 Summary | LR=0.000001
  Train — total=0.4520  id=0.3245  tri=0.2804  orth=0.187097
  Val   — total=4.6617  id=7.6582  tri=0.8326

  WS Rank-1 (epoch 150): 73.56%
Checkpoint saved: experiments/fvgb_nogender_seed42/epoch_150.pth
Training complete.
