Device: cuda
PKSampler ready: 74 male + 44 female identities, P=8 (balanced), K=4, batch_size=32
PKSampler: P=8 identities × K=4 samples = batch_size=32
Loaded checkpoint from epoch 130

Extracting val features for t-SNE...
Val samples: 216
Unique identities: 18

Running t-SNE: Embedding -- by Identity...
Running t-SNE...
t-SNE plot saved to experiments/fvgb_seed2024/plots/tsne_identity.png
  Saved: experiments/fvgb_seed2024/plots/tsne_embedding_identity.png

Running t-SNE: Fm -- by Identity...
Running t-SNE...
t-SNE plot saved to experiments/fvgb_seed2024/plots/tsne_identity.png
  Saved: experiments/fvgb_seed2024/plots/tsne_Fm_identity.png

Running t-SNE: Fk -- by Identity...
Running t-SNE...
t-SNE plot saved to experiments/fvgb_seed2024/plots/tsne_identity.png
  Saved: experiments/fvgb_seed2024/plots/tsne_Fk_identity.png

Running t-SNE: Fm -- by Gender...
Running t-SNE...
t-SNE plot saved to experiments/fvgb_seed2024/plots/tsne_gender.png
  Saved: experiments/fvgb_seed2024/plots/tsne_Fm_gender.png

Running t-SNE: Fk -- by Gender...
Running t-SNE...
t-SNE plot saved to experiments/fvgb_seed2024/plots/tsne_gender.png
  Saved: experiments/fvgb_seed2024/plots/tsne_Fk_gender.png

t-SNE complete.
