Gender supervision DISABLED (w_gender=0.0, no gender head)
Dataset: fvgb
Seed: 2024
Graph: enabled
Morphology backbone: custom
Device: cuda
PKSampler ready: 74 male + 44 female identities, P=8 (balanced), K=4, batch_size=32
PKSampler: P=8 identities × K=4 samples = batch_size=32

DatasetMeta: name=fvgb  has_gender=False  has_age=False
Training identities: 136
Train batches:       11
Val batches:         14
Test subjects:       90
  WS: gallery=90  probe=450
  BGHT: gallery=60  probe=180
  CL: gallery=30  probe=90
  MP: gallery=30  probe=90
  ALL: gallery=90  probe=1134

Parameter breakdown:
  morph_encoder (custom)  1,568,992
  motion_encoder        4,703,008
  identity_head           595,456
  graph                   525,313
  total                 7,392,769

Starting training from epoch 1 to 150


Epoch 001/150 Summary | LR=0.000300
  Train — total=3.3551  id=5.1829  tri=0.7382  orth=0.508339
  Val   — total=3.0384  id=4.9254  tri=0.5757


Epoch 002/150 Summary | LR=0.000300
  Train — total=3.0521  id=4.6522  tri=0.6918  orth=0.686135
  Val   — total=3.1700  id=4.9315  tri=0.7042


Epoch 003/150 Summary | LR=0.000300
  Train — total=2.7734  id=4.2126  tri=0.6370  orth=0.601576
  Val   — total=3.2106  id=4.9454  tri=0.7378


Epoch 004/150 Summary | LR=0.000299
  Train — total=2.6930  id=4.0803  tri=0.6255  orth=0.546465
  Val   — total=3.2189  id=5.0650  tri=0.6864


Epoch 005/150 Summary | LR=0.000299
  Train — total=2.5324  id=3.8084  tri=0.6006  orth=0.551274
  Val   — total=3.3938  id=5.4362  tri=0.6757


Epoch 006/150 Summary | LR=0.000299
  Train — total=2.3921  id=3.5794  tri=0.5804  orth=0.438749
  Val   — total=3.4088  id=5.3540  tri=0.7318


Epoch 007/150 Summary | LR=0.000298
  Train — total=2.3405  id=3.4430  tri=0.5974  orth=0.432642
  Val   — total=3.6958  id=5.9630  tri=0.7143


Epoch 008/150 Summary | LR=0.000298
  Train — total=2.2615  id=3.3616  tri=0.5617  orth=0.378550
  Val   — total=4.8291  id=8.1880  tri=0.7351


Epoch 009/150 Summary | LR=0.000297
  Train — total=2.3012  id=3.3230  tri=0.6181  orth=0.432904
  Val   — total=4.9890  id=8.5562  tri=0.7109


Epoch 010/150 Summary | LR=0.000297
  Train — total=2.1667  id=3.1500  tri=0.5734  orth=0.366184
  Val   — total=4.7250  id=8.0034  tri=0.7233

  WS Rank-1 (epoch 10): 44.67%
Best checkpoint saved (Rank-1=44.67%)
Checkpoint saved: experiments/fvgb_nogender_seed2024/epoch_010.pth
Best checkpoint saved: experiments/fvgb_nogender_seed2024/best.pth  (val_loss=4.7250)

Epoch 011/150 Summary | LR=0.000296
  Train — total=2.1123  id=3.0243  tri=0.5814  orth=0.376687
  Val   — total=4.1751  id=6.9171  tri=0.7165


Epoch 012/150 Summary | LR=0.000295
  Train — total=2.0235  id=2.8791  tri=0.5669  orth=0.340648
  Val   — total=4.0469  id=6.6743  tri=0.7098


Epoch 013/150 Summary | LR=0.000294
  Train — total=1.9222  id=2.6917  tri=0.5596  orth=0.333448
  Val   — total=4.8107  id=8.1826  tri=0.7193


Epoch 014/150 Summary | LR=0.000294
  Train — total=1.9531  id=2.7459  tri=0.5634  orth=0.334839
  Val   — total=4.2729  id=7.1711  tri=0.6874


Epoch 015/150 Summary | LR=0.000293
  Train — total=1.8672  id=2.5942  tri=0.5554  orth=0.293683
  Val   — total=5.2871  id=9.1752  tri=0.6995


Epoch 016/150 Summary | LR=0.000292
  Train — total=1.7594  id=2.4031  tri=0.5428  orth=0.301089
  Val   — total=4.2025  id=6.9925  tri=0.7063


Epoch 017/150 Summary | LR=0.000291
  Train — total=1.6877  id=2.2542  tri=0.5455  orth=0.301467
  Val   — total=4.4996  id=7.6102  tri=0.6945


Epoch 018/150 Summary | LR=0.000290
  Train — total=1.7338  id=2.3493  tri=0.5446  orth=0.291981
  Val   — total=4.8850  id=8.3678  tri=0.7011


Epoch 019/150 Summary | LR=0.000288
  Train — total=1.7239  id=2.3409  tri=0.5409  orth=0.250191
  Val   — total=4.3827  id=7.3455  tri=0.7099


Epoch 020/150 Summary | LR=0.000287
  Train — total=1.6629  id=2.2276  tri=0.5350  orth=0.280522
  Val   — total=4.2649  id=7.1211  tri=0.7043

  WS Rank-1 (epoch 20): 57.33%
Best checkpoint saved (Rank-1=57.33%)
Checkpoint saved: experiments/fvgb_nogender_seed2024/epoch_020.pth
Best checkpoint saved: experiments/fvgb_nogender_seed2024/best.pth  (val_loss=4.2649)

Epoch 021/150 Summary | LR=0.000286
  Train — total=1.5647  id=2.0558  tri=0.5229  orth=0.278373
  Val   — total=4.4722  id=7.5245  tri=0.7099


Epoch 022/150 Summary | LR=0.000284
  Train — total=1.5889  id=2.0864  tri=0.5331  orth=0.252784
  Val   — total=4.4462  id=7.4703  tri=0.7110


Epoch 023/150 Summary | LR=0.000283
  Train — total=1.5653  id=2.0437  tri=0.5307  orth=0.255818
  Val   — total=4.9557  id=8.4932  tri=0.7091


Epoch 024/150 Summary | LR=0.000282
  Train — total=1.5129  id=1.9670  tri=0.5162  orth=0.262411
  Val   — total=4.5206  id=7.6095  tri=0.7158


Epoch 025/150 Summary | LR=0.000280
  Train — total=1.5005  id=1.9023  tri=0.5367  orth=0.252467
  Val   — total=4.2600  id=7.1108  tri=0.7046


Epoch 026/150 Summary | LR=0.000278
  Train — total=1.3971  id=1.7541  tri=0.5087  orth=0.228596
  Val   — total=4.3024  id=7.2260  tri=0.6894


Epoch 027/150 Summary | LR=0.000277
  Train — total=1.3804  id=1.7032  tri=0.5177  orth=0.222488
  Val   — total=4.2712  id=7.1561  tri=0.6932


Epoch 028/150 Summary | LR=0.000275
  Train — total=1.3859  id=1.7117  tri=0.5183  orth=0.235485
  Val   — total=4.3084  id=7.1783  tri=0.7193


Epoch 029/150 Summary | LR=0.000273
  Train — total=1.4044  id=1.7344  tri=0.5256  orth=0.232781
  Val   — total=4.3696  id=7.3220  tri=0.7086


Epoch 030/150 Summary | LR=0.000271
  Train — total=1.3671  id=1.6472  tri=0.5309  orth=0.251453
  Val   — total=5.0501  id=8.7013  tri=0.6994

  WS Rank-1 (epoch 30): 63.56%
Best checkpoint saved (Rank-1=63.56%)
Checkpoint saved: experiments/fvgb_nogender_seed2024/epoch_030.pth
Best checkpoint saved: experiments/fvgb_nogender_seed2024/best.pth  (val_loss=5.0501)

Epoch 031/150 Summary | LR=0.000270
  Train — total=1.3080  id=1.5717  tri=0.5106  orth=0.231874
  Val   — total=4.4962  id=7.6146  tri=0.6889


Epoch 032/150 Summary | LR=0.000268
  Train — total=1.2905  id=1.5432  tri=0.5069  orth=0.240651
  Val   — total=4.3558  id=7.3281  tri=0.6917


Epoch 033/150 Summary | LR=0.000266
  Train — total=1.2294  id=1.4364  tri=0.4994  orth=0.236910
  Val   — total=4.4738  id=7.5560  tri=0.6959


Epoch 034/150 Summary | LR=0.000264
  Train — total=1.2760  id=1.5165  tri=0.5048  orth=0.260540
  Val   — total=4.5860  id=7.7763  tri=0.6978


Epoch 035/150 Summary | LR=0.000262
  Train — total=1.1887  id=1.3661  tri=0.4942  orth=0.228865
  Val   — total=4.7591  id=8.1474  tri=0.6855


Epoch 036/150 Summary | LR=0.000259
  Train — total=1.3177  id=1.5744  tri=0.5190  orth=0.230407
  Val   — total=5.1535  id=8.9208  tri=0.6931


Epoch 037/150 Summary | LR=0.000257
  Train — total=1.1474  id=1.3069  tri=0.4825  orth=0.229092
  Val   — total=4.7744  id=8.1206  tri=0.7141


Epoch 038/150 Summary | LR=0.000255
  Train — total=1.2094  id=1.3850  tri=0.5056  orth=0.227179
  Val   — total=4.7993  id=8.2231  tri=0.6878


Epoch 039/150 Summary | LR=0.000253
  Train — total=1.1097  id=1.2010  tri=0.4984  orth=0.216201
  Val   — total=4.7369  id=8.0994  tri=0.6872


Epoch 040/150 Summary | LR=0.000251
  Train — total=1.2006  id=1.3819  tri=0.4985  orth=0.224704
  Val   — total=4.6234  id=7.8873  tri=0.6798

  WS Rank-1 (epoch 40): 66.22%
Best checkpoint saved (Rank-1=66.22%)
Checkpoint saved: experiments/fvgb_nogender_seed2024/epoch_040.pth
Best checkpoint saved: experiments/fvgb_nogender_seed2024/best.pth  (val_loss=4.6234)

Epoch 041/150 Summary | LR=0.000248
  Train — total=1.1363  id=1.2596  tri=0.4954  orth=0.222779
  Val   — total=4.4959  id=7.6341  tri=0.6788


Epoch 042/150 Summary | LR=0.000246
  Train — total=1.0785  id=1.1562  tri=0.4892  orth=0.224386
  Val   — total=4.1791  id=6.9862  tri=0.6860


Epoch 043/150 Summary | LR=0.000243
  Train — total=1.0013  id=1.0588  tri=0.4604  orth=0.229586
  Val   — total=4.4180  id=7.4370  tri=0.6995


Epoch 044/150 Summary | LR=0.000241
  Train — total=1.0560  id=1.1166  tri=0.4869  orth=0.216142
  Val   — total=4.6896  id=7.9870  tri=0.6961


Epoch 045/150 Summary | LR=0.000238
  Train — total=1.0251  id=1.0749  tri=0.4770  orth=0.214117
  Val   — total=4.7283  id=8.0822  tri=0.6872


Epoch 046/150 Summary | LR=0.000236
  Train — total=1.0232  id=1.0789  tri=0.4727  orth=0.221351
  Val   — total=5.3137  id=9.2285  tri=0.6995


Epoch 047/150 Summary | LR=0.000233
  Train — total=1.0203  id=1.0573  tri=0.4805  orth=0.224498
  Val   — total=4.5446  id=7.7020  tri=0.6936


Epoch 048/150 Summary | LR=0.000231
  Train — total=0.9656  id=0.9679  tri=0.4703  orth=0.225758
  Val   — total=4.6594  id=7.9312  tri=0.6938


Epoch 049/150 Summary | LR=0.000228
  Train — total=0.9941  id=1.0178  tri=0.4740  orth=0.222868
  Val   — total=4.6642  id=7.9375  tri=0.6955


Epoch 050/150 Summary | LR=0.000225
  Train — total=0.9771  id=0.9840  tri=0.4744  orth=0.213972
  Val   — total=4.7587  id=8.1219  tri=0.6977

  WS Rank-1 (epoch 50): 69.56%
Best checkpoint saved (Rank-1=69.56%)
Checkpoint saved: experiments/fvgb_nogender_seed2024/epoch_050.pth
Best checkpoint saved: experiments/fvgb_nogender_seed2024/best.pth  (val_loss=4.7587)

Epoch 051/150 Summary | LR=0.000223
  Train — total=0.8792  id=0.8251  tri=0.4558  orth=0.216802
  Val   — total=4.7643  id=8.1468  tri=0.6909


Epoch 052/150 Summary | LR=0.000220
  Train — total=0.9623  id=0.9404  tri=0.4823  orth=0.197328
  Val   — total=4.7876  id=8.1765  tri=0.6993


Epoch 053/150 Summary | LR=0.000217
  Train — total=0.9849  id=0.9808  tri=0.4833  orth=0.224663
  Val   — total=4.8472  id=8.2952  tri=0.6996


Epoch 054/150 Summary | LR=0.000214
  Train — total=0.8955  id=0.8622  tri=0.4532  orth=0.222529
  Val   — total=5.1563  id=8.9080  tri=0.7023


Epoch 055/150 Summary | LR=0.000211
  Train — total=0.8945  id=0.8501  tri=0.4588  orth=0.214455
  Val   — total=4.6210  id=7.8416  tri=0.7003


Epoch 056/150 Summary | LR=0.000208
  Train — total=0.8763  id=0.8367  tri=0.4469  orth=0.219645
  Val   — total=4.7892  id=8.1555  tri=0.7114


Epoch 057/150 Summary | LR=0.000206
  Train — total=0.9492  id=0.9367  tri=0.4707  orth=0.201752
  Val   — total=4.6939  id=7.9720  tri=0.7079


Epoch 058/150 Summary | LR=0.000203
  Train — total=0.8554  id=0.8032  tri=0.4437  orth=0.201139
  Val   — total=4.9767  id=8.5545  tri=0.6994


Epoch 059/150 Summary | LR=0.000200
  Train — total=0.9135  id=0.8634  tri=0.4715  orth=0.205006
  Val   — total=4.9670  id=8.5171  tri=0.7085


Epoch 060/150 Summary | LR=0.000197
  Train — total=0.8681  id=0.8329  tri=0.4414  orth=0.205313
  Val   — total=4.3387  id=7.2667  tri=0.7053

  WS Rank-1 (epoch 60): 65.78%
Checkpoint saved: experiments/fvgb_nogender_seed2024/epoch_060.pth

Epoch 061/150 Summary | LR=0.000194
  Train — total=0.8053  id=0.7160  tri=0.4365  orth=0.215826
  Val   — total=4.8098  id=8.2035  tri=0.7080


Epoch 062/150 Summary | LR=0.000191
  Train — total=0.8375  id=0.7465  tri=0.4537  orth=0.210848
  Val   — total=4.9172  id=8.4129  tri=0.7108


Epoch 063/150 Summary | LR=0.000188
  Train — total=0.8672  id=0.8166  tri=0.4487  orth=0.203056
  Val   — total=4.8314  id=8.2717  tri=0.6955


Epoch 064/150 Summary | LR=0.000185
  Train — total=0.8282  id=0.7445  tri=0.4455  orth=0.208496
  Val   — total=4.7027  id=8.0056  tri=0.6999


Epoch 065/150 Summary | LR=0.000182
  Train — total=0.7752  id=0.6617  tri=0.4342  orth=0.204013
  Val   — total=4.6157  id=7.8324  tri=0.6995


Epoch 066/150 Summary | LR=0.000179
  Train — total=0.8108  id=0.7081  tri=0.4469  orth=0.198061
  Val   — total=4.6510  id=7.9086  tri=0.6967


Epoch 067/150 Summary | LR=0.000175
  Train — total=0.7796  id=0.6688  tri=0.4347  orth=0.209228
  Val   — total=4.4998  id=7.5853  tri=0.7071


Epoch 068/150 Summary | LR=0.000172
  Train — total=0.7854  id=0.6959  tri=0.4271  orth=0.206025
  Val   — total=4.6013  id=7.7814  tri=0.7106


Epoch 069/150 Summary | LR=0.000169
  Train — total=0.7796  id=0.6698  tri=0.4341  orth=0.212363
  Val   — total=4.7307  id=8.0409  tri=0.7103


Epoch 070/150 Summary | LR=0.000166
  Train — total=0.7727  id=0.6852  tri=0.4199  orth=0.204210
  Val   — total=4.6090  id=7.7843  tri=0.7168

  WS Rank-1 (epoch 70): 70.00%
Best checkpoint saved (Rank-1=70.00%)
Checkpoint saved: experiments/fvgb_nogender_seed2024/epoch_070.pth
Best checkpoint saved: experiments/fvgb_nogender_seed2024/best.pth  (val_loss=4.6090)

Epoch 071/150 Summary | LR=0.000163
  Train — total=0.7122  id=0.5863  tri=0.4087  orth=0.206863
  Val   — total=4.4088  id=7.3636  tri=0.7270


Epoch 072/150 Summary | LR=0.000160
  Train — total=0.7490  id=0.6414  tri=0.4181  orth=0.204653
  Val   — total=4.5760  id=7.7047  tri=0.7236


Epoch 073/150 Summary | LR=0.000157
  Train — total=0.7881  id=0.6828  tri=0.4372  orth=0.190024
  Val   — total=4.6676  id=7.8986  tri=0.7183


Epoch 074/150 Summary | LR=0.000154
  Train — total=0.6957  id=0.5617  tri=0.4054  orth=0.189257
  Val   — total=4.6673  id=7.8856  tri=0.7245


Epoch 075/150 Summary | LR=0.000150
  Train — total=0.7266  id=0.5950  tri=0.4187  orth=0.207958
  Val   — total=5.3919  id=9.3453  tri=0.7193


Epoch 076/150 Summary | LR=0.000147
  Train — total=0.6972  id=0.5723  tri=0.4008  orth=0.206257
  Val   — total=4.6784  id=7.9039  tri=0.7265


Epoch 077/150 Summary | LR=0.000144
  Train — total=0.7173  id=0.5886  tri=0.4130  orth=0.199276
  Val   — total=4.6299  id=7.7758  tri=0.7420


Epoch 078/150 Summary | LR=0.000141
  Train — total=0.7056  id=0.5721  tri=0.4094  orth=0.202321
  Val   — total=4.8761  id=8.2855  tri=0.7334


Epoch 079/150 Summary | LR=0.000138
  Train — total=0.6498  id=0.5077  tri=0.3861  orth=0.196940
  Val   — total=4.6539  id=7.8483  tri=0.7298


Epoch 080/150 Summary | LR=0.000135
  Train — total=0.6886  id=0.5679  tri=0.3951  orth=0.192028
  Val   — total=4.6026  id=7.7672  tri=0.7190

  WS Rank-1 (epoch 80): 69.11%
Checkpoint saved: experiments/fvgb_nogender_seed2024/epoch_080.pth

Epoch 081/150 Summary | LR=0.000132
  Train — total=0.6845  id=0.5846  tri=0.3821  orth=0.202051
  Val   — total=4.6494  id=7.8352  tri=0.7319


Epoch 082/150 Summary | LR=0.000129
  Train — total=0.7026  id=0.5733  tri=0.4063  orth=0.194137
  Val   — total=4.6444  id=7.8215  tri=0.7336


Epoch 083/150 Summary | LR=0.000126
  Train — total=0.6625  id=0.5087  tri=0.3985  orth=0.193269
  Val   — total=4.7431  id=8.0084  tri=0.7389


Epoch 084/150 Summary | LR=0.000122
  Train — total=0.6946  id=0.5785  tri=0.3957  orth=0.192409
  Val   — total=4.7170  id=7.9507  tri=0.7417


Epoch 085/150 Summary | LR=0.000119
  Train — total=0.6208  id=0.4737  tri=0.3744  orth=0.190618
  Val   — total=5.0465  id=8.6086  tri=0.7421


Epoch 086/150 Summary | LR=0.000116
  Train — total=0.6014  id=0.4358  tri=0.3734  orth=0.200367
  Val   — total=4.8134  id=8.1392  tri=0.7438


Epoch 087/150 Summary | LR=0.000113
  Train — total=0.6310  id=0.5009  tri=0.3709  orth=0.193667
  Val   — total=4.6820  id=7.8757  tri=0.7442


Epoch 088/150 Summary | LR=0.000110
  Train — total=0.5928  id=0.4408  tri=0.3622  orth=0.205502
  Val   — total=4.6397  id=7.7932  tri=0.7431


Epoch 089/150 Summary | LR=0.000107
  Train — total=0.6049  id=0.4697  tri=0.3600  orth=0.200414
  Val   — total=4.6581  id=7.8002  tri=0.7580


Epoch 090/150 Summary | LR=0.000104
  Train — total=0.6022  id=0.4687  tri=0.3580  orth=0.196692
  Val   — total=4.6109  id=7.7103  tri=0.7557

  WS Rank-1 (epoch 90): 68.89%
Checkpoint saved: experiments/fvgb_nogender_seed2024/epoch_090.pth

Epoch 091/150 Summary | LR=0.000101
  Train — total=0.6411  id=0.5208  tri=0.3711  orth=0.190612
  Val   — total=4.5436  id=7.5794  tri=0.7539


Epoch 092/150 Summary | LR=0.000098
  Train — total=0.5764  id=0.4263  tri=0.3532  orth=0.201825
  Val   — total=4.8438  id=8.1837  tri=0.7519


Epoch 093/150 Summary | LR=0.000095
  Train — total=0.5216  id=0.3990  tri=0.3121  orth=0.199682
  Val   — total=4.6407  id=7.7619  tri=0.7598


Epoch 094/150 Summary | LR=0.000093
  Train — total=0.6333  id=0.4992  tri=0.3737  orth=0.201362
  Val   — total=4.6274  id=7.7182  tri=0.7683


Epoch 095/150 Summary | LR=0.000090
  Train — total=0.5242  id=0.3727  tri=0.3277  orth=0.202873
  Val   — total=4.6044  id=7.6657  tri=0.7716


Epoch 096/150 Summary | LR=0.000087
  Train — total=0.5603  id=0.4343  tri=0.3333  orth=0.197887
  Val   — total=4.7236  id=7.9232  tri=0.7620


Epoch 097/150 Summary | LR=0.000084
  Train — total=0.5963  id=0.4538  tri=0.3587  orth=0.213800
  Val   — total=4.5841  id=7.6289  tri=0.7697


Epoch 098/150 Summary | LR=0.000081
  Train — total=0.5320  id=0.3718  tri=0.3364  orth=0.192708
  Val   — total=4.7695  id=7.9782  tri=0.7804


Epoch 099/150 Summary | LR=0.000078
  Train — total=0.5212  id=0.3567  tri=0.3328  orth=0.200876
  Val   — total=4.6878  id=7.8004  tri=0.7877


Epoch 100/150 Summary | LR=0.000076
  Train — total=0.4876  id=0.3542  tri=0.3000  orth=0.210702
  Val   — total=4.6633  id=7.7368  tri=0.7949

  WS Rank-1 (epoch 100): 67.11%
Checkpoint saved: experiments/fvgb_nogender_seed2024/epoch_100.pth

Epoch 101/150 Summary | LR=0.000073
  Train — total=0.5736  id=0.4292  tri=0.3484  orth=0.211094
  Val   — total=4.6411  id=7.6927  tri=0.7948


Epoch 102/150 Summary | LR=0.000070
  Train — total=0.5854  id=0.4675  tri=0.3422  orth=0.188891
  Val   — total=4.7680  id=7.9359  tri=0.8000


Epoch 103/150 Summary | LR=0.000068
  Train — total=0.5471  id=0.4006  tri=0.3366  orth=0.204075
  Val   — total=4.6764  id=7.7688  tri=0.7920


Epoch 104/150 Summary | LR=0.000065
  Train — total=0.4833  id=0.3526  tri=0.2964  orth=0.212228
  Val   — total=4.8297  id=8.0785  tri=0.7905


Epoch 105/150 Summary | LR=0.000063
  Train — total=0.5158  id=0.3816  tri=0.3150  orth=0.200660
  Val   — total=4.9709  id=8.3620  tri=0.7899


Epoch 106/150 Summary | LR=0.000060
  Train — total=0.5270  id=0.4013  tri=0.3166  orth=0.195002
  Val   — total=4.6883  id=7.7970  tri=0.7898


Epoch 107/150 Summary | LR=0.000058
  Train — total=0.5090  id=0.3635  tri=0.3175  orth=0.196028
  Val   — total=4.6724  id=7.7753  tri=0.7848


Epoch 108/150 Summary | LR=0.000055
  Train — total=0.5125  id=0.3814  tri=0.3119  orth=0.199159
  Val   — total=4.7052  id=7.8358  tri=0.7873


Epoch 109/150 Summary | LR=0.000053
  Train — total=0.5446  id=0.3992  tri=0.3347  orth=0.204450
  Val   — total=4.6582  id=7.7448  tri=0.7858


Epoch 110/150 Summary | LR=0.000050
  Train — total=0.4918  id=0.3482  tri=0.3081  orth=0.191668
  Val   — total=4.5505  id=7.5232  tri=0.7890

  WS Rank-1 (epoch 110): 67.56%
Checkpoint saved: experiments/fvgb_nogender_seed2024/epoch_110.pth

Epoch 111/150 Summary | LR=0.000048
  Train — total=0.4976  id=0.3554  tri=0.3105  orth=0.189184
  Val   — total=4.5894  id=7.5735  tri=0.8027


Epoch 112/150 Summary | LR=0.000046
  Train — total=0.4804  id=0.3408  tri=0.3003  orth=0.193670
  Val   — total=4.6418  id=7.6746  tri=0.8045


Epoch 113/150 Summary | LR=0.000044
  Train — total=0.4736  id=0.3510  tri=0.2881  orth=0.199798
  Val   — total=4.6420  id=7.6767  tri=0.8036


Epoch 114/150 Summary | LR=0.000042
  Train — total=0.4386  id=0.2883  tri=0.2839  orth=0.208961
  Val   — total=4.6394  id=7.6586  tri=0.8101


Epoch 115/150 Summary | LR=0.000039
  Train — total=0.4520  id=0.3399  tri=0.2723  orth=0.194668
  Val   — total=4.5901  id=7.5541  tri=0.8130


Epoch 116/150 Summary | LR=0.000037
  Train — total=0.5039  id=0.3845  tri=0.3018  orth=0.196222
  Val   — total=4.7317  id=7.8373  tri=0.8130


Epoch 117/150 Summary | LR=0.000035
  Train — total=0.4069  id=0.2733  tri=0.2599  orth=0.207095
  Val   — total=4.6594  id=7.6905  tri=0.8141


Epoch 118/150 Summary | LR=0.000033
  Train — total=0.4982  id=0.3706  tri=0.3030  orth=0.198216
  Val   — total=4.6351  id=7.6428  tri=0.8137


Epoch 119/150 Summary | LR=0.000031
  Train — total=0.4578  id=0.3608  tri=0.2677  orth=0.193217
  Val   — total=4.5460  id=7.4636  tri=0.8142


Epoch 120/150 Summary | LR=0.000030
  Train — total=0.4574  id=0.3163  tri=0.2893  orth=0.198726
  Val   — total=4.6489  id=7.6662  tri=0.8158

  WS Rank-1 (epoch 120): 69.11%
Checkpoint saved: experiments/fvgb_nogender_seed2024/epoch_120.pth

Epoch 121/150 Summary | LR=0.000028
  Train — total=0.4877  id=0.3685  tri=0.2938  orth=0.191679
  Val   — total=4.6521  id=7.6662  tri=0.8190


Epoch 122/150 Summary | LR=0.000026
  Train — total=0.4411  id=0.3117  tri=0.2755  orth=0.194335
  Val   — total=4.5982  id=7.5505  tri=0.8230


Epoch 123/150 Summary | LR=0.000024
  Train — total=0.4359  id=0.3274  tri=0.2625  orth=0.195532
  Val   — total=4.5604  id=7.4791  tri=0.8208


Epoch 124/150 Summary | LR=0.000023
  Train — total=0.4324  id=0.3179  tri=0.2642  orth=0.184442
  Val   — total=4.6242  id=7.6066  tri=0.8209


Epoch 125/150 Summary | LR=0.000021
  Train — total=0.4333  id=0.3082  tri=0.2696  orth=0.191875
  Val   — total=4.6428  id=7.6429  tri=0.8214


Epoch 126/150 Summary | LR=0.000019
  Train — total=0.4723  id=0.3404  tri=0.2927  orth=0.188283
  Val   — total=4.6289  id=7.6122  tri=0.8228


Epoch 127/150 Summary | LR=0.000018
  Train — total=0.4577  id=0.3746  tri=0.2603  orth=0.200967
  Val   — total=4.6169  id=7.5872  tri=0.8233


Epoch 128/150 Summary | LR=0.000017
  Train — total=0.4648  id=0.3624  tri=0.2738  orth=0.195031
  Val   — total=4.6336  id=7.6169  tri=0.8252


Epoch 129/150 Summary | LR=0.000015
  Train — total=0.5040  id=0.3761  tri=0.3059  orth=0.199773
  Val   — total=4.5634  id=7.4785  tri=0.8241


Epoch 130/150 Summary | LR=0.000014
  Train — total=0.4470  id=0.3156  tri=0.2796  orth=0.191110
  Val   — total=4.5758  id=7.5130  tri=0.8193

  WS Rank-1 (epoch 130): 70.67%
Best checkpoint saved (Rank-1=70.67%)
Checkpoint saved: experiments/fvgb_nogender_seed2024/epoch_130.pth
Best checkpoint saved: experiments/fvgb_nogender_seed2024/best.pth  (val_loss=4.5758)

Epoch 131/150 Summary | LR=0.000013
  Train — total=0.4365  id=0.3256  tri=0.2640  orth=0.193208
  Val   — total=4.6096  id=7.5789  tri=0.8201


Epoch 132/150 Summary | LR=0.000011
  Train — total=0.4387  id=0.3186  tri=0.2699  orth=0.190046
  Val   — total=4.6079  id=7.5713  tri=0.8223


Epoch 133/150 Summary | LR=0.000010
  Train — total=0.4172  id=0.2682  tri=0.2737  orth=0.187506
  Val   — total=4.5901  id=7.5293  tri=0.8255


Epoch 134/150 Summary | LR=0.000009
  Train — total=0.4488  id=0.3626  tri=0.2580  orth=0.189985
  Val   — total=4.6203  id=7.5870  tri=0.8268


Epoch 135/150 Summary | LR=0.000008
  Train — total=0.4333  id=0.2988  tri=0.2743  orth=0.192295
  Val   — total=4.6119  id=7.5692  tri=0.8273


Epoch 136/150 Summary | LR=0.000007
  Train — total=0.4537  id=0.3544  tri=0.2665  orth=0.201311
  Val   — total=4.6179  id=7.5805  tri=0.8276


Epoch 137/150 Summary | LR=0.000007
  Train — total=0.4146  id=0.3077  tri=0.2511  orth=0.192880
  Val   — total=4.5933  id=7.5312  tri=0.8277


Epoch 138/150 Summary | LR=0.000006
  Train — total=0.4256  id=0.3014  tri=0.2651  orth=0.196158
  Val   — total=4.6327  id=7.6119  tri=0.8267


Epoch 139/150 Summary | LR=0.000005
  Train — total=0.3935  id=0.2906  tri=0.2385  orth=0.193904
  Val   — total=4.5929  id=7.5329  tri=0.8264


Epoch 140/150 Summary | LR=0.000004
  Train — total=0.4108  id=0.2986  tri=0.2518  orth=0.195591
  Val   — total=4.5999  id=7.5432  tri=0.8283

  WS Rank-1 (epoch 140): 69.33%
Checkpoint saved: experiments/fvgb_nogender_seed2024/epoch_140.pth

Epoch 141/150 Summary | LR=0.000004
  Train — total=0.4418  id=0.3314  tri=0.2667  orth=0.188141
  Val   — total=4.6570  id=7.6539  tri=0.8300


Epoch 142/150 Summary | LR=0.000003
  Train — total=0.3942  id=0.2770  tri=0.2459  orth=0.195287
  Val   — total=4.6191  id=7.5795  tri=0.8294


Epoch 143/150 Summary | LR=0.000003
  Train — total=0.4022  id=0.2742  tri=0.2554  orth=0.194147
  Val   — total=4.6217  id=7.5863  tri=0.8286


Epoch 144/150 Summary | LR=0.000002
  Train — total=0.4223  id=0.3135  tri=0.2566  orth=0.179806
  Val   — total=4.6018  id=7.5461  tri=0.8288


Epoch 145/150 Summary | LR=0.000002
  Train — total=0.4363  id=0.3246  tri=0.2645  orth=0.189542
  Val   — total=4.6028  id=7.5469  tri=0.8293


Epoch 146/150 Summary | LR=0.000002
  Train — total=0.4362  id=0.3218  tri=0.2663  orth=0.181174
  Val   — total=4.5967  id=7.5356  tri=0.8289


Epoch 147/150 Summary | LR=0.000001
  Train — total=0.4095  id=0.2953  tri=0.2516  orth=0.205337
  Val   — total=4.6081  id=7.5611  tri=0.8275


Epoch 148/150 Summary | LR=0.000001
  Train — total=0.4726  id=0.3444  tri=0.2902  orth=0.204129
  Val   — total=4.6203  id=7.5827  tri=0.8290


Epoch 149/150 Summary | LR=0.000001
  Train — total=0.3660  id=0.2537  tri=0.2294  orth=0.195334
  Val   — total=4.6230  id=7.5877  tri=0.8292


Epoch 150/150 Summary | LR=0.000001
  Train — total=0.4300  id=0.3104  tri=0.2649  orth=0.196266
  Val   — total=4.6163  id=7.5752  tri=0.8287

  WS Rank-1 (epoch 150): 68.89%
Checkpoint saved: experiments/fvgb_nogender_seed2024/epoch_150.pth
Training complete.
