Dataset: fvgb
Seed: 456
Graph: DISABLED (ablation)
Morphology backbone: custom
Device: cuda
PKSampler ready: 74 male + 44 female identities, P=8 (balanced), K=4, batch_size=32
PKSampler: P=8 identities × K=4 samples = batch_size=32

DatasetMeta: name=fvgb  has_gender=True  has_age=False
Training identities: 136
Train batches:       11
Val batches:         14
Test subjects:       90
  WS: gallery=90  probe=450
  BGHT: gallery=60  probe=180
  CL: gallery=30  probe=90
  MP: gallery=30  probe=90
  ALL: gallery=90  probe=1134

Parameter breakdown:
  morph_encoder (custom)  1,568,992
  motion_encoder        4,703,008
  identity_head           595,456
  gender_head              66,178
  total                 6,933,634

Starting training from epoch 1 to 150


Epoch 001/150 Summary | LR=0.000300
  Train — total=3.8083  id=5.1950  tri=0.7292  orth=0.515529  gen=0.9117
  Val   — total=3.4444  id=4.9253  tri=0.6388  gen=0.6859  gen_acc=0.389


Epoch 002/150 Summary | LR=0.000300
  Train — total=3.3103  id=4.5773  tri=0.7217  orth=0.527798  gen=0.5472
  Val   — total=3.7192  id=4.9615  tri=0.7224  gen=1.0322  gen_acc=0.389


Epoch 003/150 Summary | LR=0.000300
  Train — total=3.0521  id=4.3604  tri=0.6378  orth=0.572009  gen=0.4109
  Val   — total=3.8668  id=4.9710  tri=0.6663  gen=1.4300  gen_acc=0.389


Epoch 004/150 Summary | LR=0.000299
  Train — total=2.8646  id=4.0783  tri=0.6221  orth=0.598895  gen=0.3470
  Val   — total=3.9758  id=5.0076  tri=0.7026  gen=1.5389  gen_acc=0.389


Epoch 005/150 Summary | LR=0.000299
  Train — total=2.7711  id=3.8787  tri=0.6106  orth=0.533772  gen=0.3890
  Val   — total=3.7890  id=5.3427  tri=0.6766  gen=0.8820  gen_acc=0.412


Epoch 006/150 Summary | LR=0.000299
  Train — total=2.5889  id=3.6600  tri=0.5880  orth=0.451461  gen=0.2966
  Val   — total=5.4719  id=6.2457  tri=0.7033  gen=3.2914  gen_acc=0.389


Epoch 007/150 Summary | LR=0.000298
  Train — total=2.5203  id=3.5089  tri=0.5959  orth=0.398534  gen=0.3000
  Val   — total=4.0643  id=6.1119  tri=0.7259  gen=0.5649  gen_acc=0.773


Epoch 008/150 Summary | LR=0.000298
  Train — total=2.5142  id=3.5466  tri=0.5976  orth=0.398872  gen=0.2468
  Val   — total=4.7998  id=6.2526  tri=0.7469  gen=1.8532  gen_acc=0.398


Epoch 009/150 Summary | LR=0.000297
  Train — total=2.3715  id=3.2457  tri=0.5830  orth=0.387015  gen=0.2927
  Val   — total=5.5380  id=9.0565  tri=0.7864  gen=0.4469  gen_acc=0.769


Epoch 010/150 Summary | LR=0.000297
  Train — total=2.2549  id=3.0382  tri=0.5740  orth=0.387168  gen=0.2850
  Val   — total=5.3541  id=8.3640  tri=0.7030  gen=0.9384  gen_acc=0.560

  WS Rank-1 (epoch 10): 45.33%
Best checkpoint saved (Rank-1=45.33%)
Checkpoint saved: experiments/fvgb_nograph_seed456/epoch_010.pth
Best checkpoint saved: experiments/fvgb_nograph_seed456/best.pth  (val_loss=5.3541)

Epoch 011/150 Summary | LR=0.000296
  Train — total=2.1751  id=2.9531  tri=0.5547  orth=0.368385  gen=0.2509
  Val   — total=6.8904  id=9.6647  tri=0.7330  gen=2.6502  gen_acc=0.389


Epoch 012/150 Summary | LR=0.000295
  Train — total=2.1402  id=2.8378  tri=0.5706  orth=0.328552  gen=0.2685
  Val   — total=4.8597  id=7.0574  tri=0.6899  gen=1.2822  gen_acc=0.481


Epoch 013/150 Summary | LR=0.000294
  Train — total=2.0177  id=2.6840  tri=0.5454  orth=0.300262  gen=0.2306
  Val   — total=4.8383  id=7.0176  tri=0.6988  gen=1.2614  gen_acc=0.435


Epoch 014/150 Summary | LR=0.000294
  Train — total=2.0800  id=2.8038  tri=0.5574  orth=0.326845  gen=0.2088
  Val   — total=4.7082  id=7.0250  tri=0.6959  gen=0.9995  gen_acc=0.773


Epoch 015/150 Summary | LR=0.000293
  Train — total=1.9803  id=2.5926  tri=0.5447  orth=0.319136  gen=0.2466
  Val   — total=5.0392  id=7.6768  tri=0.6971  gen=1.0075  gen_acc=0.528


Epoch 016/150 Summary | LR=0.000292
  Train — total=1.9139  id=2.4921  tri=0.5560  orth=0.298410  gen=0.1940
  Val   — total=4.9325  id=7.7632  tri=0.7096  gen=0.6826  gen_acc=0.769


Epoch 017/150 Summary | LR=0.000291
  Train — total=1.7798  id=2.3131  tri=0.5333  orth=0.285146  gen=0.1515
  Val   — total=4.7204  id=7.3877  tri=0.6889  gen=0.6752  gen_acc=0.764


Epoch 018/150 Summary | LR=0.000290
  Train — total=1.7937  id=2.2984  tri=0.5268  orth=0.273973  gen=0.2081
  Val   — total=4.8320  id=7.2837  tri=0.6964  gen=0.9874  gen_acc=0.574


Epoch 019/150 Summary | LR=0.000288
  Train — total=1.7854  id=2.2462  tri=0.5379  orth=0.276451  gen=0.2211
  Val   — total=5.3656  id=7.4013  tri=0.6946  gen=1.9409  gen_acc=0.412


Epoch 020/150 Summary | LR=0.000287
  Train — total=1.6830  id=2.0694  tri=0.5270  orth=0.246980  gen=0.2178
  Val   — total=4.9710  id=7.9419  tri=0.6973  gen=0.6056  gen_acc=0.718

  WS Rank-1 (epoch 20): 57.56%
Best checkpoint saved (Rank-1=57.56%)
Checkpoint saved: experiments/fvgb_nograph_seed456/epoch_020.pth
Best checkpoint saved: experiments/fvgb_nograph_seed456/best.pth  (val_loss=4.9710)

Epoch 021/150 Summary | LR=0.000286
  Train — total=1.7415  id=2.1521  tri=0.5434  orth=0.272994  gen=0.2167
  Val   — total=5.7693  id=8.1554  tri=0.7099  gen=1.9634  gen_acc=0.421


Epoch 022/150 Summary | LR=0.000284
  Train — total=1.6663  id=2.0001  tri=0.5341  orth=0.267506  gen=0.2375
  Val   — total=5.9825  id=9.2237  tri=0.7137  gen=1.3141  gen_acc=0.727


Epoch 023/150 Summary | LR=0.000283
  Train — total=1.6263  id=1.9678  tri=0.5219  orth=0.262880  gen=0.2148
  Val   — total=4.4772  id=6.9686  tri=0.7028  gen=0.5802  gen_acc=0.806


Epoch 024/150 Summary | LR=0.000282
  Train — total=1.5872  id=1.9241  tri=0.5236  orth=0.255913  gen=0.1774
  Val   — total=5.2757  id=8.7011  tri=0.7006  gen=0.4492  gen_acc=0.792


Epoch 025/150 Summary | LR=0.000280
  Train — total=1.5813  id=1.9180  tri=0.5268  orth=0.262558  gen=0.1647
  Val   — total=5.2712  id=7.1445  tri=0.6953  gen=2.0073  gen_acc=0.407


Epoch 026/150 Summary | LR=0.000278
  Train — total=1.5811  id=1.9154  tri=0.5201  orth=0.250291  gen=0.1816
  Val   — total=4.7457  id=7.6522  tri=0.7007  gen=0.4378  gen_acc=0.782


Epoch 027/150 Summary | LR=0.000277
  Train — total=1.5396  id=1.8308  tri=0.5141  orth=0.247071  gen=0.1955
  Val   — total=4.9114  id=7.7383  tri=0.6914  gen=0.7016  gen_acc=0.708


Epoch 028/150 Summary | LR=0.000275
  Train — total=1.4620  id=1.6865  tri=0.5093  orth=0.250850  gen=0.1938
  Val   — total=5.1303  id=7.0807  tri=0.6895  gen=1.8009  gen_acc=0.417


Epoch 029/150 Summary | LR=0.000273
  Train — total=1.3713  id=1.5298  tri=0.4974  orth=0.239618  gen=0.1942
  Val   — total=4.5420  id=7.1463  tri=0.6806  gen=0.5766  gen_acc=0.847


Epoch 030/150 Summary | LR=0.000271
  Train — total=1.4139  id=1.6079  tri=0.5060  orth=0.234434  gen=0.1843
  Val   — total=5.6403  id=9.3506  tri=0.7079  gen=0.5143  gen_acc=0.727

  WS Rank-1 (epoch 30): 62.22%
Best checkpoint saved (Rank-1=62.22%)
Checkpoint saved: experiments/fvgb_nograph_seed456/epoch_030.pth
Best checkpoint saved: experiments/fvgb_nograph_seed456/best.pth  (val_loss=5.6403)

Epoch 031/150 Summary | LR=0.000270
  Train — total=1.4029  id=1.5494  tri=0.5248  orth=0.258396  gen=0.1808
  Val   — total=4.6681  id=7.5187  tri=0.6944  gen=0.4286  gen_acc=0.847


Epoch 032/150 Summary | LR=0.000268
  Train — total=1.3377  id=1.4387  tri=0.5214  orth=0.256362  gen=0.1683
  Val   — total=5.1089  id=8.3797  tri=0.6836  gen=0.4711  gen_acc=0.755


Epoch 033/150 Summary | LR=0.000266
  Train — total=1.3299  id=1.5039  tri=0.4944  orth=0.221256  gen=0.1450
  Val   — total=6.2604  id=10.2737  tri=0.7002  gen=0.8467  gen_acc=0.787


Epoch 034/150 Summary | LR=0.000264
  Train — total=1.2981  id=1.4362  tri=0.5051  orth=0.246943  gen=0.1251
  Val   — total=5.3581  id=8.7731  tri=0.6839  gen=0.5752  gen_acc=0.727


Epoch 035/150 Summary | LR=0.000262
  Train — total=1.2362  id=1.3109  tri=0.4822  orth=0.222852  gen=0.1749
  Val   — total=4.7296  id=7.6482  tri=0.6862  gen=0.4386  gen_acc=0.787


Epoch 036/150 Summary | LR=0.000259
  Train — total=1.1892  id=1.2382  tri=0.4837  orth=0.225428  gen=0.1503
  Val   — total=4.4441  id=7.1878  tri=0.6786  gen=0.3432  gen_acc=0.824


Epoch 037/150 Summary | LR=0.000257
  Train — total=1.2214  id=1.3100  tri=0.4946  orth=0.215298  gen=0.1221
  Val   — total=4.8177  id=7.2227  tri=0.6953  gen=1.0220  gen_acc=0.542


Epoch 038/150 Summary | LR=0.000255
  Train — total=1.2124  id=1.2947  tri=0.4867  orth=0.231743  gen=0.1336
  Val   — total=4.8100  id=7.2597  tri=0.7053  gen=0.9496  gen_acc=0.620


Epoch 039/150 Summary | LR=0.000253
  Train — total=1.1301  id=1.1687  tri=0.4808  orth=0.222920  gen=0.1075
  Val   — total=5.2356  id=8.3970  tri=0.7018  gen=0.6707  gen_acc=0.718


Epoch 040/150 Summary | LR=0.000251
  Train — total=1.1977  id=1.2419  tri=0.4917  orth=0.223967  gen=0.1477
  Val   — total=4.7407  id=7.6887  tri=0.6943  gen=0.4043  gen_acc=0.782

  WS Rank-1 (epoch 40): 68.44%
Best checkpoint saved (Rank-1=68.44%)
Checkpoint saved: experiments/fvgb_nograph_seed456/epoch_040.pth
Best checkpoint saved: experiments/fvgb_nograph_seed456/best.pth  (val_loss=4.7407)

Epoch 041/150 Summary | LR=0.000248
  Train — total=1.0868  id=1.1046  tri=0.4556  orth=0.227961  gen=0.1349
  Val   — total=4.5110  id=6.6957  tri=0.6997  gen=0.9269  gen_acc=0.606


Epoch 042/150 Summary | LR=0.000246
  Train — total=1.1549  id=1.1628  tri=0.4789  orth=0.208651  gen=0.1684
  Val   — total=5.2706  id=8.5368  tri=0.6871  gen=0.6301  gen_acc=0.856


Epoch 043/150 Summary | LR=0.000243
  Train — total=1.1606  id=1.1647  tri=0.4795  orth=0.224625  gen=0.1751
  Val   — total=5.4236  id=8.8754  tri=0.6959  gen=0.5800  gen_acc=0.852


Epoch 044/150 Summary | LR=0.000241
  Train — total=1.1157  id=1.1173  tri=0.4785  orth=0.209281  gen=0.1362
  Val   — total=5.1240  id=8.3994  tri=0.7076  gen=0.4335  gen_acc=0.819


Epoch 045/150 Summary | LR=0.000238
  Train — total=1.0856  id=1.0387  tri=0.4884  orth=0.211964  gen=0.1345
  Val   — total=4.7657  id=7.7190  tri=0.6885  gen=0.4355  gen_acc=0.843


Epoch 046/150 Summary | LR=0.000236
  Train — total=1.0354  id=0.9998  tri=0.4796  orth=0.202820  gen=0.0914
  Val   — total=4.9678  id=7.6012  tri=0.6852  gen=0.9640  gen_acc=0.593


Epoch 047/150 Summary | LR=0.000233
  Train — total=1.0639  id=1.0275  tri=0.4843  orth=0.215428  gen=0.1102
  Val   — total=5.2882  id=8.6818  tri=0.6888  gen=0.5171  gen_acc=0.731


Epoch 048/150 Summary | LR=0.000231
  Train — total=1.0046  id=0.9303  tri=0.4757  orth=0.234482  gen=0.1041
  Val   — total=5.7507  id=9.4326  tri=0.6924  gen=0.6840  gen_acc=0.676


Epoch 049/150 Summary | LR=0.000228
  Train — total=1.0329  id=0.9537  tri=0.4701  orth=0.237407  gen=0.1483
  Val   — total=4.9106  id=7.8439  tri=0.6982  gen=0.5808  gen_acc=0.727


Epoch 050/150 Summary | LR=0.000225
  Train — total=0.9963  id=0.9561  tri=0.4597  orth=0.228655  gen=0.0941
  Val   — total=5.3707  id=8.0630  tri=0.7024  gen=1.2735  gen_acc=0.759

  WS Rank-1 (epoch 50): 65.11%
Checkpoint saved: experiments/fvgb_nograph_seed456/epoch_050.pth

Epoch 051/150 Summary | LR=0.000223
  Train — total=0.9885  id=0.9356  tri=0.4664  orth=0.209860  gen=0.0877
  Val   — total=5.2747  id=8.0999  tri=0.7076  gen=1.0343  gen_acc=0.778


Epoch 052/150 Summary | LR=0.000220
  Train — total=1.0257  id=0.9738  tri=0.4708  orth=0.211482  gen=0.1147
  Val   — total=5.3459  id=8.2759  tri=0.6976  gen=1.0207  gen_acc=0.528


Epoch 053/150 Summary | LR=0.000217
  Train — total=0.9973  id=0.9233  tri=0.4592  orth=0.212344  gen=0.1317
  Val   — total=4.8045  id=7.7864  tri=0.6988  gen=0.4249  gen_acc=0.843


Epoch 054/150 Summary | LR=0.000214
  Train — total=0.9270  id=0.8095  tri=0.4582  orth=0.207310  gen=0.1073
  Val   — total=5.6648  id=8.7384  tri=0.6938  gen=1.2037  gen_acc=0.491


Epoch 055/150 Summary | LR=0.000211
  Train — total=0.9224  id=0.8365  tri=0.4548  orth=0.197669  gen=0.0790
  Val   — total=5.8902  id=9.5875  tri=0.7044  gen=0.7840  gen_acc=0.648


Epoch 056/150 Summary | LR=0.000208
  Train — total=0.8772  id=0.7383  tri=0.4452  orth=0.228031  gen=0.1028
  Val   — total=5.9093  id=9.3867  tri=0.7117  gen=1.0086  gen_acc=0.787


Epoch 057/150 Summary | LR=0.000206
  Train — total=0.9351  id=0.8533  tri=0.4542  orth=0.211752  gen=0.0874
  Val   — total=5.1513  id=8.2349  tri=0.7033  gen=0.6611  gen_acc=0.847


Epoch 058/150 Summary | LR=0.000203
  Train — total=0.9033  id=0.7729  tri=0.4556  orth=0.214494  gen=0.1011
  Val   — total=5.3313  id=8.8003  tri=0.6979  gen=0.4665  gen_acc=0.866


Epoch 059/150 Summary | LR=0.000200
  Train — total=0.9173  id=0.8102  tri=0.4493  orth=0.200134  gen=0.1056
  Val   — total=4.7333  id=7.6125  tri=0.7043  gen=0.4455  gen_acc=0.810


Epoch 060/150 Summary | LR=0.000197
  Train — total=0.8231  id=0.6528  tri=0.4461  orth=0.207819  gen=0.0804
  Val   — total=5.2043  id=8.3171  tri=0.7155  gen=0.6605  gen_acc=0.713

  WS Rank-1 (epoch 60): 71.56%
Best checkpoint saved (Rank-1=71.56%)
Checkpoint saved: experiments/fvgb_nograph_seed456/epoch_060.pth
Best checkpoint saved: experiments/fvgb_nograph_seed456/best.pth  (val_loss=5.2043)

Epoch 061/150 Summary | LR=0.000194
  Train — total=0.8178  id=0.6659  tri=0.4409  orth=0.207636  gen=0.0672
  Val   — total=5.1376  id=7.8052  tri=0.7064  gen=1.0571  gen_acc=0.593


Epoch 062/150 Summary | LR=0.000191
  Train — total=0.8744  id=0.7255  tri=0.4507  orth=0.204957  gen=0.1013
  Val   — total=4.7910  id=7.6253  tri=0.7088  gen=0.5392  gen_acc=0.764


Epoch 063/150 Summary | LR=0.000188
  Train — total=0.8033  id=0.6684  tri=0.4211  orth=0.219713  gen=0.0739
  Val   — total=4.8447  id=7.5955  tri=0.7048  gen=0.6843  gen_acc=0.681


Epoch 064/150 Summary | LR=0.000185
  Train — total=0.8105  id=0.6654  tri=0.4357  orth=0.209867  gen=0.0632
  Val   — total=4.9557  id=8.0977  tri=0.7065  gen=0.4008  gen_acc=0.815


Epoch 065/150 Summary | LR=0.000182
  Train — total=0.8546  id=0.6964  tri=0.4459  orth=0.198971  gen=0.1011
  Val   — total=5.7008  id=9.4403  tri=0.7138  gen=0.5337  gen_acc=0.852


Epoch 066/150 Summary | LR=0.000179
  Train — total=0.8288  id=0.6842  tri=0.4266  orth=0.209090  gen=0.0993
  Val   — total=4.8941  id=8.0080  tri=0.7154  gen=0.3494  gen_acc=0.852


Epoch 067/150 Summary | LR=0.000175
  Train — total=0.7567  id=0.5657  tri=0.4154  orth=0.201368  gen=0.0968
  Val   — total=4.8573  id=7.8382  tri=0.7122  gen=0.4521  gen_acc=0.769


Epoch 068/150 Summary | LR=0.000172
  Train — total=0.8073  id=0.6438  tri=0.4365  orth=0.203106  gen=0.0775
  Val   — total=5.2785  id=8.7117  tri=0.7165  gen=0.4124  gen_acc=0.796


Epoch 069/150 Summary | LR=0.000169
  Train — total=0.7689  id=0.5967  tri=0.4249  orth=0.195475  gen=0.0717
  Val   — total=5.1721  id=8.2506  tri=0.7211  gen=0.6514  gen_acc=0.847


Epoch 070/150 Summary | LR=0.000166
  Train — total=0.7399  id=0.5661  tri=0.4056  orth=0.208129  gen=0.0818
  Val   — total=4.7411  id=7.5658  tri=0.7294  gen=0.4578  gen_acc=0.861

  WS Rank-1 (epoch 70): 69.78%
Checkpoint saved: experiments/fvgb_nograph_seed456/epoch_070.pth

Epoch 071/150 Summary | LR=0.000163
  Train — total=0.7946  id=0.6638  tri=0.4196  orth=0.211335  gen=0.0651
  Val   — total=4.7381  id=7.4885  tri=0.7309  gen=0.5257  gen_acc=0.745


Epoch 072/150 Summary | LR=0.000160
  Train — total=0.7676  id=0.6053  tri=0.4193  orth=0.200620  gen=0.0713
  Val   — total=5.2219  id=8.5496  tri=0.7291  gen=0.4361  gen_acc=0.806


Epoch 073/150 Summary | LR=0.000157
  Train — total=0.7728  id=0.6465  tri=0.4054  orth=0.196601  gen=0.0688
  Val   — total=4.9767  id=7.8912  tri=0.7382  gen=0.5858  gen_acc=0.741


Epoch 074/150 Summary | LR=0.000154
  Train — total=0.7666  id=0.6157  tri=0.4170  orth=0.205091  gen=0.0630
  Val   — total=5.2385  id=8.5073  tri=0.7442  gen=0.4813  gen_acc=0.806


Epoch 075/150 Summary | LR=0.000150
  Train — total=0.7157  id=0.5315  tri=0.4033  orth=0.193887  gen=0.0739
  Val   — total=4.8092  id=7.7310  tri=0.7382  gen=0.4109  gen_acc=0.819


Epoch 076/150 Summary | LR=0.000147
  Train — total=0.7503  id=0.5696  tri=0.4149  orth=0.206805  gen=0.0807
  Val   — total=4.8397  id=7.7718  tri=0.7391  gen=0.4294  gen_acc=0.852


Epoch 077/150 Summary | LR=0.000144
  Train — total=0.7518  id=0.5790  tri=0.4165  orth=0.205112  gen=0.0711
  Val   — total=4.8196  id=7.7955  tri=0.7412  gen=0.3612  gen_acc=0.833


Epoch 078/150 Summary | LR=0.000141
  Train — total=0.7499  id=0.5986  tri=0.4008  orth=0.207639  gen=0.0789
  Val   — total=4.9242  id=7.7571  tri=0.7506  gen=0.5903  gen_acc=0.704


Epoch 079/150 Summary | LR=0.000138
  Train — total=0.7534  id=0.5931  tri=0.4137  orth=0.198027  gen=0.0666
  Val   — total=5.0334  id=8.2210  tri=0.7464  gen=0.3530  gen_acc=0.843


Epoch 080/150 Summary | LR=0.000135
  Train — total=0.7644  id=0.6031  tri=0.4227  orth=0.186906  gen=0.0615
  Val   — total=4.9404  id=8.0535  tri=0.7374  gen=0.3526  gen_acc=0.806

  WS Rank-1 (epoch 80): 70.44%
Checkpoint saved: experiments/fvgb_nograph_seed456/epoch_080.pth

Epoch 081/150 Summary | LR=0.000132
  Train — total=0.7541  id=0.5930  tri=0.3901  orth=0.192779  gen=0.1158
  Val   — total=5.1314  id=8.3716  tri=0.7453  gen=0.4005  gen_acc=0.847


Epoch 082/150 Summary | LR=0.000129
  Train — total=0.6826  id=0.5279  tri=0.3824  orth=0.196489  gen=0.0528
  Val   — total=4.8959  id=7.9113  tri=0.7567  gen=0.3672  gen_acc=0.852


Epoch 083/150 Summary | LR=0.000126
  Train — total=0.6819  id=0.5119  tri=0.3813  orth=0.200093  gen=0.0692
  Val   — total=4.7161  id=7.5551  tri=0.7585  gen=0.3601  gen_acc=0.810


Epoch 084/150 Summary | LR=0.000122
  Train — total=0.6983  id=0.5109  tri=0.3995  orth=0.186970  gen=0.0680
  Val   — total=4.8904  id=7.8579  tri=0.7531  gen=0.4167  gen_acc=0.801


Epoch 085/150 Summary | LR=0.000119
  Train — total=0.6120  id=0.4296  tri=0.3493  orth=0.202396  gen=0.0756
  Val   — total=4.9300  id=7.9633  tri=0.7562  gen=0.3841  gen_acc=0.810


Epoch 086/150 Summary | LR=0.000116
  Train — total=0.6659  id=0.4907  tri=0.3794  orth=0.187682  gen=0.0635
  Val   — total=4.7570  id=7.5801  tri=0.7623  gen=0.4093  gen_acc=0.810


Epoch 087/150 Summary | LR=0.000113
  Train — total=0.6305  id=0.4911  tri=0.3503  orth=0.210648  gen=0.0484
  Val   — total=4.6290  id=7.2940  tri=0.7490  gen=0.4661  gen_acc=0.782


Epoch 088/150 Summary | LR=0.000110
  Train — total=0.5968  id=0.3968  tri=0.3587  orth=0.199663  gen=0.0594
  Val   — total=4.6181  id=7.3024  tri=0.7483  gen=0.4372  gen_acc=0.778


Epoch 089/150 Summary | LR=0.000107
  Train — total=0.5764  id=0.3870  tri=0.3525  orth=0.197805  gen=0.0408
  Val   — total=4.6963  id=7.4932  tri=0.7493  gen=0.4008  gen_acc=0.819


Epoch 090/150 Summary | LR=0.000104
  Train — total=0.6360  id=0.4481  tri=0.3690  orth=0.186775  gen=0.0671
  Val   — total=4.7687  id=7.5975  tri=0.7612  gen=0.4176  gen_acc=0.801

  WS Rank-1 (epoch 90): 72.89%
Best checkpoint saved (Rank-1=72.89%)
Checkpoint saved: experiments/fvgb_nograph_seed456/epoch_090.pth
Best checkpoint saved: experiments/fvgb_nograph_seed456/best.pth  (val_loss=4.7687)

Epoch 091/150 Summary | LR=0.000101
  Train — total=0.6697  id=0.4978  tri=0.3789  orth=0.194149  gen=0.0644
  Val   — total=5.1114  id=8.1042  tri=0.7706  gen=0.5773  gen_acc=0.722


Epoch 092/150 Summary | LR=0.000098
  Train — total=0.5882  id=0.4175  tri=0.3435  orth=0.200516  gen=0.0518
  Val   — total=4.8967  id=7.8592  tri=0.7754  gen=0.3834  gen_acc=0.819


Epoch 093/150 Summary | LR=0.000095
  Train — total=0.6395  id=0.4705  tri=0.3702  orth=0.200994  gen=0.0479
  Val   — total=4.9296  id=7.9000  tri=0.7857  gen=0.3877  gen_acc=0.843


Epoch 094/150 Summary | LR=0.000093
  Train — total=0.6207  id=0.4351  tri=0.3515  orth=0.206804  gen=0.0826
  Val   — total=5.1515  id=8.2483  tri=0.7879  gen=0.4789  gen_acc=0.880


Epoch 095/150 Summary | LR=0.000090
  Train — total=0.6513  id=0.4858  tri=0.3706  orth=0.209828  gen=0.0547
  Val   — total=5.1845  id=8.2820  tri=0.7869  gen=0.5132  gen_acc=0.884


Epoch 096/150 Summary | LR=0.000087
  Train — total=0.6051  id=0.4169  tri=0.3535  orth=0.195517  gen=0.0668
  Val   — total=4.8538  id=7.6449  tri=0.7859  gen=0.4909  gen_acc=0.880


Epoch 097/150 Summary | LR=0.000084
  Train — total=0.5908  id=0.4306  tri=0.3427  orth=0.198123  gen=0.0458
  Val   — total=4.7238  id=7.4538  tri=0.7806  gen=0.4326  gen_acc=0.778


Epoch 098/150 Summary | LR=0.000081
  Train — total=0.5496  id=0.4072  tri=0.3171  orth=0.199661  gen=0.0378
  Val   — total=4.8791  id=7.4756  tri=0.7834  gen=0.7158  gen_acc=0.690


Epoch 099/150 Summary | LR=0.000078
  Train — total=0.5507  id=0.3867  tri=0.3222  orth=0.193933  gen=0.0510
  Val   — total=4.8995  id=7.7749  tri=0.7815  gen=0.4612  gen_acc=0.773


Epoch 100/150 Summary | LR=0.000076
  Train — total=0.5599  id=0.3858  tri=0.3272  orth=0.203199  gen=0.0592
  Val   — total=4.7539  id=7.5365  tri=0.7894  gen=0.3926  gen_acc=0.819

  WS Rank-1 (epoch 100): 70.67%
Checkpoint saved: experiments/fvgb_nograph_seed456/epoch_100.pth

Epoch 101/150 Summary | LR=0.000073
  Train — total=0.5761  id=0.3726  tri=0.3506  orth=0.189127  gen=0.0596
  Val   — total=4.8521  id=7.7357  tri=0.7995  gen=0.3694  gen_acc=0.856


Epoch 102/150 Summary | LR=0.000070
  Train — total=0.5617  id=0.4015  tri=0.3238  orth=0.197346  gen=0.0547
  Val   — total=4.7795  id=7.5921  tri=0.7955  gen=0.3758  gen_acc=0.824


Epoch 103/150 Summary | LR=0.000068
  Train — total=0.5586  id=0.3774  tri=0.3337  orth=0.190443  gen=0.0534
  Val   — total=4.8728  id=7.7787  tri=0.7881  gen=0.3908  gen_acc=0.824


Epoch 104/150 Summary | LR=0.000065
  Train — total=0.4505  id=0.3036  tri=0.2706  orth=0.186644  gen=0.0376
  Val   — total=5.0267  id=8.0426  tri=0.8098  gen=0.3911  gen_acc=0.810


Epoch 105/150 Summary | LR=0.000063
  Train — total=0.5766  id=0.4277  tri=0.3207  orth=0.191372  gen=0.0650
  Val   — total=4.8002  id=7.5391  tri=0.8226  gen=0.4161  gen_acc=0.787


Epoch 106/150 Summary | LR=0.000060
  Train — total=0.5587  id=0.4080  tri=0.3220  orth=0.187634  gen=0.0467
  Val   — total=4.8399  id=7.6211  tri=0.8271  gen=0.4044  gen_acc=0.810


Epoch 107/150 Summary | LR=0.000058
  Train — total=0.5518  id=0.4216  tri=0.3062  orth=0.189309  gen=0.0508
  Val   — total=4.8028  id=7.5714  tri=0.8280  gen=0.3783  gen_acc=0.833


Epoch 108/150 Summary | LR=0.000055
  Train — total=0.5997  id=0.4265  tri=0.3422  orth=0.197193  gen=0.0687
  Val   — total=4.8579  id=7.6678  tri=0.8292  gen=0.3896  gen_acc=0.819


Epoch 109/150 Summary | LR=0.000053
  Train — total=0.5348  id=0.3610  tri=0.3279  orth=0.201676  gen=0.0325
  Val   — total=4.8532  id=7.6654  tri=0.8250  gen=0.3910  gen_acc=0.833


Epoch 110/150 Summary | LR=0.000050
  Train — total=0.5148  id=0.3600  tri=0.2979  orth=0.193421  gen=0.0545
  Val   — total=4.7773  id=7.5251  tri=0.8224  gen=0.3847  gen_acc=0.819

  WS Rank-1 (epoch 110): 72.00%
Checkpoint saved: experiments/fvgb_nograph_seed456/epoch_110.pth

Epoch 111/150 Summary | LR=0.000048
  Train — total=0.5062  id=0.3276  tri=0.3015  orth=0.209669  gen=0.0608
  Val   — total=4.8101  id=7.5778  tri=0.8202  gen=0.4021  gen_acc=0.861


Epoch 112/150 Summary | LR=0.000046
  Train — total=0.4775  id=0.3404  tri=0.2834  orth=0.187422  gen=0.0290
  Val   — total=4.7513  id=7.4616  tri=0.8284  gen=0.3843  gen_acc=0.847


Epoch 113/150 Summary | LR=0.000044
  Train — total=0.5470  id=0.4228  tri=0.3019  orth=0.189005  gen=0.0484
  Val   — total=4.7658  id=7.4992  tri=0.8309  gen=0.3705  gen_acc=0.833


Epoch 114/150 Summary | LR=0.000042
  Train — total=0.4634  id=0.2946  tri=0.2857  orth=0.187382  gen=0.0421
  Val   — total=4.8134  id=7.5818  tri=0.8292  gen=0.3867  gen_acc=0.838


Epoch 115/150 Summary | LR=0.000039
  Train — total=0.5671  id=0.4029  tri=0.3298  orth=0.179751  gen=0.0537
  Val   — total=4.8357  id=7.6206  tri=0.8286  gen=0.3938  gen_acc=0.815


Epoch 116/150 Summary | LR=0.000037
  Train — total=0.4919  id=0.3545  tri=0.2875  orth=0.191434  gen=0.0352
  Val   — total=4.8637  id=7.6664  tri=0.8245  gen=0.4119  gen_acc=0.796


Epoch 117/150 Summary | LR=0.000035
  Train — total=0.5359  id=0.3874  tri=0.3146  orth=0.192270  gen=0.0358
  Val   — total=4.9704  id=7.8821  tri=0.8244  gen=0.4099  gen_acc=0.792


Epoch 118/150 Summary | LR=0.000033
  Train — total=0.5093  id=0.3350  tri=0.3106  orth=0.179150  gen=0.0444
  Val   — total=4.9916  id=7.9556  tri=0.8257  gen=0.3761  gen_acc=0.829


Epoch 119/150 Summary | LR=0.000031
  Train — total=0.5231  id=0.3900  tri=0.2970  orth=0.187994  gen=0.0435
  Val   — total=4.8670  id=7.7243  tri=0.8271  gen=0.3556  gen_acc=0.847


Epoch 120/150 Summary | LR=0.000030
  Train — total=0.5284  id=0.3736  tri=0.3043  orth=0.189266  gen=0.0557
  Val   — total=4.8053  id=7.5834  tri=0.8329  gen=0.3614  gen_acc=0.829

  WS Rank-1 (epoch 120): 72.22%
Checkpoint saved: experiments/fvgb_nograph_seed456/epoch_120.pth

Epoch 121/150 Summary | LR=0.000028
  Train — total=0.4973  id=0.3421  tri=0.2940  orth=0.181062  gen=0.0464
  Val   — total=4.7665  id=7.4889  tri=0.8342  gen=0.3758  gen_acc=0.801


Epoch 122/150 Summary | LR=0.000026
  Train — total=0.4551  id=0.3119  tri=0.2703  orth=0.192498  gen=0.0384
  Val   — total=4.8387  id=7.6229  tri=0.8356  gen=0.3833  gen_acc=0.801


Epoch 123/150 Summary | LR=0.000024
  Train — total=0.5078  id=0.3620  tri=0.2894  orth=0.185328  gen=0.0562
  Val   — total=4.8211  id=7.5729  tri=0.8330  gen=0.4032  gen_acc=0.796


Epoch 124/150 Summary | LR=0.000023
  Train — total=0.5222  id=0.3768  tri=0.3046  orth=0.181114  gen=0.0403
  Val   — total=4.8311  id=7.6638  tri=0.8282  gen=0.3420  gen_acc=0.870


Epoch 125/150 Summary | LR=0.000021
  Train — total=0.4593  id=0.2942  tri=0.2799  orth=0.186328  gen=0.0461
  Val   — total=4.7911  id=7.5838  tri=0.8232  gen=0.3520  gen_acc=0.870


Epoch 126/150 Summary | LR=0.000019
  Train — total=0.3904  id=0.2586  tri=0.2244  orth=0.200118  gen=0.0534
  Val   — total=4.7822  id=7.5713  tri=0.8223  gen=0.3485  gen_acc=0.866


Epoch 127/150 Summary | LR=0.000018
  Train — total=0.4541  id=0.3054  tri=0.2794  orth=0.183472  gen=0.0257
  Val   — total=4.8366  id=7.6654  tri=0.8269  gen=0.3540  gen_acc=0.866


Epoch 128/150 Summary | LR=0.000017
  Train — total=0.4322  id=0.2780  tri=0.2628  orth=0.195940  gen=0.0413
  Val   — total=4.8473  id=7.6688  tri=0.8339  gen=0.3581  gen_acc=0.852


Epoch 129/150 Summary | LR=0.000015
  Train — total=0.4314  id=0.3187  tri=0.2422  orth=0.197421  gen=0.0401
  Val   — total=4.8593  id=7.6879  tri=0.8362  gen=0.3583  gen_acc=0.833


Epoch 130/150 Summary | LR=0.000014
  Train — total=0.4607  id=0.3268  tri=0.2616  orth=0.193003  gen=0.0520
  Val   — total=4.8685  id=7.7005  tri=0.8349  gen=0.3668  gen_acc=0.824

  WS Rank-1 (epoch 130): 73.56%
Best checkpoint saved (Rank-1=73.56%)
Checkpoint saved: experiments/fvgb_nograph_seed456/epoch_130.pth
Best checkpoint saved: experiments/fvgb_nograph_seed456/best.pth  (val_loss=4.8685)

Epoch 131/150 Summary | LR=0.000013
  Train — total=0.4952  id=0.3484  tri=0.2921  orth=0.190991  gen=0.0387
  Val   — total=4.8567  id=7.6905  tri=0.8348  gen=0.3534  gen_acc=0.833


Epoch 132/150 Summary | LR=0.000011
  Train — total=0.4800  id=0.3220  tri=0.2883  orth=0.193041  gen=0.0421
  Val   — total=4.8227  id=7.6226  tri=0.8369  gen=0.3490  gen_acc=0.843


Epoch 133/150 Summary | LR=0.000010
  Train — total=0.4582  id=0.3309  tri=0.2669  orth=0.187011  gen=0.0331
  Val   — total=4.8109  id=7.6009  tri=0.8365  gen=0.3480  gen_acc=0.833


Epoch 134/150 Summary | LR=0.000009
  Train — total=0.4748  id=0.3505  tri=0.2685  orth=0.186997  gen=0.0434
  Val   — total=4.8331  id=7.6404  tri=0.8358  gen=0.3541  gen_acc=0.833


Epoch 135/150 Summary | LR=0.000008
  Train — total=0.5102  id=0.3569  tri=0.2954  orth=0.184813  gen=0.0543
  Val   — total=4.8456  id=7.6644  tri=0.8363  gen=0.3542  gen_acc=0.833


Epoch 136/150 Summary | LR=0.000007
  Train — total=0.3932  id=0.2637  tri=0.2335  orth=0.194623  gen=0.0362
  Val   — total=4.7962  id=7.5649  tri=0.8352  gen=0.3570  gen_acc=0.838


Epoch 137/150 Summary | LR=0.000007
  Train — total=0.4247  id=0.2628  tri=0.2506  orth=0.194121  gen=0.0659
  Val   — total=4.8106  id=7.6013  tri=0.8347  gen=0.3506  gen_acc=0.838


Epoch 138/150 Summary | LR=0.000006
  Train — total=0.4830  id=0.3212  tri=0.2959  orth=0.193000  gen=0.0336
  Val   — total=4.8268  id=7.6284  tri=0.8358  gen=0.3536  gen_acc=0.829


Epoch 139/150 Summary | LR=0.000005
  Train — total=0.4664  id=0.2940  tri=0.2844  orth=0.192229  gen=0.0509
  Val   — total=4.7933  id=7.5549  tri=0.8371  gen=0.3575  gen_acc=0.833


Epoch 140/150 Summary | LR=0.000004
  Train — total=0.4858  id=0.3496  tri=0.2845  orth=0.187589  gen=0.0341
  Val   — total=4.8120  id=7.5935  tri=0.8373  gen=0.3558  gen_acc=0.833

  WS Rank-1 (epoch 140): 73.56%
Checkpoint saved: experiments/fvgb_nograph_seed456/epoch_140.pth

Epoch 141/150 Summary | LR=0.000004
  Train — total=0.4548  id=0.3025  tri=0.2702  orth=0.182168  gen=0.0486
  Val   — total=4.7893  id=7.5464  tri=0.8372  gen=0.3578  gen_acc=0.833


Epoch 142/150 Summary | LR=0.000003
  Train — total=0.4469  id=0.3226  tri=0.2613  orth=0.191317  gen=0.0295
  Val   — total=4.8064  id=7.5893  tri=0.8358  gen=0.3518  gen_acc=0.843


Epoch 143/150 Summary | LR=0.000003
  Train — total=0.3682  id=0.2629  tri=0.2137  orth=0.188364  gen=0.0271
  Val   — total=4.8203  id=7.6137  tri=0.8367  gen=0.3536  gen_acc=0.833


Epoch 144/150 Summary | LR=0.000002
  Train — total=0.4568  id=0.3388  tri=0.2607  orth=0.196724  gen=0.0337
  Val   — total=4.8218  id=7.6132  tri=0.8372  gen=0.3560  gen_acc=0.833


Epoch 145/150 Summary | LR=0.000002
  Train — total=0.4689  id=0.3016  tri=0.2909  orth=0.195973  gen=0.0348
  Val   — total=4.8242  id=7.6245  tri=0.8373  gen=0.3494  gen_acc=0.833


Epoch 146/150 Summary | LR=0.000002
  Train — total=0.4751  id=0.3165  tri=0.2948  orth=0.183916  gen=0.0256
  Val   — total=4.8513  id=7.6706  tri=0.8373  gen=0.3574  gen_acc=0.833


Epoch 147/150 Summary | LR=0.000001
  Train — total=0.4485  id=0.3111  tri=0.2684  orth=0.184965  gen=0.0305
  Val   — total=4.8221  id=7.6128  tri=0.8368  gen=0.3579  gen_acc=0.833


Epoch 148/150 Summary | LR=0.000001
  Train — total=0.4781  id=0.3349  tri=0.2752  orth=0.187059  gen=0.0521
  Val   — total=4.8198  id=7.6047  tri=0.8380  gen=0.3590  gen_acc=0.833


Epoch 149/150 Summary | LR=0.000001
  Train — total=0.4168  id=0.2892  tri=0.2467  orth=0.177089  gen=0.0332
  Val   — total=4.8249  id=7.6176  tri=0.8375  gen=0.3572  gen_acc=0.829


Epoch 150/150 Summary | LR=0.000001
  Train — total=0.4434  id=0.3214  tri=0.2474  orth=0.183375  gen=0.0523
  Val   — total=4.8251  id=7.6182  tri=0.8371  gen=0.3579  gen_acc=0.833

  WS Rank-1 (epoch 150): 74.00%
Best checkpoint saved (Rank-1=74.00%)
Checkpoint saved: experiments/fvgb_nograph_seed456/epoch_150.pth
Best checkpoint saved: experiments/fvgb_nograph_seed456/best.pth  (val_loss=4.8251)
Training complete.
