Barlow Twins loss DISABLED (w_orthogonality=0.0)
Dataset: fvgb
Seed: 456
Graph: enabled
Morphology backbone: custom
Device: cuda
PKSampler ready: 74 male + 44 female identities, P=8 (balanced), K=4, batch_size=32
PKSampler: P=8 identities × K=4 samples = batch_size=32

DatasetMeta: name=fvgb  has_gender=True  has_age=False
Training identities: 136
Train batches:       11
Val batches:         14
Test subjects:       90
  WS: gallery=90  probe=450
  BGHT: gallery=60  probe=180
  CL: gallery=30  probe=90
  MP: gallery=30  probe=90
  ALL: gallery=90  probe=1134

Parameter breakdown:
  morph_encoder (custom)  1,568,992
  motion_encoder        4,703,008
  identity_head           595,456
  graph                   525,313
  gender_head              66,178
  total                 7,458,947

Starting training from epoch 1 to 150


Epoch 001/150 Summary | LR=0.000300
  Train — total=3.7680  id=5.1641  tri=0.7346  orth=0.487432  gen=0.9027
  Val   — total=3.4273  id=4.9166  tri=0.6258  gen=0.6865  gen_acc=0.389


Epoch 002/150 Summary | LR=0.000300
  Train — total=3.3338  id=4.6128  tri=0.7092  orth=0.544381  gen=0.6363
  Val   — total=3.6954  id=4.9653  tri=0.6243  gen=1.1768  gen_acc=0.389


Epoch 003/150 Summary | LR=0.000300
  Train — total=2.9873  id=4.3426  tri=0.6292  orth=0.695085  gen=0.3736
  Val   — total=3.9245  id=4.9938  tri=0.6444  gen=1.5664  gen_acc=0.389


Epoch 004/150 Summary | LR=0.000299
  Train — total=2.9074  id=4.1483  tri=0.6293  orth=0.680737  gen=0.4080
  Val   — total=3.8388  id=5.0693  tri=0.6656  gen=1.2771  gen_acc=0.389


Epoch 005/150 Summary | LR=0.000299
  Train — total=2.7095  id=3.8614  tri=0.6032  orth=0.602139  gen=0.3513
  Val   — total=3.7258  id=5.2421  tri=0.6603  gen=0.8888  gen_acc=0.426


Epoch 006/150 Summary | LR=0.000299
  Train — total=2.5547  id=3.6102  tri=0.5813  orth=0.520093  gen=0.3366
  Val   — total=4.0346  id=5.4674  tri=0.6958  gen=1.2101  gen_acc=0.394


Epoch 007/150 Summary | LR=0.000298
  Train — total=2.4235  id=3.4054  tri=0.5774  orth=0.563148  gen=0.2869
  Val   — total=4.1633  id=6.0401  tri=0.6990  gen=0.8887  gen_acc=0.514


Epoch 008/150 Summary | LR=0.000298
  Train — total=2.4807  id=3.4983  tri=0.5881  orth=0.562663  gen=0.2868
  Val   — total=4.9689  id=7.2030  tri=0.7296  gen=1.2756  gen_acc=0.676


Epoch 009/150 Summary | LR=0.000297
  Train — total=2.3536  id=3.2377  tri=0.5886  orth=0.471174  gen=0.2923
  Val   — total=5.0793  id=6.8606  tri=0.6967  gen=1.9046  gen_acc=0.412


Epoch 010/150 Summary | LR=0.000297
  Train — total=2.3228  id=3.1739  tri=0.5716  orth=0.555887  gen=0.3285
  Val   — total=7.2583  id=11.6369  tri=0.7612  gen=1.3573  gen_acc=0.444

  WS Rank-1 (epoch 10): 44.00%
Best checkpoint saved (Rank-1=44.00%)
Checkpoint saved: experiments/fvgb_nobt_seed456/epoch_010.pth
Best checkpoint saved: experiments/fvgb_nobt_seed456/best.pth  (val_loss=7.2583)

Epoch 011/150 Summary | LR=0.000296
  Train — total=2.1897  id=2.9954  tri=0.5628  orth=0.544122  gen=0.2584
  Val   — total=5.8107  id=8.2133  tri=0.6909  gen=2.0264  gen_acc=0.407


Epoch 012/150 Summary | LR=0.000295
  Train — total=2.0973  id=2.8581  tri=0.5509  orth=0.465894  gen=0.2346
  Val   — total=4.2226  id=6.4537  tri=0.7130  gen=0.5655  gen_acc=0.690


Epoch 013/150 Summary | LR=0.000294
  Train — total=2.0419  id=2.7387  tri=0.5477  orth=0.407678  gen=0.2498
  Val   — total=5.8112  id=7.8344  tri=0.7080  gen=2.3719  gen_acc=0.394


Epoch 014/150 Summary | LR=0.000294
  Train — total=2.0895  id=2.8389  tri=0.5623  orth=0.420846  gen=0.2154
  Val   — total=6.4669  id=11.0163  tri=0.7109  gen=0.4957  gen_acc=0.741


Epoch 015/150 Summary | LR=0.000293
  Train — total=1.9664  id=2.6266  tri=0.5357  orth=0.477683  gen=0.2349
  Val   — total=5.9416  id=8.0166  tri=0.6854  gen=2.4958  gen_acc=0.398


Epoch 016/150 Summary | LR=0.000292
  Train — total=1.8955  id=2.4652  tri=0.5426  orth=0.428188  gen=0.2407
  Val   — total=4.1096  id=6.4704  tri=0.6937  gen=0.3613  gen_acc=0.843


Epoch 017/150 Summary | LR=0.000291
  Train — total=1.8220  id=2.3701  tri=0.5424  orth=0.375525  gen=0.1890
  Val   — total=5.4442  id=8.9520  tri=0.6918  gen=0.5526  gen_acc=0.833


Epoch 018/150 Summary | LR=0.000290
  Train — total=1.7732  id=2.3069  tri=0.5357  orth=0.418646  gen=0.1681
  Val   — total=5.7158  id=8.5126  tri=0.6918  gen=1.5355  gen_acc=0.444


Epoch 019/150 Summary | LR=0.000288
  Train — total=1.7671  id=2.2436  tri=0.5395  orth=0.374889  gen=0.2116
  Val   — total=4.8825  id=7.9368  tri=0.6850  gen=0.4582  gen_acc=0.773


Epoch 020/150 Summary | LR=0.000287
  Train — total=1.7004  id=2.1270  tri=0.5303  orth=0.413998  gen=0.2132
  Val   — total=4.4750  id=7.0207  tri=0.6812  gen=0.5670  gen_acc=0.704

  WS Rank-1 (epoch 20): 54.89%
Best checkpoint saved (Rank-1=54.89%)
Checkpoint saved: experiments/fvgb_nobt_seed456/epoch_020.pth
Best checkpoint saved: experiments/fvgb_nobt_seed456/best.pth  (val_loss=4.4750)

Epoch 021/150 Summary | LR=0.000286
  Train — total=1.6332  id=2.0450  tri=0.5235  orth=0.430051  gen=0.1744
  Val   — total=5.0397  id=7.8416  tri=0.6724  gen=0.8932  gen_acc=0.819


Epoch 022/150 Summary | LR=0.000284
  Train — total=1.6480  id=2.0072  tri=0.5286  orth=0.355492  gen=0.2317
  Val   — total=5.3578  id=8.8808  tri=0.6811  gen=0.4726  gen_acc=0.819


Epoch 023/150 Summary | LR=0.000283
  Train — total=1.5964  id=1.9864  tri=0.5182  orth=0.384431  gen=0.1700
  Val   — total=5.1261  id=8.3834  tri=0.6872  gen=0.4943  gen_acc=0.764


Epoch 024/150 Summary | LR=0.000282
  Train — total=1.5888  id=1.9521  tri=0.5207  orth=0.375495  gen=0.1842
  Val   — total=4.7402  id=7.6585  tri=0.6852  gen=0.4515  gen_acc=0.787


Epoch 025/150 Summary | LR=0.000280
  Train — total=1.5500  id=1.8963  tri=0.5241  orth=0.342791  gen=0.1556
  Val   — total=6.5257  id=9.2640  tri=0.6932  gen=2.4011  gen_acc=0.394


Epoch 026/150 Summary | LR=0.000278
  Train — total=1.5659  id=1.9202  tri=0.5124  orth=0.404666  gen=0.1866
  Val   — total=5.1012  id=7.8205  tri=0.6856  gen=1.0105  gen_acc=0.569


Epoch 027/150 Summary | LR=0.000277
  Train — total=1.5389  id=1.8724  tri=0.5376  orth=0.326868  gen=0.1302
  Val   — total=4.3974  id=6.9312  tri=0.6770  gen=0.5096  gen_acc=0.713


Epoch 028/150 Summary | LR=0.000275
  Train — total=1.4989  id=1.7603  tri=0.5277  orth=0.325475  gen=0.1822
  Val   — total=4.8197  id=7.8183  tri=0.6806  gen=0.4599  gen_acc=0.787


Epoch 029/150 Summary | LR=0.000273
  Train — total=1.3628  id=1.5587  tri=0.5079  orth=0.338999  gen=0.1511
  Val   — total=4.9827  id=7.7856  tri=0.6806  gen=0.8185  gen_acc=0.694


Epoch 030/150 Summary | LR=0.000271
  Train — total=1.3772  id=1.5879  tri=0.4970  orth=0.369718  gen=0.1725
  Val   — total=5.1534  id=7.9222  tri=0.6871  gen=1.0103  gen_acc=0.773

  WS Rank-1 (epoch 30): 61.78%
Best checkpoint saved (Rank-1=61.78%)
Checkpoint saved: experiments/fvgb_nobt_seed456/epoch_030.pth
Best checkpoint saved: experiments/fvgb_nobt_seed456/best.pth  (val_loss=5.1534)

Epoch 031/150 Summary | LR=0.000270
  Train — total=1.3391  id=1.5011  tri=0.5101  orth=0.332352  gen=0.1569
  Val   — total=5.7590  id=8.1120  tri=0.6703  gen=2.0653  gen_acc=0.398


Epoch 032/150 Summary | LR=0.000268
  Train — total=1.2709  id=1.4127  tri=0.5016  orth=0.316048  gen=0.1260
  Val   — total=4.6560  id=7.5640  tri=0.6666  gen=0.4148  gen_acc=0.801


Epoch 033/150 Summary | LR=0.000266
  Train — total=1.3908  id=1.5881  tri=0.5088  orth=0.332234  gen=0.1759
  Val   — total=5.2404  id=8.5438  tri=0.6715  gen=0.5940  gen_acc=0.792


Epoch 034/150 Summary | LR=0.000264
  Train — total=1.3033  id=1.4336  tri=0.5125  orth=0.346794  gen=0.1478
  Val   — total=5.9584  id=9.4681  tri=0.6772  gen=1.0941  gen_acc=0.773


Epoch 035/150 Summary | LR=0.000262
  Train — total=1.2430  id=1.3193  tri=0.4959  orth=0.317332  gen=0.1748
  Val   — total=5.0873  id=7.7837  tri=0.6629  gen=1.0652  gen_acc=0.532


Epoch 036/150 Summary | LR=0.000259
  Train — total=1.2596  id=1.3749  tri=0.4900  orth=0.318636  gen=0.1642
  Val   — total=4.7769  id=7.5891  tri=0.6674  gen=0.6297  gen_acc=0.690


Epoch 037/150 Summary | LR=0.000257
  Train — total=1.2081  id=1.2956  tri=0.4862  orth=0.321600  gen=0.1482
  Val   — total=4.9662  id=8.1376  tri=0.6743  gen=0.4463  gen_acc=0.769


Epoch 038/150 Summary | LR=0.000255
  Train — total=1.1750  id=1.2627  tri=0.4741  orth=0.308182  gen=0.1391
  Val   — total=5.0787  id=8.3921  tri=0.6783  gen=0.4087  gen_acc=0.815


Epoch 039/150 Summary | LR=0.000253
  Train — total=1.1726  id=1.2262  tri=0.4987  orth=0.295180  gen=0.1215
  Val   — total=4.8501  id=7.3431  tri=0.6772  gen=1.0028  gen_acc=0.574


Epoch 040/150 Summary | LR=0.000251
  Train — total=1.0913  id=1.1259  tri=0.4740  orth=0.302186  gen=0.1088
  Val   — total=5.3574  id=7.9126  tri=0.6785  gen=1.4452  gen_acc=0.509

  WS Rank-1 (epoch 40): 66.44%
Best checkpoint saved (Rank-1=66.44%)
Checkpoint saved: experiments/fvgb_nobt_seed456/epoch_040.pth
Best checkpoint saved: experiments/fvgb_nobt_seed456/best.pth  (val_loss=5.3574)

Epoch 041/150 Summary | LR=0.000248
  Train — total=1.1323  id=1.1936  tri=0.4817  orth=0.281644  gen=0.1075
  Val   — total=5.7958  id=9.6924  tri=0.6870  gen=0.5252  gen_acc=0.736


Epoch 042/150 Summary | LR=0.000246
  Train — total=1.1270  id=1.1633  tri=0.4838  orth=0.291445  gen=0.1233
  Val   — total=6.0353  id=9.9955  tri=0.6714  gen=0.7322  gen_acc=0.792


Epoch 043/150 Summary | LR=0.000243
  Train — total=1.0688  id=1.0530  tri=0.4781  orth=0.357139  gen=0.1284
  Val   — total=4.6328  id=7.5621  tri=0.6676  gen=0.3684  gen_acc=0.847


Epoch 044/150 Summary | LR=0.000241
  Train — total=1.0783  id=1.0485  tri=0.4817  orth=0.288211  gen=0.1447
  Val   — total=4.6803  id=7.0321  tri=0.6682  gen=0.9922  gen_acc=0.574


Epoch 045/150 Summary | LR=0.000238
  Train — total=1.0668  id=1.0348  tri=0.4883  orth=0.318695  gen=0.1220
  Val   — total=4.4419  id=7.1689  tri=0.6624  gen=0.3900  gen_acc=0.801


Epoch 046/150 Summary | LR=0.000236
  Train — total=1.0262  id=0.9890  tri=0.4857  orth=0.268309  gen=0.0920
  Val   — total=4.6631  id=7.5085  tri=0.6615  gen=0.4948  gen_acc=0.727


Epoch 047/150 Summary | LR=0.000233
  Train — total=1.0526  id=1.0067  tri=0.4787  orth=0.292205  gen=0.1411
  Val   — total=5.2994  id=8.9554  tri=0.6741  gen=0.2953  gen_acc=0.861


Epoch 048/150 Summary | LR=0.000231
  Train — total=1.0245  id=1.0077  tri=0.4752  orth=0.318777  gen=0.0908
  Val   — total=4.9152  id=7.8193  tri=0.6725  gen=0.6662  gen_acc=0.713


Epoch 049/150 Summary | LR=0.000228
  Train — total=0.9636  id=0.8808  tri=0.4578  orth=0.337651  gen=0.1307
  Val   — total=4.6895  id=7.6883  tri=0.6696  gen=0.3515  gen_acc=0.847


Epoch 050/150 Summary | LR=0.000225
  Train — total=1.0033  id=0.9361  tri=0.4735  orth=0.302497  gen=0.1234
  Val   — total=5.5028  id=8.9664  tri=0.6758  gen=0.6875  gen_acc=0.824

  WS Rank-1 (epoch 50): 65.33%
Checkpoint saved: experiments/fvgb_nobt_seed456/epoch_050.pth

Epoch 051/150 Summary | LR=0.000223
  Train — total=0.9876  id=0.9287  tri=0.4689  orth=0.268835  gen=0.1088
  Val   — total=5.1402  id=8.5195  tri=0.6792  gen=0.4026  gen_acc=0.792


Epoch 052/150 Summary | LR=0.000220
  Train — total=0.9844  id=0.9361  tri=0.4653  orth=0.294875  gen=0.1021
  Val   — total=4.5566  id=7.3712  tri=0.6718  gen=0.3984  gen_acc=0.787


Epoch 053/150 Summary | LR=0.000217
  Train — total=0.9402  id=0.8767  tri=0.4569  orth=0.301290  gen=0.0899
  Val   — total=5.4882  id=9.2010  tri=0.6777  gen=0.4201  gen_acc=0.810


Epoch 054/150 Summary | LR=0.000214
  Train — total=0.9319  id=0.8361  tri=0.4656  orth=0.303502  gen=0.0964
  Val   — total=4.9587  id=8.1415  tri=0.6849  gen=0.4060  gen_acc=0.833


Epoch 055/150 Summary | LR=0.000211
  Train — total=0.8957  id=0.8255  tri=0.4502  orth=0.279608  gen=0.0656
  Val   — total=4.8760  id=7.7672  tri=0.6950  gen=0.5949  gen_acc=0.745


Epoch 056/150 Summary | LR=0.000208
  Train — total=0.8912  id=0.7418  tri=0.4456  orth=0.297867  gen=0.1492
  Val   — total=4.9263  id=7.8548  tri=0.6892  gen=0.6193  gen_acc=0.829


Epoch 057/150 Summary | LR=0.000206
  Train — total=0.9417  id=0.8458  tri=0.4586  orth=0.263976  gen=0.1203
  Val   — total=4.8245  id=7.6836  tri=0.6903  gen=0.5848  gen_acc=0.722


Epoch 058/150 Summary | LR=0.000203
  Train — total=0.8626  id=0.7249  tri=0.4536  orth=0.310413  gen=0.0930
  Val   — total=4.9547  id=8.0319  tri=0.6944  gen=0.4888  gen_acc=0.759


Epoch 059/150 Summary | LR=0.000200
  Train — total=0.8782  id=0.7770  tri=0.4423  orth=0.291005  gen=0.0948
  Val   — total=4.7377  id=7.5432  tri=0.6907  gen=0.5508  gen_acc=0.722


Epoch 060/150 Summary | LR=0.000197
  Train — total=0.8488  id=0.6945  tri=0.4554  orth=0.278083  gen=0.0922
  Val   — total=4.6260  id=7.5430  tri=0.6894  gen=0.3303  gen_acc=0.819

  WS Rank-1 (epoch 60): 67.56%
Best checkpoint saved (Rank-1=67.56%)
Checkpoint saved: experiments/fvgb_nobt_seed456/epoch_060.pth
Best checkpoint saved: experiments/fvgb_nobt_seed456/best.pth  (val_loss=4.6260)

Epoch 061/150 Summary | LR=0.000194
  Train — total=0.8247  id=0.6758  tri=0.4423  orth=0.288830  gen=0.0891
  Val   — total=4.8982  id=8.0037  tri=0.6902  gen=0.4124  gen_acc=0.778


Epoch 062/150 Summary | LR=0.000191
  Train — total=0.8405  id=0.7132  tri=0.4448  orth=0.282439  gen=0.0782
  Val   — total=4.7467  id=7.7038  tri=0.6929  gen=0.4040  gen_acc=0.806


Epoch 063/150 Summary | LR=0.000188
  Train — total=0.8399  id=0.7128  tri=0.4358  orth=0.289157  gen=0.0955
  Val   — total=4.9963  id=7.6641  tri=0.6887  gen=0.9510  gen_acc=0.616


Epoch 064/150 Summary | LR=0.000185
  Train — total=0.8319  id=0.6870  tri=0.4390  orth=0.270432  gen=0.0989
  Val   — total=4.9403  id=8.0926  tri=0.6914  gen=0.4051  gen_acc=0.870


Epoch 065/150 Summary | LR=0.000182
  Train — total=0.7977  id=0.6198  tri=0.4294  orth=0.273632  gen=0.1167
  Val   — total=5.4777  id=8.1053  tri=0.6962  gen=1.4576  gen_acc=0.523


Epoch 066/150 Summary | LR=0.000179
  Train — total=0.8245  id=0.6862  tri=0.4319  orth=0.277837  gen=0.0989
  Val   — total=4.9138  id=7.5736  tri=0.6991  gen=0.8558  gen_acc=0.588


Epoch 067/150 Summary | LR=0.000175
  Train — total=0.7427  id=0.5780  tri=0.4179  orth=0.272678  gen=0.0716
  Val   — total=5.1599  id=8.3960  tri=0.6995  gen=0.5248  gen_acc=0.764


Epoch 068/150 Summary | LR=0.000172
  Train — total=0.7809  id=0.6269  tri=0.4195  orth=0.260606  gen=0.0958
  Val   — total=5.7059  id=9.5761  tri=0.7112  gen=0.4133  gen_acc=0.815


Epoch 069/150 Summary | LR=0.000169
  Train — total=0.7398  id=0.5739  tri=0.4137  orth=0.259277  gen=0.0783
  Val   — total=4.7901  id=7.7507  tri=0.7117  gen=0.4061  gen_acc=0.870


Epoch 070/150 Summary | LR=0.000166
  Train — total=0.7347  id=0.5685  tri=0.4107  orth=0.271331  gen=0.0796
  Val   — total=4.9655  id=7.9752  tri=0.7228  gen=0.5101  gen_acc=0.773

  WS Rank-1 (epoch 70): 66.89%
Checkpoint saved: experiments/fvgb_nobt_seed456/epoch_070.pth

Epoch 071/150 Summary | LR=0.000163
  Train — total=0.7360  id=0.5767  tri=0.4083  orth=0.276464  gen=0.0788
  Val   — total=5.5257  id=8.8334  tri=0.7376  gen=0.7428  gen_acc=0.690


Epoch 072/150 Summary | LR=0.000160
  Train — total=0.7943  id=0.6523  tri=0.4277  orth=0.279033  gen=0.0809
  Val   — total=4.7987  id=7.7855  tri=0.7350  gen=0.3419  gen_acc=0.829


Epoch 073/150 Summary | LR=0.000157
  Train — total=0.7716  id=0.6217  tri=0.4076  orth=0.263431  gen=0.1062
  Val   — total=4.7026  id=7.5058  tri=0.7379  gen=0.4235  gen_acc=0.829


Epoch 074/150 Summary | LR=0.000154
  Train — total=0.7795  id=0.6310  tri=0.4217  orth=0.265475  gen=0.0845
  Val   — total=4.6684  id=7.5297  tri=0.7216  gen=0.3639  gen_acc=0.843


Epoch 075/150 Summary | LR=0.000150
  Train — total=0.7461  id=0.5814  tri=0.4156  orth=0.272729  gen=0.0794
  Val   — total=4.7594  id=7.7061  tri=0.7193  gen=0.3740  gen_acc=0.884


Epoch 076/150 Summary | LR=0.000147
  Train — total=0.7301  id=0.5494  tri=0.4148  orth=0.279708  gen=0.0813
  Val   — total=4.8521  id=7.8945  tri=0.7277  gen=0.3544  gen_acc=0.856


Epoch 077/150 Summary | LR=0.000144
  Train — total=0.6936  id=0.4993  tri=0.4132  orth=0.279986  gen=0.0614
  Val   — total=5.2437  id=8.5526  tri=0.7292  gen=0.4764  gen_acc=0.796


Epoch 078/150 Summary | LR=0.000141
  Train — total=0.6581  id=0.4932  tri=0.3877  orth=0.276579  gen=0.0477
  Val   — total=4.8485  id=7.8909  tri=0.7267  gen=0.3527  gen_acc=0.852


Epoch 079/150 Summary | LR=0.000138
  Train — total=0.7206  id=0.5954  tri=0.3926  orth=0.269713  gen=0.0607
  Val   — total=4.7641  id=7.7077  tri=0.7364  gen=0.3478  gen_acc=0.870


Epoch 080/150 Summary | LR=0.000135
  Train — total=0.7154  id=0.5466  tri=0.4111  orth=0.263987  gen=0.0620
  Val   — total=4.9109  id=7.9374  tri=0.7339  gen=0.4165  gen_acc=0.847

  WS Rank-1 (epoch 80): 66.44%
Checkpoint saved: experiments/fvgb_nobt_seed456/epoch_080.pth

Epoch 081/150 Summary | LR=0.000132
  Train — total=0.7055  id=0.5603  tri=0.3898  orth=0.254825  gen=0.0711
  Val   — total=4.8667  id=7.7444  tri=0.7349  gen=0.5192  gen_acc=0.843


Epoch 082/150 Summary | LR=0.000129
  Train — total=0.7317  id=0.5746  tri=0.3993  orth=0.242520  gen=0.0901
  Val   — total=4.6703  id=7.4565  tri=0.7338  gen=0.4164  gen_acc=0.838


Epoch 083/150 Summary | LR=0.000126
  Train — total=0.6996  id=0.5199  tri=0.3944  orth=0.275630  gen=0.0905
  Val   — total=4.9516  id=7.9292  tri=0.7302  gen=0.5135  gen_acc=0.778


Epoch 084/150 Summary | LR=0.000122
  Train — total=0.6960  id=0.5263  tri=0.3981  orth=0.250082  gen=0.0694
  Val   — total=5.1348  id=8.0402  tri=0.7414  gen=0.7467  gen_acc=0.671


Epoch 085/150 Summary | LR=0.000119
  Train — total=0.7081  id=0.5652  tri=0.3857  orth=0.257483  gen=0.0798
  Val   — total=4.7826  id=7.6453  tri=0.7397  gen=0.4405  gen_acc=0.801


Epoch 086/150 Summary | LR=0.000116
  Train — total=0.7267  id=0.5591  tri=0.4122  orth=0.243949  gen=0.0698
  Val   — total=4.9755  id=8.1306  tri=0.7265  gen=0.3673  gen_acc=0.861


Epoch 087/150 Summary | LR=0.000113
  Train — total=0.6113  id=0.4237  tri=0.3737  orth=0.254871  gen=0.0514
  Val   — total=4.9606  id=8.0390  tri=0.7425  gen=0.3971  gen_acc=0.792


Epoch 088/150 Summary | LR=0.000110
  Train — total=0.6524  id=0.4543  tri=0.3893  orth=0.263308  gen=0.0719
  Val   — total=5.1768  id=8.2843  tri=0.7380  gen=0.5933  gen_acc=0.718


Epoch 089/150 Summary | LR=0.000107
  Train — total=0.6327  id=0.4561  tri=0.3802  orth=0.255132  gen=0.0490
  Val   — total=4.9867  id=8.0798  tri=0.7250  gen=0.4436  gen_acc=0.773


Epoch 090/150 Summary | LR=0.000104
  Train — total=0.6365  id=0.4649  tri=0.3703  orth=0.266583  gen=0.0674
  Val   — total=4.7847  id=7.7847  tri=0.7245  gen=0.3357  gen_acc=0.829

  WS Rank-1 (epoch 90): 70.44%
Best checkpoint saved (Rank-1=70.44%)
Checkpoint saved: experiments/fvgb_nobt_seed456/epoch_090.pth
Best checkpoint saved: experiments/fvgb_nobt_seed456/best.pth  (val_loss=4.7847)

Epoch 091/150 Summary | LR=0.000101
  Train — total=0.6455  id=0.4924  tri=0.3704  orth=0.253099  gen=0.0578
  Val   — total=4.7954  id=7.7812  tri=0.7370  gen=0.3356  gen_acc=0.838


Epoch 092/150 Summary | LR=0.000098
  Train — total=0.6021  id=0.4436  tri=0.3646  orth=0.247865  gen=0.0314
  Val   — total=5.0643  id=8.2511  tri=0.7447  gen=0.3881  gen_acc=0.861


Epoch 093/150 Summary | LR=0.000095
  Train — total=0.5691  id=0.3853  tri=0.3568  orth=0.256800  gen=0.0393
  Val   — total=4.7292  id=7.6546  tri=0.7405  gen=0.3227  gen_acc=0.852


Epoch 094/150 Summary | LR=0.000093
  Train — total=0.5914  id=0.4184  tri=0.3506  orth=0.255011  gen=0.0631
  Val   — total=4.9027  id=7.9065  tri=0.7496  gen=0.3998  gen_acc=0.796


Epoch 095/150 Summary | LR=0.000090
  Train — total=0.5722  id=0.4247  tri=0.3390  orth=0.255486  gen=0.0416
  Val   — total=4.8611  id=7.8746  tri=0.7555  gen=0.3364  gen_acc=0.852


Epoch 096/150 Summary | LR=0.000087
  Train — total=0.6030  id=0.3997  tri=0.3743  orth=0.258466  gen=0.0577
  Val   — total=4.8249  id=7.7109  tri=0.7507  gen=0.4374  gen_acc=0.856


Epoch 097/150 Summary | LR=0.000084
  Train — total=0.5666  id=0.4182  tri=0.3367  orth=0.245274  gen=0.0416
  Val   — total=4.7314  id=7.5224  tri=0.7510  gen=0.4385  gen_acc=0.856


Epoch 098/150 Summary | LR=0.000081
  Train — total=0.5850  id=0.4423  tri=0.3354  orth=0.237262  gen=0.0569
  Val   — total=4.7155  id=7.5084  tri=0.7540  gen=0.4148  gen_acc=0.778


Epoch 099/150 Summary | LR=0.000078
  Train — total=0.5721  id=0.4459  tri=0.3257  orth=0.248860  gen=0.0469
  Val   — total=4.7617  id=7.5097  tri=0.7520  gen=0.5097  gen_acc=0.750


Epoch 100/150 Summary | LR=0.000076
  Train — total=0.5367  id=0.3614  tri=0.3315  orth=0.240862  gen=0.0489
  Val   — total=4.7637  id=7.5536  tri=0.7578  gen=0.4582  gen_acc=0.773

  WS Rank-1 (epoch 100): 71.33%
Best checkpoint saved (Rank-1=71.33%)
Checkpoint saved: experiments/fvgb_nobt_seed456/epoch_100.pth
Best checkpoint saved: experiments/fvgb_nobt_seed456/best.pth  (val_loss=4.7637)

Epoch 101/150 Summary | LR=0.000073
  Train — total=0.5511  id=0.3616  tri=0.3474  orth=0.244826  gen=0.0458
  Val   — total=4.8912  id=7.9118  tri=0.7599  gen=0.3508  gen_acc=0.838


Epoch 102/150 Summary | LR=0.000070
  Train — total=0.5289  id=0.3790  tri=0.3150  orth=0.245590  gen=0.0488
  Val   — total=4.8632  id=7.8581  tri=0.7621  gen=0.3441  gen_acc=0.856


Epoch 103/150 Summary | LR=0.000068
  Train — total=0.5793  id=0.4125  tri=0.3453  orth=0.232692  gen=0.0555
  Val   — total=4.9135  id=7.9133  tri=0.7728  gen=0.3680  gen_acc=0.847


Epoch 104/150 Summary | LR=0.000065
  Train — total=0.5356  id=0.4026  tri=0.3083  orth=0.236836  gen=0.0519
  Val   — total=4.9706  id=8.0052  tri=0.7791  gen=0.3777  gen_acc=0.843


Epoch 105/150 Summary | LR=0.000063
  Train — total=0.5590  id=0.3997  tri=0.3326  orth=0.232910  gen=0.0531
  Val   — total=4.8415  id=7.7395  tri=0.7863  gen=0.3710  gen_acc=0.824


Epoch 106/150 Summary | LR=0.000060
  Train — total=0.5111  id=0.3620  tri=0.3104  orth=0.243667  gen=0.0394
  Val   — total=4.8976  id=7.8822  tri=0.7888  gen=0.3353  gen_acc=0.852


Epoch 107/150 Summary | LR=0.000058
  Train — total=0.6346  id=0.4979  tri=0.3615  orth=0.238497  gen=0.0481
  Val   — total=4.9505  id=7.9834  tri=0.7854  gen=0.3467  gen_acc=0.833


Epoch 108/150 Summary | LR=0.000055
  Train — total=0.5145  id=0.3475  tri=0.3117  orth=0.250381  gen=0.0581
  Val   — total=4.8659  id=7.7875  tri=0.7888  gen=0.3668  gen_acc=0.824


Epoch 109/150 Summary | LR=0.000053
  Train — total=0.5635  id=0.4137  tri=0.3341  orth=0.250248  gen=0.0451
  Val   — total=4.9323  id=7.9423  tri=0.7877  gen=0.3469  gen_acc=0.829


Epoch 110/150 Summary | LR=0.000050
  Train — total=0.5525  id=0.3981  tri=0.3338  orth=0.248268  gen=0.0394
  Val   — total=4.8982  id=7.8510  tri=0.7926  gen=0.3603  gen_acc=0.833

  WS Rank-1 (epoch 110): 72.00%
Best checkpoint saved (Rank-1=72.00%)
Checkpoint saved: experiments/fvgb_nobt_seed456/epoch_110.pth
Best checkpoint saved: experiments/fvgb_nobt_seed456/best.pth  (val_loss=4.8982)

Epoch 111/150 Summary | LR=0.000048
  Train — total=0.5138  id=0.3463  tri=0.3180  orth=0.248346  gen=0.0453
  Val   — total=4.8999  id=7.8438  tri=0.7952  gen=0.3655  gen_acc=0.806


Epoch 112/150 Summary | LR=0.000046
  Train — total=0.4487  id=0.3112  tri=0.2805  orth=0.246439  gen=0.0251
  Val   — total=4.8262  id=7.7102  tri=0.7952  gen=0.3519  gen_acc=0.810


Epoch 113/150 Summary | LR=0.000044
  Train — total=0.5373  id=0.3797  tri=0.3133  orth=0.258985  gen=0.0682
  Val   — total=4.7818  id=7.6255  tri=0.7980  gen=0.3421  gen_acc=0.806


Epoch 114/150 Summary | LR=0.000042
  Train — total=0.4950  id=0.3437  tri=0.3036  orth=0.251679  gen=0.0390
  Val   — total=4.7313  id=7.5681  tri=0.7965  gen=0.3014  gen_acc=0.866


Epoch 115/150 Summary | LR=0.000039
  Train — total=0.5088  id=0.3727  tri=0.3005  orth=0.242506  gen=0.0440
  Val   — total=4.7568  id=7.6092  tri=0.7989  gen=0.3066  gen_acc=0.852


Epoch 116/150 Summary | LR=0.000037
  Train — total=0.4748  id=0.3365  tri=0.2833  orth=0.247229  gen=0.0464
  Val   — total=4.7986  id=7.6771  tri=0.7997  gen=0.3207  gen_acc=0.838


Epoch 117/150 Summary | LR=0.000035
  Train — total=0.5313  id=0.3865  tri=0.3192  orth=0.256183  gen=0.0377
  Val   — total=4.7537  id=7.5939  tri=0.7972  gen=0.3192  gen_acc=0.838


Epoch 118/150 Summary | LR=0.000033
  Train — total=0.4854  id=0.3410  tri=0.2902  orth=0.244555  gen=0.0494
  Val   — total=4.7124  id=7.5229  tri=0.7995  gen=0.3028  gen_acc=0.847


Epoch 119/150 Summary | LR=0.000031
  Train — total=0.5055  id=0.3419  tri=0.3140  orth=0.247268  gen=0.0411
  Val   — total=4.7906  id=7.6735  tri=0.8009  gen=0.3060  gen_acc=0.856


Epoch 120/150 Summary | LR=0.000030
  Train — total=0.5107  id=0.3351  tri=0.3135  orth=0.233654  gen=0.0592
  Val   — total=4.8325  id=7.7209  tri=0.8032  gen=0.3378  gen_acc=0.838

  WS Rank-1 (epoch 120): 71.11%
Checkpoint saved: experiments/fvgb_nobt_seed456/epoch_120.pth

Epoch 121/150 Summary | LR=0.000028
  Train — total=0.5002  id=0.3802  tri=0.2846  orth=0.237048  gen=0.0510
  Val   — total=4.7853  id=7.6537  tri=0.8051  gen=0.3066  gen_acc=0.838


Epoch 122/150 Summary | LR=0.000026
  Train — total=0.4660  id=0.3184  tri=0.2943  orth=0.242880  gen=0.0249
  Val   — total=4.8156  id=7.7073  tri=0.8066  gen=0.3107  gen_acc=0.847


Epoch 123/150 Summary | LR=0.000024
  Train — total=0.5002  id=0.3532  tri=0.2992  orth=0.235597  gen=0.0488
  Val   — total=4.8090  id=7.6926  tri=0.8050  gen=0.3153  gen_acc=0.875


Epoch 124/150 Summary | LR=0.000023
  Train — total=0.5381  id=0.3936  tri=0.3178  orth=0.239963  gen=0.0469
  Val   — total=4.7550  id=7.6037  tri=0.8035  gen=0.2992  gen_acc=0.875


Epoch 125/150 Summary | LR=0.000021
  Train — total=0.4155  id=0.2625  tri=0.2645  orth=0.246272  gen=0.0394
  Val   — total=4.6899  id=7.4921  tri=0.8010  gen=0.2857  gen_acc=0.894


Epoch 126/150 Summary | LR=0.000019
  Train — total=0.4272  id=0.2718  tri=0.2737  orth=0.258850  gen=0.0352
  Val   — total=4.7171  id=7.5505  tri=0.8012  gen=0.2814  gen_acc=0.866


Epoch 127/150 Summary | LR=0.000018
  Train — total=0.4818  id=0.3242  tri=0.2967  orth=0.242748  gen=0.0461
  Val   — total=4.7448  id=7.6025  tri=0.8035  gen=0.2801  gen_acc=0.861


Epoch 128/150 Summary | LR=0.000017
  Train — total=0.4387  id=0.3134  tri=0.2641  orth=0.244273  gen=0.0357
  Val   — total=4.7696  id=7.6158  tri=0.8048  gen=0.3137  gen_acc=0.833


Epoch 129/150 Summary | LR=0.000015
  Train — total=0.4156  id=0.2763  tri=0.2561  orth=0.266603  gen=0.0429
  Val   — total=4.7932  id=7.6546  tri=0.8083  gen=0.3151  gen_acc=0.829


Epoch 130/150 Summary | LR=0.000014
  Train — total=0.4797  id=0.3294  tri=0.2894  orth=0.245002  gen=0.0513
  Val   — total=4.8171  id=7.6797  tri=0.8112  gen=0.3321  gen_acc=0.833

  WS Rank-1 (epoch 130): 70.67%
Checkpoint saved: experiments/fvgb_nobt_seed456/epoch_130.pth

Epoch 131/150 Summary | LR=0.000013
  Train — total=0.4778  id=0.3258  tri=0.2887  orth=0.237493  gen=0.0524
  Val   — total=4.7843  id=7.6250  tri=0.8103  gen=0.3230  gen_acc=0.838


Epoch 132/150 Summary | LR=0.000011
  Train — total=0.4374  id=0.2911  tri=0.2746  orth=0.249848  gen=0.0344
  Val   — total=4.7632  id=7.6108  tri=0.8095  gen=0.2965  gen_acc=0.852


Epoch 133/150 Summary | LR=0.000010
  Train — total=0.4798  id=0.3477  tri=0.2912  orth=0.244689  gen=0.0294
  Val   — total=4.7876  id=7.6594  tri=0.8105  gen=0.2948  gen_acc=0.847


Epoch 134/150 Summary | LR=0.000009
  Train — total=0.4572  id=0.3324  tri=0.2701  orth=0.236341  gen=0.0419
  Val   — total=4.7789  id=7.6374  tri=0.8113  gen=0.2978  gen_acc=0.847


Epoch 135/150 Summary | LR=0.000008
  Train — total=0.4950  id=0.3429  tri=0.3016  orth=0.230792  gen=0.0438
  Val   — total=4.7581  id=7.5967  tri=0.8099  gen=0.2998  gen_acc=0.833


Epoch 136/150 Summary | LR=0.000007
  Train — total=0.3991  id=0.3013  tri=0.2322  orth=0.250243  gen=0.0324
  Val   — total=4.7421  id=7.5503  tri=0.8100  gen=0.3139  gen_acc=0.838


Epoch 137/150 Summary | LR=0.000007
  Train — total=0.4689  id=0.3358  tri=0.2804  orth=0.239939  gen=0.0412
  Val   — total=4.7663  id=7.6120  tri=0.8104  gen=0.2999  gen_acc=0.843


Epoch 138/150 Summary | LR=0.000006
  Train — total=0.4558  id=0.3118  tri=0.2848  orth=0.249910  gen=0.0303
  Val   — total=4.7622  id=7.6113  tri=0.8113  gen=0.2905  gen_acc=0.843


Epoch 139/150 Summary | LR=0.000005
  Train — total=0.4370  id=0.2811  tri=0.2795  orth=0.242662  gen=0.0340
  Val   — total=4.7333  id=7.5515  tri=0.8109  gen=0.2933  gen_acc=0.843


Epoch 140/150 Summary | LR=0.000004
  Train — total=0.4335  id=0.2999  tri=0.2642  orth=0.240528  gen=0.0387
  Val   — total=4.7656  id=7.6206  tri=0.8111  gen=0.2885  gen_acc=0.852

  WS Rank-1 (epoch 140): 70.44%
Checkpoint saved: experiments/fvgb_nobt_seed456/epoch_140.pth

Epoch 141/150 Summary | LR=0.000004
  Train — total=0.4313  id=0.2945  tri=0.2591  orth=0.229937  gen=0.0499
  Val   — total=4.7644  id=7.6228  tri=0.8101  gen=0.2859  gen_acc=0.856


Epoch 142/150 Summary | LR=0.000003
  Train — total=0.4300  id=0.2972  tri=0.2645  orth=0.243275  gen=0.0338
  Val   — total=4.7799  id=7.6532  tri=0.8105  gen=0.2855  gen_acc=0.852


Epoch 143/150 Summary | LR=0.000003
  Train — total=0.4568  id=0.3377  tri=0.2710  orth=0.226719  gen=0.0339
  Val   — total=4.8000  id=7.6849  tri=0.8118  gen=0.2914  gen_acc=0.852


Epoch 144/150 Summary | LR=0.000002
  Train — total=0.4446  id=0.3049  tri=0.2784  orth=0.242443  gen=0.0274
  Val   — total=4.7845  id=7.6547  tri=0.8118  gen=0.2908  gen_acc=0.852


Epoch 145/150 Summary | LR=0.000002
  Train — total=0.4584  id=0.3010  tri=0.2933  orth=0.245605  gen=0.0293
  Val   — total=4.7794  id=7.6478  tri=0.8121  gen=0.2867  gen_acc=0.852


Epoch 146/150 Summary | LR=0.000002
  Train — total=0.4836  id=0.3598  tri=0.2828  orth=0.231770  gen=0.0419
  Val   — total=4.7940  id=7.6692  tri=0.8122  gen=0.2944  gen_acc=0.847


Epoch 147/150 Summary | LR=0.000001
  Train — total=0.4592  id=0.3195  tri=0.2780  orth=0.241295  gen=0.0428
  Val   — total=4.7607  id=7.6041  tri=0.8119  gen=0.2936  gen_acc=0.847


Epoch 148/150 Summary | LR=0.000001
  Train — total=0.4602  id=0.3343  tri=0.2700  orth=0.246910  gen=0.0460
  Val   — total=4.7602  id=7.6012  tri=0.8118  gen=0.2957  gen_acc=0.847


Epoch 149/150 Summary | LR=0.000001
  Train — total=0.4882  id=0.3490  tri=0.2928  orth=0.231117  gen=0.0419
  Val   — total=4.7847  id=7.6541  tri=0.8116  gen=0.2922  gen_acc=0.852


Epoch 150/150 Summary | LR=0.000001
  Train — total=0.4257  id=0.3155  tri=0.2544  orth=0.236162  gen=0.0271
  Val   — total=4.7717  id=7.6284  tri=0.8116  gen=0.2917  gen_acc=0.852

  WS Rank-1 (epoch 150): 70.67%
Checkpoint saved: experiments/fvgb_nobt_seed456/epoch_150.pth
Training complete.
