Device: cuda
PKSampler ready: 74 male + 44 female identities, P=8 (balanced), K=4, batch_size=32
PKSampler: P=8 identities × K=4 samples = batch_size=32
Loaded checkpoint from epoch 120

=== Repeated Frame Test (Static Sequence, protocol: WS) ===

Extracting original features...
Extracting static (repeated frame) features...

============================================================
REPEATED FRAME TEST RESULTS
============================================================
Metric                                     Original     Static
---------------------------------------- ---------- ----------
WS Rank-1                                    74.67%     16.00%
WS mAP                                       81.31%     27.71%
Fm feature norm                              7.5529     8.1700
Fk feature norm                              6.1219     6.0318
Fm cosine sim (orig vs static)                   --     0.9686
Fk cosine sim (orig vs static)                   --     0.9931

Interpretation:
  Fk norm drop: 1.5%  Fm norm drop: -8.2%
  ~ Fm and Fk show similar response to static input.
  Rank-1 drop: 58.67%

Results saved to experiments/fvgb_seed456/best_repeated_frame_test.json
