Device: cuda
PKSampler ready: 74 male + 44 female identities, P=8 (balanced), K=4, batch_size=32
PKSampler: P=8 identities × K=4 samples = batch_size=32
Loaded checkpoint from epoch 120

=== Frame Shuffle Test (protocol: WS) ===
Averaging over 5 shuffle permutations

Extracting original features...
Original  -- Rank-1: 74.67%  mAP: 81.31%
Shuffled  -- Rank-1: 69.29%  mAP: 77.13%

=======================================================
SHUFFLE SENSITIVITY
=======================================================
Metric                                Original   Shuffled
----------------------------------- ---------- ----------
WS Rank-1                               74.67%     69.29%
WS mAP                                  81.31%     77.13%
Fm cosine sim (orig vs shuf)                --     1.0000
Fk cosine sim (orig vs shuf)                --     0.9929

Interpretation:
  ~ Fk (0.993) approx Fm (1.000)
    Both branches show similar shuffle sensitivity.

  Rank-1 drop from shuffling: 5.38%
  PASSED -- Temporal order matters for identity retrieval.

Results saved to experiments/fvgb_seed456/best_shuffle_test.json
