Dataset: fvgb
Seed: 2024
Graph: DISABLED (ablation)
Morphology backbone: custom
Device: cuda
PKSampler ready: 74 male + 44 female identities, P=8 (balanced), K=4, batch_size=32
PKSampler: P=8 identities × K=4 samples = batch_size=32

DatasetMeta: name=fvgb  has_gender=True  has_age=False
Training identities: 136
Train batches:       11
Val batches:         14
Test subjects:       90
  WS: gallery=90  probe=450
  BGHT: gallery=60  probe=180
  CL: gallery=30  probe=90
  MP: gallery=30  probe=90
  ALL: gallery=90  probe=1134

Parameter breakdown:
  morph_encoder (custom)  1,568,992
  motion_encoder        4,703,008
  identity_head           595,456
  gender_head              66,178
  total                 6,933,634

Starting training from epoch 1 to 150


Epoch 001/150 Summary | LR=0.000300
  Train — total=3.7104  id=5.0496  tri=0.7288  orth=0.478601  gen=0.8656
  Val   — total=3.4726  id=4.9197  tri=0.5956  gen=0.8344  gen_acc=0.389


Epoch 002/150 Summary | LR=0.000300
  Train — total=3.3931  id=4.6771  tri=0.7122  orth=0.643455  gen=0.6203
  Val   — total=3.9141  id=4.9348  tri=0.6921  gen=1.5091  gen_acc=0.389


Epoch 003/150 Summary | LR=0.000300
  Train — total=3.0696  id=4.3350  tri=0.6475  orth=0.645499  gen=0.4445
  Val   — total=4.3676  id=4.9518  tri=0.7113  gen=2.3608  gen_acc=0.389


Epoch 004/150 Summary | LR=0.000299
  Train — total=2.9507  id=4.1524  tri=0.6458  orth=0.596133  gen=0.3977
  Val   — total=4.8676  id=5.0741  tri=0.6750  gen=3.3112  gen_acc=0.389


Epoch 005/150 Summary | LR=0.000299
  Train — total=2.7182  id=3.8119  tri=0.6088  orth=0.576631  gen=0.3493
  Val   — total=4.1780  id=5.2397  tri=0.7295  gen=1.6573  gen_acc=0.389


Epoch 006/150 Summary | LR=0.000299
  Train — total=2.6436  id=3.6840  tri=0.6071  orth=0.466695  gen=0.3424
  Val   — total=4.0102  id=5.4690  tri=0.7125  gen=1.1265  gen_acc=0.449


Epoch 007/150 Summary | LR=0.000298
  Train — total=2.5503  id=3.5625  tri=0.5906  orth=0.439198  gen=0.3130
  Val   — total=4.8442  id=7.1782  tri=0.7789  gen=0.9523  gen_acc=0.537


Epoch 008/150 Summary | LR=0.000298
  Train — total=2.4956  id=3.4681  tri=0.5880  orth=0.409850  gen=0.3060
  Val   — total=5.6431  id=7.2817  tri=0.7600  gen=2.4844  gen_acc=0.639


Epoch 009/150 Summary | LR=0.000297
  Train — total=2.4800  id=3.3512  tri=0.6040  orth=0.407992  gen=0.3601
  Val   — total=5.2773  id=7.2295  tri=0.7465  gen=1.8321  gen_acc=0.398


Epoch 010/150 Summary | LR=0.000297
  Train — total=2.3846  id=3.2802  tri=0.5892  orth=0.369107  gen=0.2738
  Val   — total=5.2194  id=8.4352  tri=0.7442  gen=0.5151  gen_acc=0.727

  WS Rank-1 (epoch 10): 42.44%
Best checkpoint saved (Rank-1=42.44%)
Checkpoint saved: experiments/fvgb_nograph_seed2024/epoch_010.pth
Best checkpoint saved: experiments/fvgb_nograph_seed2024/best.pth  (val_loss=5.2194)

Epoch 011/150 Summary | LR=0.000296
  Train — total=2.2803  id=3.0841  tri=0.5859  orth=0.382046  gen=0.2665
  Val   — total=4.7067  id=7.2927  tri=0.7281  gen=0.6645  gen_acc=0.690


Epoch 012/150 Summary | LR=0.000295
  Train — total=2.2697  id=3.0625  tri=0.5798  orth=0.304109  gen=0.2868
  Val   — total=5.7228  id=7.6738  tri=0.7229  gen=2.3260  gen_acc=0.662


Epoch 013/150 Summary | LR=0.000294
  Train — total=2.1506  id=2.8541  tri=0.5659  orth=0.312072  gen=0.2843
  Val   — total=4.3818  id=6.7790  tri=0.7331  gen=0.5184  gen_acc=0.773


Epoch 014/150 Summary | LR=0.000294
  Train — total=2.0949  id=2.7951  tri=0.5576  orth=0.342148  gen=0.2452
  Val   — total=6.2112  id=8.0715  tri=0.7135  gen=2.9238  gen_acc=0.389


Epoch 015/150 Summary | LR=0.000293
  Train — total=2.0579  id=2.7170  tri=0.5550  orth=0.290452  gen=0.2597
  Val   — total=5.5880  id=7.8880  tri=0.7190  gen=1.8500  gen_acc=0.403


Epoch 016/150 Summary | LR=0.000292
  Train — total=1.9622  id=2.5246  tri=0.5469  orth=0.294037  gen=0.2765
  Val   — total=4.9050  id=7.7660  tri=0.7412  gen=0.5615  gen_acc=0.778


Epoch 017/150 Summary | LR=0.000291
  Train — total=1.9466  id=2.5076  tri=0.5606  orth=0.302812  gen=0.2340
  Val   — total=5.6352  id=7.8970  tri=0.7021  gen=1.9692  gen_acc=0.398


Epoch 018/150 Summary | LR=0.000290
  Train — total=1.9166  id=2.4669  tri=0.5540  orth=0.281881  gen=0.2302
  Val   — total=4.5143  id=6.9316  tri=0.7066  gen=0.6837  gen_acc=0.597


Epoch 019/150 Summary | LR=0.000288
  Train — total=1.8717  id=2.4031  tri=0.5453  orth=0.273661  gen=0.2222
  Val   — total=4.8599  id=7.8267  tri=0.7149  gen=0.4634  gen_acc=0.764


Epoch 020/150 Summary | LR=0.000287
  Train — total=1.8422  id=2.3413  tri=0.5374  orth=0.327107  gen=0.2356
  Val   — total=5.1570  id=7.2573  tri=0.7181  gen=1.6204  gen_acc=0.417

  WS Rank-1 (epoch 20): 56.89%
Best checkpoint saved (Rank-1=56.89%)
Checkpoint saved: experiments/fvgb_nograph_seed2024/epoch_020.pth
Best checkpoint saved: experiments/fvgb_nograph_seed2024/best.pth  (val_loss=5.1570)

Epoch 021/150 Summary | LR=0.000286
  Train — total=1.7732  id=2.2701  tri=0.5385  orth=0.265741  gen=0.1726
  Val   — total=5.5009  id=9.0461  tri=0.7202  gen=0.5152  gen_acc=0.829


Epoch 022/150 Summary | LR=0.000284
  Train — total=1.6779  id=2.1138  tri=0.5297  orth=0.270856  gen=0.1557
  Val   — total=4.8099  id=7.5601  tri=0.7115  gen=0.6366  gen_acc=0.769


Epoch 023/150 Summary | LR=0.000283
  Train — total=1.7053  id=2.1008  tri=0.5391  orth=0.259250  gen=0.2057
  Val   — total=4.7004  id=7.0847  tri=0.7082  gen=0.8998  gen_acc=0.778


Epoch 024/150 Summary | LR=0.000282
  Train — total=1.6252  id=1.9950  tri=0.5182  orth=0.290960  gen=0.1898
  Val   — total=5.6695  id=7.8608  tri=0.7042  gen=2.0697  gen_acc=0.398


Epoch 025/150 Summary | LR=0.000280
  Train — total=1.6063  id=1.9631  tri=0.5256  orth=0.262967  gen=0.1720
  Val   — total=5.9655  id=7.9385  tri=0.6913  gen=2.6100  gen_acc=0.389


Epoch 026/150 Summary | LR=0.000278
  Train — total=1.4931  id=1.7567  tri=0.5142  orth=0.267917  gen=0.1745
  Val   — total=5.3047  id=7.7901  tri=0.7093  gen=1.4008  gen_acc=0.532


Epoch 027/150 Summary | LR=0.000277
  Train — total=1.5635  id=1.8788  tri=0.5336  orth=0.245670  gen=0.1565
  Val   — total=5.2360  id=8.1884  tri=0.6965  gen=0.8907  gen_acc=0.634


Epoch 028/150 Summary | LR=0.000275
  Train — total=1.5235  id=1.8079  tri=0.5191  orth=0.242762  gen=0.1765
  Val   — total=5.0886  id=7.8742  tri=0.7062  gen=0.8907  gen_acc=0.806


Epoch 029/150 Summary | LR=0.000273
  Train — total=1.5348  id=1.8051  tri=0.5207  orth=0.240612  gen=0.1990
  Val   — total=5.2351  id=7.8761  tri=0.6905  gen=1.2131  gen_acc=0.532


Epoch 030/150 Summary | LR=0.000271
  Train — total=1.4768  id=1.6730  tri=0.5287  orth=0.242904  gen=0.1988
  Val   — total=5.2154  id=7.6298  tri=0.7011  gen=1.3989  gen_acc=0.463

  WS Rank-1 (epoch 30): 60.89%
Best checkpoint saved (Rank-1=60.89%)
Checkpoint saved: experiments/fvgb_nograph_seed2024/epoch_030.pth
Best checkpoint saved: experiments/fvgb_nograph_seed2024/best.pth  (val_loss=5.2154)

Epoch 031/150 Summary | LR=0.000270
  Train — total=1.4131  id=1.6182  tri=0.5079  orth=0.247509  gen=0.1674
  Val   — total=6.4956  id=8.9516  tri=0.7035  gen=2.6325  gen_acc=0.662


Epoch 032/150 Summary | LR=0.000268
  Train — total=1.3950  id=1.5873  tri=0.5177  orth=0.256269  gen=0.1416
  Val   — total=5.0975  id=8.2320  tri=0.6873  gen=0.5883  gen_acc=0.741


Epoch 033/150 Summary | LR=0.000266
  Train — total=1.3158  id=1.4795  tri=0.4878  orth=0.240809  gen=0.1524
  Val   — total=4.7735  id=7.3390  tri=0.6876  gen=0.8328  gen_acc=0.602


Epoch 034/150 Summary | LR=0.000264
  Train — total=1.3913  id=1.5588  tri=0.5129  orth=0.268677  gen=0.1711
  Val   — total=4.8605  id=7.9351  tri=0.6892  gen=0.4075  gen_acc=0.843


Epoch 035/150 Summary | LR=0.000262
  Train — total=1.2974  id=1.4142  tri=0.4992  orth=0.234762  gen=0.1589
  Val   — total=5.5774  id=8.4449  tri=0.6834  gen=1.3430  gen_acc=0.449


Epoch 036/150 Summary | LR=0.000259
  Train — total=1.3876  id=1.5542  tri=0.5152  orth=0.235619  gen=0.1671
  Val   — total=4.5990  id=7.1821  tri=0.6864  gen=0.6432  gen_acc=0.690


Epoch 037/150 Summary | LR=0.000257
  Train — total=1.3052  id=1.4325  tri=0.5021  orth=0.236178  gen=0.1499
  Val   — total=4.7154  id=7.4092  tri=0.6998  gen=0.6221  gen_acc=0.833


Epoch 038/150 Summary | LR=0.000255
  Train — total=1.3447  id=1.4909  tri=0.5105  orth=0.229456  gen=0.1546
  Val   — total=4.5055  id=7.0960  tri=0.6982  gen=0.5186  gen_acc=0.815


Epoch 039/150 Summary | LR=0.000253
  Train — total=1.2660  id=1.3496  tri=0.5072  orth=0.220350  gen=0.1460
  Val   — total=5.9002  id=7.9275  tri=0.6887  gen=2.4955  gen_acc=0.389


Epoch 040/150 Summary | LR=0.000251
  Train — total=1.2546  id=1.3663  tri=0.4971  orth=0.229538  gen=0.1256
  Val   — total=4.5870  id=6.8627  tri=0.6804  gen=0.9506  gen_acc=0.593

  WS Rank-1 (epoch 40): 61.78%
Best checkpoint saved (Rank-1=61.78%)
Checkpoint saved: experiments/fvgb_nograph_seed2024/epoch_040.pth
Best checkpoint saved: experiments/fvgb_nograph_seed2024/best.pth  (val_loss=4.5870)

Epoch 041/150 Summary | LR=0.000248
  Train — total=1.2380  id=1.2971  tri=0.5046  orth=0.223110  gen=0.1476
  Val   — total=5.2230  id=8.3061  tri=0.6923  gen=0.7554  gen_acc=0.801


Epoch 042/150 Summary | LR=0.000246
  Train — total=1.2069  id=1.2326  tri=0.4940  orth=0.219156  gen=0.1713
  Val   — total=4.8302  id=7.8512  tri=0.6768  gen=0.4554  gen_acc=0.847


Epoch 043/150 Summary | LR=0.000243
  Train — total=1.1455  id=1.1711  tri=0.4760  orth=0.231424  gen=0.1448
  Val   — total=4.5582  id=7.2724  tri=0.6878  gen=0.4684  gen_acc=0.759


Epoch 044/150 Summary | LR=0.000241
  Train — total=1.1327  id=1.1553  tri=0.4876  orth=0.208704  gen=0.1140
  Val   — total=4.9452  id=8.0241  tri=0.6890  gen=0.4884  gen_acc=0.773


Epoch 045/150 Summary | LR=0.000238
  Train — total=1.1108  id=1.1350  tri=0.4793  orth=0.224072  gen=0.1055
  Val   — total=5.4326  id=7.7917  tri=0.6839  gen=1.7056  gen_acc=0.449


Epoch 046/150 Summary | LR=0.000236
  Train — total=1.2100  id=1.2633  tri=0.5042  orth=0.226768  gen=0.1256
  Val   — total=4.6256  id=7.4596  tri=0.6850  gen=0.4215  gen_acc=0.796


Epoch 047/150 Summary | LR=0.000233
  Train — total=1.1027  id=1.0967  tri=0.4762  orth=0.210940  gen=0.1353
  Val   — total=5.7240  id=8.5846  tri=0.6748  gen=1.5137  gen_acc=0.486


Epoch 048/150 Summary | LR=0.000231
  Train — total=1.0658  id=1.0416  tri=0.4773  orth=0.215794  gen=0.1136
  Val   — total=4.7194  id=7.7223  tri=0.6877  gen=0.3411  gen_acc=0.847


Epoch 049/150 Summary | LR=0.000228
  Train — total=1.1056  id=1.0846  tri=0.4770  orth=0.223246  gen=0.1503
  Val   — total=4.6170  id=7.4532  tri=0.6856  gen=0.4096  gen_acc=0.829


Epoch 050/150 Summary | LR=0.000225
  Train — total=1.0637  id=1.0450  tri=0.4677  orth=0.218224  gen=0.1251
  Val   — total=4.8967  id=7.9536  tri=0.6736  gen=0.4927  gen_acc=0.778

  WS Rank-1 (epoch 50): 68.00%
Best checkpoint saved (Rank-1=68.00%)
Checkpoint saved: experiments/fvgb_nograph_seed2024/epoch_050.pth
Best checkpoint saved: experiments/fvgb_nograph_seed2024/best.pth  (val_loss=4.8967)

Epoch 051/150 Summary | LR=0.000223
  Train — total=0.9972  id=0.9369  tri=0.4587  orth=0.207058  gen=0.1193
  Val   — total=5.2724  id=8.7337  tri=0.6750  gen=0.4611  gen_acc=0.801


Epoch 052/150 Summary | LR=0.000220
  Train — total=1.0427  id=0.9931  tri=0.4758  orth=0.213873  gen=0.1192
  Val   — total=5.4402  id=9.0924  tri=0.6807  gen=0.4267  gen_acc=0.782


Epoch 053/150 Summary | LR=0.000217
  Train — total=1.0692  id=1.0299  tri=0.4889  orth=0.214299  gen=0.1092
  Val   — total=4.7984  id=7.7705  tri=0.6881  gen=0.4501  gen_acc=0.796


Epoch 054/150 Summary | LR=0.000214
  Train — total=1.0942  id=1.0438  tri=0.4883  orth=0.226854  gen=0.1453
  Val   — total=5.3444  id=8.7918  tri=0.6801  gen=0.5368  gen_acc=0.755


Epoch 055/150 Summary | LR=0.000211
  Train — total=1.0118  id=0.9342  tri=0.4785  orth=0.210975  gen=0.1112
  Val   — total=6.1286  id=9.3467  tri=0.6894  gen=1.5318  gen_acc=0.745


Epoch 056/150 Summary | LR=0.000208
  Train — total=1.0004  id=0.9284  tri=0.4647  orth=0.215883  gen=0.1213
  Val   — total=5.1656  id=7.6882  tri=0.6801  gen=1.2828  gen_acc=0.514


Epoch 057/150 Summary | LR=0.000206
  Train — total=1.0294  id=0.9536  tri=0.4787  orth=0.210610  gen=0.1267
  Val   — total=5.0281  id=7.9959  tri=0.6910  gen=0.6782  gen_acc=0.704


Epoch 058/150 Summary | LR=0.000203
  Train — total=0.9312  id=0.8571  tri=0.4325  orth=0.208797  gen=0.1194
  Val   — total=4.5931  id=7.3580  tri=0.6878  gen=0.4525  gen_acc=0.833


Epoch 059/150 Summary | LR=0.000200
  Train — total=0.9773  id=0.8770  tri=0.4687  orth=0.210900  gen=0.1191
  Val   — total=5.2688  id=8.5400  tri=0.6776  gen=0.6423  gen_acc=0.704


Epoch 060/150 Summary | LR=0.000197
  Train — total=0.9206  id=0.8101  tri=0.4509  orth=0.211460  gen=0.1082
  Val   — total=5.0082  id=8.0357  tri=0.6823  gen=0.6161  gen_acc=0.824

  WS Rank-1 (epoch 60): 64.44%
Checkpoint saved: experiments/fvgb_nograph_seed2024/epoch_060.pth

Epoch 061/150 Summary | LR=0.000194
  Train — total=0.8957  id=0.7832  tri=0.4472  orth=0.229286  gen=0.0908
  Val   — total=4.8492  id=7.9095  tri=0.6885  gen=0.4120  gen_acc=0.819


Epoch 062/150 Summary | LR=0.000191
  Train — total=0.9556  id=0.8634  tri=0.4675  orth=0.198942  gen=0.0929
  Val   — total=5.0899  id=7.6830  tri=0.6803  gen=1.1364  gen_acc=0.542


Epoch 063/150 Summary | LR=0.000188
  Train — total=0.8679  id=0.7525  tri=0.4389  orth=0.205957  gen=0.0849
  Val   — total=4.8941  id=7.9934  tri=0.6784  gen=0.4381  gen_acc=0.806


Epoch 064/150 Summary | LR=0.000185
  Train — total=0.8707  id=0.7503  tri=0.4436  orth=0.206136  gen=0.0834
  Val   — total=4.6075  id=7.4164  tri=0.6894  gen=0.4197  gen_acc=0.852


Epoch 065/150 Summary | LR=0.000182
  Train — total=0.8935  id=0.7684  tri=0.4580  orth=0.203455  gen=0.0822
  Val   — total=4.8397  id=7.9613  tri=0.6903  gen=0.3376  gen_acc=0.856


Epoch 066/150 Summary | LR=0.000179
  Train — total=0.8787  id=0.7284  tri=0.4570  orth=0.197174  gen=0.0953
  Val   — total=5.3275  id=8.8567  tri=0.6919  gen=0.4145  gen_acc=0.861


Epoch 067/150 Summary | LR=0.000175
  Train — total=0.8829  id=0.7527  tri=0.4430  orth=0.220035  gen=0.1052
  Val   — total=5.0841  id=7.7911  tri=0.6910  gen=0.9952  gen_acc=0.569


Epoch 068/150 Summary | LR=0.000172
  Train — total=0.8202  id=0.6702  tri=0.4335  orth=0.200272  gen=0.0833
  Val   — total=5.3482  id=8.0765  tri=0.7030  gen=1.2140  gen_acc=0.509


Epoch 069/150 Summary | LR=0.000169
  Train — total=0.8675  id=0.7507  tri=0.4446  orth=0.217012  gen=0.0734
  Val   — total=5.0682  id=8.1076  tri=0.7016  gen=0.6256  gen_acc=0.727


Epoch 070/150 Summary | LR=0.000166
  Train — total=0.8808  id=0.7636  tri=0.4457  orth=0.195573  gen=0.0871
  Val   — total=4.7726  id=7.7327  tri=0.6905  gen=0.4315  gen_acc=0.838

  WS Rank-1 (epoch 70): 68.44%
Best checkpoint saved (Rank-1=68.44%)
Checkpoint saved: experiments/fvgb_nograph_seed2024/epoch_070.pth
Best checkpoint saved: experiments/fvgb_nograph_seed2024/best.pth  (val_loss=4.7726)

Epoch 071/150 Summary | LR=0.000163
  Train — total=0.7914  id=0.6184  tri=0.4332  orth=0.198316  gen=0.0781
  Val   — total=4.8692  id=7.9188  tri=0.6918  gen=0.4358  gen_acc=0.847


Epoch 072/150 Summary | LR=0.000160
  Train — total=0.8484  id=0.6942  tri=0.4415  orth=0.192369  gen=0.1005
  Val   — total=4.9001  id=7.9000  tri=0.6996  gen=0.5011  gen_acc=0.824


Epoch 073/150 Summary | LR=0.000157
  Train — total=0.7677  id=0.5810  tri=0.4253  orth=0.191718  gen=0.0847
  Val   — total=5.1218  id=8.3075  tri=0.7101  gen=0.5159  gen_acc=0.773


Epoch 074/150 Summary | LR=0.000154
  Train — total=0.8305  id=0.6962  tri=0.4339  orth=0.183989  gen=0.0786
  Val   — total=4.8560  id=7.8832  tri=0.7010  gen=0.4268  gen_acc=0.787


Epoch 075/150 Summary | LR=0.000150
  Train — total=0.7710  id=0.5672  tri=0.4265  orth=0.193317  gen=0.1024
  Val   — total=4.9786  id=8.1435  tri=0.6910  gen=0.4318  gen_acc=0.806


Epoch 076/150 Summary | LR=0.000147
  Train — total=0.7352  id=0.5541  tri=0.4067  orth=0.208949  gen=0.0821
  Val   — total=5.2515  id=8.6043  tri=0.7056  gen=0.4874  gen_acc=0.824


Epoch 077/150 Summary | LR=0.000144
  Train — total=0.7552  id=0.5891  tri=0.4113  orth=0.198600  gen=0.0789
  Val   — total=5.0211  id=8.0097  tri=0.7037  gen=0.6251  gen_acc=0.741


Epoch 078/150 Summary | LR=0.000141
  Train — total=0.7891  id=0.6228  tri=0.4301  orth=0.199014  gen=0.0754
  Val   — total=5.2737  id=8.5736  tri=0.6952  gen=0.5834  gen_acc=0.750


Epoch 079/150 Summary | LR=0.000138
  Train — total=0.8006  id=0.6283  tri=0.4418  orth=0.194459  gen=0.0700
  Val   — total=4.9187  id=7.9214  tri=0.7049  gen=0.5064  gen_acc=0.829


Epoch 080/150 Summary | LR=0.000135
  Train — total=0.7695  id=0.5986  tri=0.4199  orth=0.189817  gen=0.0815
  Val   — total=5.1280  id=8.2663  tri=0.7116  gen=0.5666  gen_acc=0.847

  WS Rank-1 (epoch 80): 67.11%
Checkpoint saved: experiments/fvgb_nograph_seed2024/epoch_080.pth

Epoch 081/150 Summary | LR=0.000132
  Train — total=0.7702  id=0.6027  tri=0.4120  orth=0.199536  gen=0.0938
  Val   — total=4.9084  id=7.9061  tri=0.7087  gen=0.4935  gen_acc=0.801


Epoch 082/150 Summary | LR=0.000129
  Train — total=0.8104  id=0.6523  tri=0.4308  orth=0.186490  gen=0.0884
  Val   — total=4.7623  id=7.6205  tri=0.7008  gen=0.5025  gen_acc=0.764


Epoch 083/150 Summary | LR=0.000126
  Train — total=0.7148  id=0.5126  tri=0.4136  orth=0.191076  gen=0.0707
  Val   — total=4.9296  id=7.5840  tri=0.7055  gen=0.8643  gen_acc=0.639


Epoch 084/150 Summary | LR=0.000122
  Train — total=0.7061  id=0.5394  tri=0.3951  orth=0.185776  gen=0.0640
  Val   — total=4.9615  id=7.7740  tri=0.7104  gen=0.7282  gen_acc=0.690


Epoch 085/150 Summary | LR=0.000119
  Train — total=0.7124  id=0.5211  tri=0.3918  orth=0.182414  gen=0.1018
  Val   — total=4.9352  id=7.8954  tri=0.7100  gen=0.5551  gen_acc=0.736


Epoch 086/150 Summary | LR=0.000116
  Train — total=0.6458  id=0.4276  tri=0.3845  orth=0.199894  gen=0.0751
  Val   — total=4.8521  id=7.8584  tri=0.7157  gen=0.4144  gen_acc=0.801


Epoch 087/150 Summary | LR=0.000113
  Train — total=0.7148  id=0.5454  tri=0.3924  orth=0.195738  gen=0.0798
  Val   — total=5.1182  id=8.1655  tri=0.7106  gen=0.6498  gen_acc=0.815


Epoch 088/150 Summary | LR=0.000110
  Train — total=0.6749  id=0.4976  tri=0.3845  orth=0.196276  gen=0.0635
  Val   — total=4.6618  id=7.4408  tri=0.7146  gen=0.4535  gen_acc=0.847


Epoch 089/150 Summary | LR=0.000107
  Train — total=0.6998  id=0.5111  tri=0.3954  orth=0.205652  gen=0.0772
  Val   — total=4.6180  id=7.3916  tri=0.7310  gen=0.3824  gen_acc=0.819


Epoch 090/150 Summary | LR=0.000104
  Train — total=0.6105  id=0.4399  tri=0.3584  orth=0.197915  gen=0.0445
  Val   — total=4.6442  id=7.4033  tri=0.7334  gen=0.4182  gen_acc=0.796

  WS Rank-1 (epoch 90): 69.56%
Best checkpoint saved (Rank-1=69.56%)
Checkpoint saved: experiments/fvgb_nograph_seed2024/epoch_090.pth
Best checkpoint saved: experiments/fvgb_nograph_seed2024/best.pth  (val_loss=4.6442)

Epoch 091/150 Summary | LR=0.000101
  Train — total=0.6703  id=0.4975  tri=0.3780  orth=0.187836  gen=0.0683
  Val   — total=4.7785  id=7.6154  tri=0.7222  gen=0.4972  gen_acc=0.741


Epoch 092/150 Summary | LR=0.000098
  Train — total=0.7084  id=0.5084  tri=0.4128  orth=0.201452  gen=0.0625
  Val   — total=4.7535  id=7.6524  tri=0.7362  gen=0.3822  gen_acc=0.819


Epoch 093/150 Summary | LR=0.000095
  Train — total=0.6850  id=0.5445  tri=0.3679  orth=0.193491  gen=0.0704
  Val   — total=4.8057  id=7.7178  tri=0.7411  gen=0.4115  gen_acc=0.824


Epoch 094/150 Summary | LR=0.000093
  Train — total=0.6532  id=0.4646  tri=0.3852  orth=0.190676  gen=0.0523
  Val   — total=4.9591  id=7.7565  tri=0.7375  gen=0.6868  gen_acc=0.667


Epoch 095/150 Summary | LR=0.000090
  Train — total=0.6180  id=0.4251  tri=0.3724  orth=0.186450  gen=0.0473
  Val   — total=4.8652  id=7.7959  tri=0.7367  gen=0.4610  gen_acc=0.792


Epoch 096/150 Summary | LR=0.000087
  Train — total=0.5895  id=0.4215  tri=0.3451  orth=0.201353  gen=0.0472
  Val   — total=4.7921  id=7.6484  tri=0.7430  gen=0.4498  gen_acc=0.833


Epoch 097/150 Summary | LR=0.000084
  Train — total=0.6973  id=0.5132  tri=0.3954  orth=0.194853  gen=0.0711
  Val   — total=4.8955  id=7.8343  tri=0.7406  gen=0.4754  gen_acc=0.856


Epoch 098/150 Summary | LR=0.000081
  Train — total=0.6179  id=0.4275  tri=0.3724  orth=0.195179  gen=0.0440
  Val   — total=4.8225  id=7.6971  tri=0.7449  gen=0.4580  gen_acc=0.861


Epoch 099/150 Summary | LR=0.000078
  Train — total=0.5994  id=0.3956  tri=0.3653  orth=0.190724  gen=0.0537
  Val   — total=4.8233  id=7.7537  tri=0.7385  gen=0.4157  gen_acc=0.829


Epoch 100/150 Summary | LR=0.000076
  Train — total=0.6250  id=0.4448  tri=0.3660  orth=0.193523  gen=0.0539
  Val   — total=4.8341  id=7.7183  tri=0.7417  gen=0.4665  gen_acc=0.741

  WS Rank-1 (epoch 100): 69.78%
Best checkpoint saved (Rank-1=69.78%)
Checkpoint saved: experiments/fvgb_nograph_seed2024/epoch_100.pth
Best checkpoint saved: experiments/fvgb_nograph_seed2024/best.pth  (val_loss=4.8341)

Epoch 101/150 Summary | LR=0.000073
  Train — total=0.6300  id=0.4185  tri=0.3802  orth=0.204571  gen=0.0606
  Val   — total=4.7119  id=7.4355  tri=0.7536  gen=0.4811  gen_acc=0.787


Epoch 102/150 Summary | LR=0.000070
  Train — total=0.6638  id=0.4805  tri=0.3814  orth=0.179438  gen=0.0664
  Val   — total=4.7981  id=7.5869  tri=0.7544  gen=0.5005  gen_acc=0.773


Epoch 103/150 Summary | LR=0.000068
  Train — total=0.6045  id=0.4106  tri=0.3629  orth=0.193690  gen=0.0533
  Val   — total=4.7889  id=7.6591  tri=0.7445  gen=0.4298  gen_acc=0.819


Epoch 104/150 Summary | LR=0.000065
  Train — total=0.5786  id=0.4045  tri=0.3457  orth=0.192047  gen=0.0420
  Val   — total=4.7863  id=7.6684  tri=0.7385  gen=0.4273  gen_acc=0.838


Epoch 105/150 Summary | LR=0.000063
  Train — total=0.6053  id=0.4253  tri=0.3557  orth=0.186618  gen=0.0551
  Val   — total=4.7753  id=7.6480  tri=0.7421  gen=0.4184  gen_acc=0.815


Epoch 106/150 Summary | LR=0.000060
  Train — total=0.6059  id=0.3928  tri=0.3697  orth=0.185578  gen=0.0610
  Val   — total=4.7549  id=7.5567  tri=0.7504  gen=0.4523  gen_acc=0.787


Epoch 107/150 Summary | LR=0.000058
  Train — total=0.6195  id=0.4013  tri=0.3812  orth=0.189296  gen=0.0562
  Val   — total=4.7724  id=7.5957  tri=0.7556  gen=0.4379  gen_acc=0.819


Epoch 108/150 Summary | LR=0.000055
  Train — total=0.6390  id=0.4782  tri=0.3665  orth=0.178084  gen=0.0490
  Val   — total=4.8051  id=7.6116  tri=0.7567  gen=0.4850  gen_acc=0.787


Epoch 109/150 Summary | LR=0.000053
  Train — total=0.6426  id=0.4518  tri=0.3760  orth=0.181392  gen=0.0635
  Val   — total=4.8400  id=7.7454  tri=0.7532  gen=0.4282  gen_acc=0.829


Epoch 110/150 Summary | LR=0.000050
  Train — total=0.5883  id=0.3907  tri=0.3533  orth=0.185078  gen=0.0608
  Val   — total=4.8068  id=7.6788  tri=0.7509  gen=0.4330  gen_acc=0.819

  WS Rank-1 (epoch 110): 70.67%
Best checkpoint saved (Rank-1=70.67%)
Checkpoint saved: experiments/fvgb_nograph_seed2024/epoch_110.pth
Best checkpoint saved: experiments/fvgb_nograph_seed2024/best.pth  (val_loss=4.8068)

Epoch 111/150 Summary | LR=0.000048
  Train — total=0.5819  id=0.3781  tri=0.3570  orth=0.177114  gen=0.0540
  Val   — total=4.8375  id=7.7485  tri=0.7515  gen=0.4235  gen_acc=0.819


Epoch 112/150 Summary | LR=0.000046
  Train — total=0.6017  id=0.4098  tri=0.3613  orth=0.183478  gen=0.0526
  Val   — total=4.7705  id=7.5799  tri=0.7530  gen=0.4551  gen_acc=0.787


Epoch 113/150 Summary | LR=0.000044
  Train — total=0.5473  id=0.3751  tri=0.3177  orth=0.192809  gen=0.0649
  Val   — total=4.7845  id=7.5959  tri=0.7562  gen=0.4607  gen_acc=0.764


Epoch 114/150 Summary | LR=0.000042
  Train — total=0.5102  id=0.3134  tri=0.3214  orth=0.205884  gen=0.0436
  Val   — total=4.7651  id=7.6132  tri=0.7613  gen=0.3946  gen_acc=0.829


Epoch 115/150 Summary | LR=0.000039
  Train — total=0.5384  id=0.3603  tri=0.3215  orth=0.187489  gen=0.0548
  Val   — total=4.8176  id=7.6741  tri=0.7691  gen=0.4229  gen_acc=0.801


Epoch 116/150 Summary | LR=0.000037
  Train — total=0.5706  id=0.4156  tri=0.3298  orth=0.192360  gen=0.0466
  Val   — total=4.8270  id=7.7177  tri=0.7728  gen=0.3908  gen_acc=0.838


Epoch 117/150 Summary | LR=0.000035
  Train — total=0.5152  id=0.3382  tri=0.3094  orth=0.192616  gen=0.0541
  Val   — total=4.8227  id=7.7289  tri=0.7684  gen=0.3796  gen_acc=0.838


Epoch 118/150 Summary | LR=0.000033
  Train — total=0.5163  id=0.3333  tri=0.3198  orth=0.194571  gen=0.0404
  Val   — total=4.8463  id=7.7661  tri=0.7717  gen=0.3832  gen_acc=0.852


Epoch 119/150 Summary | LR=0.000031
  Train — total=0.5440  id=0.3953  tri=0.3163  orth=0.185239  gen=0.0416
  Val   — total=4.7664  id=7.6105  tri=0.7790  gen=0.3643  gen_acc=0.852


Epoch 120/150 Summary | LR=0.000030
  Train — total=0.5135  id=0.3250  tri=0.3164  orth=0.194052  gen=0.0498
  Val   — total=4.7931  id=7.6658  tri=0.7802  gen=0.3600  gen_acc=0.847

  WS Rank-1 (epoch 120): 72.89%
Best checkpoint saved (Rank-1=72.89%)
Checkpoint saved: experiments/fvgb_nograph_seed2024/epoch_120.pth
Best checkpoint saved: experiments/fvgb_nograph_seed2024/best.pth  (val_loss=4.7931)

Epoch 121/150 Summary | LR=0.000028
  Train — total=0.5692  id=0.3961  tri=0.3256  orth=0.185732  gen=0.0725
  Val   — total=4.8428  id=7.7558  tri=0.7831  gen=0.3636  gen_acc=0.847


Epoch 122/150 Summary | LR=0.000026
  Train — total=0.4994  id=0.3148  tri=0.3147  orth=0.186755  gen=0.0358
  Val   — total=4.7869  id=7.6264  tri=0.7833  gen=0.3807  gen_acc=0.838


Epoch 123/150 Summary | LR=0.000024
  Train — total=0.5562  id=0.4022  tri=0.3141  orth=0.185755  gen=0.0634
  Val   — total=4.7587  id=7.5559  tri=0.7822  gen=0.3970  gen_acc=0.829


Epoch 124/150 Summary | LR=0.000023
  Train — total=0.5143  id=0.3251  tri=0.3181  orth=0.184578  gen=0.0488
  Val   — total=4.7822  id=7.6268  tri=0.7818  gen=0.3740  gen_acc=0.847


Epoch 125/150 Summary | LR=0.000021
  Train — total=0.5197  id=0.3265  tri=0.3212  orth=0.186155  gen=0.0518
  Val   — total=4.8177  id=7.7022  tri=0.7840  gen=0.3652  gen_acc=0.856


Epoch 126/150 Summary | LR=0.000019
  Train — total=0.5109  id=0.3458  tri=0.3033  orth=0.181247  gen=0.0513
  Val   — total=4.8085  id=7.6789  tri=0.7837  gen=0.3707  gen_acc=0.843


Epoch 127/150 Summary | LR=0.000018
  Train — total=0.4954  id=0.3383  tri=0.2944  orth=0.205393  gen=0.0432
  Val   — total=4.7834  id=7.6148  tri=0.7849  gen=0.3823  gen_acc=0.824


Epoch 128/150 Summary | LR=0.000017
  Train — total=0.5047  id=0.3443  tri=0.2944  orth=0.180408  gen=0.0581
  Val   — total=4.8013  id=7.6630  tri=0.7851  gen=0.3693  gen_acc=0.843


Epoch 129/150 Summary | LR=0.000015
  Train — total=0.5623  id=0.3757  tri=0.3433  orth=0.186442  gen=0.0436
  Val   — total=4.7497  id=7.5556  tri=0.7870  gen=0.3698  gen_acc=0.838


Epoch 130/150 Summary | LR=0.000014
  Train — total=0.5054  id=0.3179  tri=0.3054  orth=0.186771  gen=0.0634
  Val   — total=4.7802  id=7.6173  tri=0.7857  gen=0.3717  gen_acc=0.843

  WS Rank-1 (epoch 130): 70.89%
Checkpoint saved: experiments/fvgb_nograph_seed2024/epoch_130.pth

Epoch 131/150 Summary | LR=0.000013
  Train — total=0.4946  id=0.3420  tri=0.3020  orth=0.185733  gen=0.0247
  Val   — total=4.8054  id=7.6665  tri=0.7865  gen=0.3713  gen_acc=0.833


Epoch 132/150 Summary | LR=0.000011
  Train — total=0.5230  id=0.3454  tri=0.3205  orth=0.180332  gen=0.0416
  Val   — total=4.7671  id=7.5909  tri=0.7888  gen=0.3657  gen_acc=0.833


Epoch 133/150 Summary | LR=0.000010
  Train — total=0.4789  id=0.2828  tri=0.3066  orth=0.189216  gen=0.0429
  Val   — total=4.7425  id=7.5452  tri=0.7891  gen=0.3615  gen_acc=0.843


Epoch 134/150 Summary | LR=0.000009
  Train — total=0.5066  id=0.3601  tri=0.2927  orth=0.182507  gen=0.0495
  Val   — total=4.7606  id=7.5852  tri=0.7885  gen=0.3589  gen_acc=0.847


Epoch 135/150 Summary | LR=0.000008
  Train — total=0.4692  id=0.2988  tri=0.2830  orth=0.186596  gen=0.0551
  Val   — total=4.7441  id=7.5513  tri=0.7894  gen=0.3581  gen_acc=0.847


Epoch 136/150 Summary | LR=0.000007
  Train — total=0.5195  id=0.3374  tri=0.3214  orth=0.184564  gen=0.0404
  Val   — total=4.7660  id=7.5929  tri=0.7889  gen=0.3614  gen_acc=0.843


Epoch 137/150 Summary | LR=0.000007
  Train — total=0.4298  id=0.2614  tri=0.2737  orth=0.194430  gen=0.0313
  Val   — total=4.7581  id=7.5840  tri=0.7882  gen=0.3558  gen_acc=0.838


Epoch 138/150 Summary | LR=0.000006
  Train — total=0.5370  id=0.3338  tri=0.3298  orth=0.190368  gen=0.0616
  Val   — total=4.8067  id=7.6855  tri=0.7867  gen=0.3545  gen_acc=0.852


Epoch 139/150 Summary | LR=0.000005
  Train — total=0.5424  id=0.3774  tri=0.3207  orth=0.188345  gen=0.0473
  Val   — total=4.7773  id=7.6294  tri=0.7857  gen=0.3539  gen_acc=0.838


Epoch 140/150 Summary | LR=0.000004
  Train — total=0.5054  id=0.3108  tri=0.3098  orth=0.187203  gen=0.0616
  Val   — total=4.7506  id=7.5715  tri=0.7871  gen=0.3556  gen_acc=0.847

  WS Rank-1 (epoch 140): 71.11%
Checkpoint saved: experiments/fvgb_nograph_seed2024/epoch_140.pth

Epoch 141/150 Summary | LR=0.000004
  Train — total=0.4969  id=0.3418  tri=0.2995  orth=0.183068  gen=0.0347
  Val   — total=4.7934  id=7.6552  tri=0.7876  gen=0.3564  gen_acc=0.847


Epoch 142/150 Summary | LR=0.000003
  Train — total=0.5186  id=0.3334  tri=0.3191  orth=0.187348  gen=0.0468
  Val   — total=4.7801  id=7.6271  tri=0.7870  gen=0.3591  gen_acc=0.847


Epoch 143/150 Summary | LR=0.000003
  Train — total=0.4999  id=0.3147  tri=0.3050  orth=0.185695  gen=0.0567
  Val   — total=4.7864  id=7.6417  tri=0.7875  gen=0.3559  gen_acc=0.847


Epoch 144/150 Summary | LR=0.000002
  Train — total=0.5049  id=0.3686  tri=0.2908  orth=0.173688  gen=0.0421
  Val   — total=4.7682  id=7.6064  tri=0.7863  gen=0.3574  gen_acc=0.847


Epoch 145/150 Summary | LR=0.000002
  Train — total=0.5206  id=0.3500  tri=0.3093  orth=0.192587  gen=0.0533
  Val   — total=4.7773  id=7.6253  tri=0.7872  gen=0.3548  gen_acc=0.852


Epoch 146/150 Summary | LR=0.000002
  Train — total=0.4686  id=0.2987  tri=0.2879  orth=0.184074  gen=0.0443
  Val   — total=4.7494  id=7.5748  tri=0.7872  gen=0.3497  gen_acc=0.852


Epoch 147/150 Summary | LR=0.000001
  Train — total=0.4693  id=0.2852  tri=0.2965  orth=0.202507  gen=0.0399
  Val   — total=4.7485  id=7.5757  tri=0.7860  gen=0.3492  gen_acc=0.847


Epoch 148/150 Summary | LR=0.000001
  Train — total=0.5372  id=0.3909  tri=0.3118  orth=0.182940  gen=0.0417
  Val   — total=4.7626  id=7.5953  tri=0.7872  gen=0.3556  gen_acc=0.847


Epoch 149/150 Summary | LR=0.000001
  Train — total=0.4633  id=0.2950  tri=0.2829  orth=0.184033  gen=0.0473
  Val   — total=4.7913  id=7.6425  tri=0.7869  gen=0.3662  gen_acc=0.838


Epoch 150/150 Summary | LR=0.000001
  Train — total=0.4850  id=0.3177  tri=0.2963  orth=0.199589  gen=0.0398
  Val   — total=4.7875  id=7.6409  tri=0.7868  gen=0.3604  gen_acc=0.847

  WS Rank-1 (epoch 150): 70.67%
Checkpoint saved: experiments/fvgb_nograph_seed2024/epoch_150.pth
Training complete.
