Device: cuda
PKSampler ready: 74 male + 44 female identities, P=8 (balanced), K=4, batch_size=32
PKSampler: P=8 identities × K=4 samples = batch_size=32
Loaded checkpoint from epoch 120

Extracting features from val set...

============================================================
GENDER FEATURE ANALYSIS
============================================================

1. Fisher Discriminant Ratio (gender separability)
   Fm FDR: 0.1851  (higher = more gender-discriminative)
   Fk FDR: 0.0300
   Ratio Fm/Fk: 6.17x
   PASSED -- Fm is more gender-discriminative than Fk

2. Intra/Inter-class Gender Distances
   Fm: intra=0.0305  inter=0.0360  ratio=1.18x
   Fk: intra=0.0032  inter=0.0033  ratio=1.03x

3. Top 10 Gender-Discriminative Dimensions of Fm
   Dimension indices: [129, 310, 475, 392, 332, 82, 379, 490, 176, 11]
   Max diff: 0.1059  Min diff (top 10): 0.0866

4. Per-Subject Gender Accuracy (val set)
   Subjects with 100% correct: 6/18
   Subjects with 0% correct:   0/18

   Per-subject breakdown:
   Subject    64 (F): [##########] 100%
   Subject    71 (F): [##########] 100%
   Subject    73 (F): [##########] 100%
   Subject    76 (F): [##########] 100%
   Subject    79 (M): [#########.] 92%
   Subject    80 (M): [#####.....] 58%
   Subject    81 (M): [#####.....] 58%
   Subject    82 (M): [#######...] 75%
   Subject    83 (F): [##########] 100%
   Subject    84 (M): [#######...] 75%
   Subject    85 (M): [#########.] 92%
   Subject    86 (M): [#######...] 75%
   Subject   130 (F): [#####.....] 50%
   Subject   131 (M): [#########.] 92%
   Subject   132 (M): [######....] 67%
   Subject   133 (M): [#####.....] 50%
   Subject   134 (F): [##########] 100%
   Subject   135 (M): [#####.....] 50%

Results saved to experiments/fvgb_seed456/best_gender_analysis.json
