Device: cuda
PKSampler ready: 74 male + 44 female identities, P=8 (balanced), K=4, batch_size=32
PKSampler: P=8 identities × K=4 samples = batch_size=32
Loaded checkpoint from epoch 130

=== Frame Shuffle Test (protocol: WS) ===
Averaging over 5 shuffle permutations

Extracting original features...
Original  -- Rank-1: 73.33%  mAP: 81.03%
Shuffled  -- Rank-1: 69.24%  mAP: 77.99%

=======================================================
SHUFFLE SENSITIVITY
=======================================================
Metric                                Original   Shuffled
----------------------------------- ---------- ----------
WS Rank-1                               73.33%     69.24%
WS mAP                                  81.03%     77.99%
Fm cosine sim (orig vs shuf)                --     1.0000
Fk cosine sim (orig vs shuf)                --     0.9953

Interpretation:
  ~ Fk (0.995) approx Fm (1.000)
    Both branches show similar shuffle sensitivity.

  Rank-1 drop from shuffling: 4.09%
  ~ Retrieval is relatively robust to frame shuffling.

Results saved to experiments/fvgb_seed2024/best_shuffle_test.json
