Device: cuda
PKSampler ready: 74 male + 44 female identities, P=8 (balanced), K=4, batch_size=32
PKSampler: P=8 identities × K=4 samples = batch_size=32
Loaded checkpoint from epoch 100

Extracting features from val set...

============================================================
GENDER FEATURE ANALYSIS
============================================================

1. Fisher Discriminant Ratio (gender separability)
   Fm FDR: 0.1799  (higher = more gender-discriminative)
   Fk FDR: 0.0907
   Ratio Fm/Fk: 1.98x
   PASSED -- Fm is more gender-discriminative than Fk

2. Intra/Inter-class Gender Distances
   Fm: intra=0.0262  inter=0.0312  ratio=1.19x
   Fk: intra=0.0024  inter=0.0026  ratio=1.08x

3. Top 10 Gender-Discriminative Dimensions of Fm
   Dimension indices: [326, 185, 411, 287, 167, 338, 219, 313, 104, 252]
   Max diff: 0.1300  Min diff (top 10): 0.0864

4. Per-Subject Gender Accuracy (val set)
   Subjects with 100% correct: 6/18
   Subjects with 0% correct:   0/18

   Per-subject breakdown:
   Subject    64 (F): [##########] 100%
   Subject    71 (F): [##########] 100%
   Subject    73 (F): [########..] 83%
   Subject    76 (F): [##########] 100%
   Subject    79 (M): [##########] 100%
   Subject    80 (M): [######....] 67%
   Subject    81 (M): [#####.....] 58%
   Subject    82 (M): [##########] 100%
   Subject    83 (F): [##########] 100%
   Subject    84 (M): [#######...] 75%
   Subject    85 (M): [#########.] 92%
   Subject    86 (M): [#######...] 75%
   Subject   130 (F): [#########.] 92%
   Subject   131 (M): [########..] 83%
   Subject   132 (M): [#####.....] 58%
   Subject   133 (M): [##........] 25%
   Subject   134 (F): [#########.] 92%
   Subject   135 (M): [#######...] 75%

Results saved to experiments/fvgb_seed789/best_gender_analysis.json
