Device: cuda
PKSampler ready: 74 male + 44 female identities, P=8 (balanced), K=4, batch_size=32
PKSampler: P=8 identities × K=4 samples = batch_size=32
Loaded checkpoint from epoch 100

=== Repeated Frame Test (Static Sequence, protocol: WS) ===

Extracting original features...
Extracting static (repeated frame) features...

============================================================
REPEATED FRAME TEST RESULTS
============================================================
Metric                                     Original     Static
---------------------------------------- ---------- ----------
WS Rank-1                                    75.78%     17.78%
WS mAP                                       82.80%     30.14%
Fm feature norm                              7.5491     7.8800
Fk feature norm                              6.5333     6.5628
Fm cosine sim (orig vs static)                   --     0.9740
Fk cosine sim (orig vs static)                   --     0.9947

Interpretation:
  Fk norm drop: -0.5%  Fm norm drop: -4.4%
  ~ Fm and Fk show similar response to static input.
  Rank-1 drop: 58.00%

Results saved to experiments/fvgb_seed789/best_repeated_frame_test.json
