Device: cuda

Building dataloaders (shared across all checkpoints/seeds)...
PKSampler ready: 74 male + 44 female identities, P=8 (balanced), K=4, batch_size=32
PKSampler: P=8 identities × K=4 samples = batch_size=32

==================================================
Evaluating BioKinematicNet (5 checkpoints)
==================================================

--- BioKinematicNet seed 1/5: experiments/fvgb_seed42/best.pth ---
  Loaded epoch 110 from experiments/fvgb_seed42/best.pth
  Extracting gallery embeddings...
  Extracting probe embeddings...
  Gallery sequences: 90  Probe sequences: 450
  Gallery subjects: 90
  Extracting gallery embeddings...
  Extracting probe embeddings...
  Gallery sequences: 60  Probe sequences: 180
  Gallery subjects: 60
  Extracting gallery embeddings...
  Extracting probe embeddings...
  Gallery sequences: 30  Probe sequences: 90
  Gallery subjects: 30
  Extracting gallery embeddings...
  Extracting probe embeddings...
  Gallery sequences: 30  Probe sequences: 90
  Gallery subjects: 30
  Extracting gallery embeddings...
  Extracting probe embeddings...
  Gallery sequences: 90  Probe sequences: 1134
  Gallery subjects: 90

--- BioKinematicNet seed 2/5: experiments/fvgb_seed123/best.pth ---
  Loaded epoch 100 from experiments/fvgb_seed123/best.pth
  Extracting gallery embeddings...
  Extracting probe embeddings...
  Gallery sequences: 90  Probe sequences: 450
  Gallery subjects: 90
  Extracting gallery embeddings...
  Extracting probe embeddings...
  Gallery sequences: 60  Probe sequences: 180
  Gallery subjects: 60
  Extracting gallery embeddings...
  Extracting probe embeddings...
  Gallery sequences: 30  Probe sequences: 90
  Gallery subjects: 30
  Extracting gallery embeddings...
  Extracting probe embeddings...
  Gallery sequences: 30  Probe sequences: 90
  Gallery subjects: 30
  Extracting gallery embeddings...
  Extracting probe embeddings...
  Gallery sequences: 90  Probe sequences: 1134
  Gallery subjects: 90

--- BioKinematicNet seed 3/5: experiments/fvgb_seed456/best.pth ---
  Loaded epoch 120 from experiments/fvgb_seed456/best.pth
  Extracting gallery embeddings...
  Extracting probe embeddings...
  Gallery sequences: 90  Probe sequences: 450
  Gallery subjects: 90
  Extracting gallery embeddings...
  Extracting probe embeddings...
  Gallery sequences: 60  Probe sequences: 180
  Gallery subjects: 60
  Extracting gallery embeddings...
  Extracting probe embeddings...
  Gallery sequences: 30  Probe sequences: 90
  Gallery subjects: 30
  Extracting gallery embeddings...
  Extracting probe embeddings...
  Gallery sequences: 30  Probe sequences: 90
  Gallery subjects: 30
  Extracting gallery embeddings...
  Extracting probe embeddings...
  Gallery sequences: 90  Probe sequences: 1134
  Gallery subjects: 90

--- BioKinematicNet seed 4/5: experiments/fvgb_seed789/best.pth ---
  Loaded epoch 100 from experiments/fvgb_seed789/best.pth
  Extracting gallery embeddings...
  Extracting probe embeddings...
  Gallery sequences: 90  Probe sequences: 450
  Gallery subjects: 90
  Extracting gallery embeddings...
  Extracting probe embeddings...
  Gallery sequences: 60  Probe sequences: 180
  Gallery subjects: 60
  Extracting gallery embeddings...
  Extracting probe embeddings...
  Gallery sequences: 30  Probe sequences: 90
  Gallery subjects: 30
  Extracting gallery embeddings...
  Extracting probe embeddings...
  Gallery sequences: 30  Probe sequences: 90
  Gallery subjects: 30
  Extracting gallery embeddings...
  Extracting probe embeddings...
  Gallery sequences: 90  Probe sequences: 1134
  Gallery subjects: 90

--- BioKinematicNet seed 5/5: experiments/fvgb_seed2024/best.pth ---
  Loaded epoch 130 from experiments/fvgb_seed2024/best.pth
  Extracting gallery embeddings...
  Extracting probe embeddings...
  Gallery sequences: 90  Probe sequences: 450
  Gallery subjects: 90
  Extracting gallery embeddings...
  Extracting probe embeddings...
  Gallery sequences: 60  Probe sequences: 180
  Gallery subjects: 60
  Extracting gallery embeddings...
  Extracting probe embeddings...
  Gallery sequences: 30  Probe sequences: 90
  Gallery subjects: 30
  Extracting gallery embeddings...
  Extracting probe embeddings...
  Gallery sequences: 30  Probe sequences: 90
  Gallery subjects: 30
  Extracting gallery embeddings...
  Extracting probe embeddings...
  Gallery sequences: 90  Probe sequences: 1134
  Gallery subjects: 90

======================================================================
BioKinematicNet (mean +/- std across 5 seeds)
======================================================================

Gait Recognition:
Protocol             Rank-1           Rank-5              mAP              EER
---------- ---------------- ---------------- ---------------- ----------------
WS          74.31+/-0.92%  90.40+/-0.82%  81.43+/-0.75%   7.71+/-0.57%
BGHT        51.33+/-2.71%  78.89+/-1.31%  63.86+/-1.90%  14.13+/-1.00%
CL          57.11+/-3.19%  86.89+/-2.67%  69.76+/-2.22%  15.84+/-0.93%
MP          83.33+/-3.30%  96.44+/-0.83%  89.20+/-1.98%   8.25+/-1.13%
ALL         61.82+/-1.09%  83.54+/-1.08%  71.52+/-1.03%  11.02+/-0.41%

Gender & Disentanglement:
  balanced_accuracy          84.30 +/- 1.42%
  F1_Male                    85.18 +/- 2.68%
  F1_Female                  80.59 +/- 1.67%
  linear_probe_Fm            92.36 +/- 1.61%
  linear_probe_Fk            59.73 +/- 0.62%
  gap                        32.64 +/- 2.00%

Results saved to experiments/fvgb_multiseed_results.json
