Device: cuda

Building dataloaders (shared across all checkpoints/seeds)...
PKSampler ready: 74 male + 44 female identities, P=8 (balanced), K=4, batch_size=32
PKSampler: P=8 identities × K=4 samples = batch_size=32

==================================================
Evaluating No graph (ablation) (5 checkpoints)
==================================================

--- No graph (ablation) seed 1/5: experiments/fvgb_nograph_seed42/best.pth ---
  Loaded epoch 90 from experiments/fvgb_nograph_seed42/best.pth
  Extracting gallery embeddings...
  Extracting probe embeddings...
  Gallery sequences: 90  Probe sequences: 450
  Gallery subjects: 90
  Extracting gallery embeddings...
  Extracting probe embeddings...
  Gallery sequences: 60  Probe sequences: 180
  Gallery subjects: 60
  Extracting gallery embeddings...
  Extracting probe embeddings...
  Gallery sequences: 30  Probe sequences: 90
  Gallery subjects: 30
  Extracting gallery embeddings...
  Extracting probe embeddings...
  Gallery sequences: 30  Probe sequences: 90
  Gallery subjects: 30
  Extracting gallery embeddings...
  Extracting probe embeddings...
  Gallery sequences: 90  Probe sequences: 1134
  Gallery subjects: 90

--- No graph (ablation) seed 2/5: experiments/fvgb_nograph_seed123/best.pth ---
  Loaded epoch 110 from experiments/fvgb_nograph_seed123/best.pth
  Extracting gallery embeddings...
  Extracting probe embeddings...
  Gallery sequences: 90  Probe sequences: 450
  Gallery subjects: 90
  Extracting gallery embeddings...
  Extracting probe embeddings...
  Gallery sequences: 60  Probe sequences: 180
  Gallery subjects: 60
  Extracting gallery embeddings...
  Extracting probe embeddings...
  Gallery sequences: 30  Probe sequences: 90
  Gallery subjects: 30
  Extracting gallery embeddings...
  Extracting probe embeddings...
  Gallery sequences: 30  Probe sequences: 90
  Gallery subjects: 30
  Extracting gallery embeddings...
  Extracting probe embeddings...
  Gallery sequences: 90  Probe sequences: 1134
  Gallery subjects: 90

--- No graph (ablation) seed 3/5: experiments/fvgb_nograph_seed456/best.pth ---
  Loaded epoch 150 from experiments/fvgb_nograph_seed456/best.pth
  Extracting gallery embeddings...
  Extracting probe embeddings...
  Gallery sequences: 90  Probe sequences: 450
  Gallery subjects: 90
  Extracting gallery embeddings...
  Extracting probe embeddings...
  Gallery sequences: 60  Probe sequences: 180
  Gallery subjects: 60
  Extracting gallery embeddings...
  Extracting probe embeddings...
  Gallery sequences: 30  Probe sequences: 90
  Gallery subjects: 30
  Extracting gallery embeddings...
  Extracting probe embeddings...
  Gallery sequences: 30  Probe sequences: 90
  Gallery subjects: 30
  Extracting gallery embeddings...
  Extracting probe embeddings...
  Gallery sequences: 90  Probe sequences: 1134
  Gallery subjects: 90

--- No graph (ablation) seed 4/5: experiments/fvgb_nograph_seed789/best.pth ---
  Loaded epoch 80 from experiments/fvgb_nograph_seed789/best.pth
  Extracting gallery embeddings...
  Extracting probe embeddings...
  Gallery sequences: 90  Probe sequences: 450
  Gallery subjects: 90
  Extracting gallery embeddings...
  Extracting probe embeddings...
  Gallery sequences: 60  Probe sequences: 180
  Gallery subjects: 60
  Extracting gallery embeddings...
  Extracting probe embeddings...
  Gallery sequences: 30  Probe sequences: 90
  Gallery subjects: 30
  Extracting gallery embeddings...
  Extracting probe embeddings...
  Gallery sequences: 30  Probe sequences: 90
  Gallery subjects: 30
  Extracting gallery embeddings...
  Extracting probe embeddings...
  Gallery sequences: 90  Probe sequences: 1134
  Gallery subjects: 90

--- No graph (ablation) seed 5/5: experiments/fvgb_nograph_seed2024/best.pth ---
  Loaded epoch 120 from experiments/fvgb_nograph_seed2024/best.pth
  Extracting gallery embeddings...
  Extracting probe embeddings...
  Gallery sequences: 90  Probe sequences: 450
  Gallery subjects: 90
  Extracting gallery embeddings...
  Extracting probe embeddings...
  Gallery sequences: 60  Probe sequences: 180
  Gallery subjects: 60
  Extracting gallery embeddings...
  Extracting probe embeddings...
  Gallery sequences: 30  Probe sequences: 90
  Gallery subjects: 30
  Extracting gallery embeddings...
  Extracting probe embeddings...
  Gallery sequences: 30  Probe sequences: 90
  Gallery subjects: 30
  Extracting gallery embeddings...
  Extracting probe embeddings...
  Gallery sequences: 90  Probe sequences: 1134
  Gallery subjects: 90

======================================================================
No graph (ablation) (mean +/- std across 5 seeds)
======================================================================

Gait Recognition:
Protocol             Rank-1           Rank-5              mAP              EER
---------- ---------------- ---------------- ---------------- ----------------
WS          74.67+/-1.31%  89.42+/-1.02%  81.45+/-0.77%   8.36+/-0.40%
BGHT        50.89+/-1.20%  78.11+/-1.52%  63.47+/-0.98%  15.15+/-1.16%
CL          55.78+/-3.17%  85.33+/-2.93%  68.66+/-2.36%  15.44+/-1.36%
MP          86.00+/-1.13%  95.78+/-1.47%  90.44+/-0.75%   8.80+/-1.73%
ALL         61.38+/-0.64%  82.56+/-0.88%  71.05+/-0.34%  11.63+/-0.49%

Gender & Disentanglement:
  balanced_accuracy          83.71 +/- 2.43%
  F1_Male                    86.84 +/- 1.08%
  F1_Female                  79.77 +/- 3.13%
  linear_probe_Fm            92.55 +/- 1.64%
  linear_probe_Fk            59.36 +/- 0.55%
  gap                        33.18 +/- 2.09%

Results saved to experiments/fvgb_nograph_multiseed_results.json
