Device: cuda
PKSampler ready: 74 male + 44 female identities, P=8 (balanced), K=4, batch_size=32
PKSampler: P=8 identities × K=4 samples = batch_size=32
Loaded checkpoint from epoch 100

=== Frame Shuffle Test (protocol: WS) ===
Averaging over 5 shuffle permutations

Extracting original features...
Original  -- Rank-1: 74.44%  mAP: 81.45%
Shuffled  -- Rank-1: 72.09%  mAP: 80.16%

=======================================================
SHUFFLE SENSITIVITY
=======================================================
Metric                                Original   Shuffled
----------------------------------- ---------- ----------
WS Rank-1                               74.44%     72.09%
WS mAP                                  81.45%     80.16%
Fm cosine sim (orig vs shuf)                --     1.0000
Fk cosine sim (orig vs shuf)                --     0.9958

Interpretation:
  ~ Fk (0.996) approx Fm (1.000)
    Both branches show similar shuffle sensitivity.

  Rank-1 drop from shuffling: 2.36%
  ~ Retrieval is relatively robust to frame shuffling.

Results saved to experiments/fvgb_seed123/best_shuffle_test.json
