Device: cuda

Building dataloaders (shared across all checkpoints/seeds)...
PKSampler ready: 74 male + 44 female identities, P=8 (balanced), K=4, batch_size=32
PKSampler: P=8 identities × K=4 samples = batch_size=32

==================================================
Evaluating Full model (graph) (5 checkpoints)
==================================================

--- Full model (graph) seed 1/5: experiments/fvgb_seed42/best.pth ---
  Loaded epoch 110 from experiments/fvgb_seed42/best.pth
  Extracting gallery embeddings...
  Extracting probe embeddings...
  Gallery sequences: 90  Probe sequences: 450
  Gallery subjects: 90
  Extracting gallery embeddings...
  Extracting probe embeddings...
  Gallery sequences: 60  Probe sequences: 180
  Gallery subjects: 60
  Extracting gallery embeddings...
  Extracting probe embeddings...
  Gallery sequences: 30  Probe sequences: 90
  Gallery subjects: 30
  Extracting gallery embeddings...
  Extracting probe embeddings...
  Gallery sequences: 30  Probe sequences: 90
  Gallery subjects: 30
  Extracting gallery embeddings...
  Extracting probe embeddings...
  Gallery sequences: 90  Probe sequences: 1134
  Gallery subjects: 90

--- Full model (graph) seed 2/5: experiments/fvgb_seed123/best.pth ---
  Loaded epoch 100 from experiments/fvgb_seed123/best.pth
  Extracting gallery embeddings...
  Extracting probe embeddings...
  Gallery sequences: 90  Probe sequences: 450
  Gallery subjects: 90
  Extracting gallery embeddings...
  Extracting probe embeddings...
  Gallery sequences: 60  Probe sequences: 180
  Gallery subjects: 60
  Extracting gallery embeddings...
  Extracting probe embeddings...
  Gallery sequences: 30  Probe sequences: 90
  Gallery subjects: 30
  Extracting gallery embeddings...
  Extracting probe embeddings...
  Gallery sequences: 30  Probe sequences: 90
  Gallery subjects: 30
  Extracting gallery embeddings...
  Extracting probe embeddings...
  Gallery sequences: 90  Probe sequences: 1134
  Gallery subjects: 90

--- Full model (graph) seed 3/5: experiments/fvgb_seed456/best.pth ---
  Loaded epoch 120 from experiments/fvgb_seed456/best.pth
  Extracting gallery embeddings...
  Extracting probe embeddings...
  Gallery sequences: 90  Probe sequences: 450
  Gallery subjects: 90
  Extracting gallery embeddings...
  Extracting probe embeddings...
  Gallery sequences: 60  Probe sequences: 180
  Gallery subjects: 60
  Extracting gallery embeddings...
  Extracting probe embeddings...
  Gallery sequences: 30  Probe sequences: 90
  Gallery subjects: 30
  Extracting gallery embeddings...
  Extracting probe embeddings...
  Gallery sequences: 30  Probe sequences: 90
  Gallery subjects: 30
  Extracting gallery embeddings...
  Extracting probe embeddings...
  Gallery sequences: 90  Probe sequences: 1134
  Gallery subjects: 90

--- Full model (graph) seed 4/5: experiments/fvgb_seed789/best.pth ---
  Loaded epoch 100 from experiments/fvgb_seed789/best.pth
  Extracting gallery embeddings...
  Extracting probe embeddings...
  Gallery sequences: 90  Probe sequences: 450
  Gallery subjects: 90
  Extracting gallery embeddings...
  Extracting probe embeddings...
  Gallery sequences: 60  Probe sequences: 180
  Gallery subjects: 60
  Extracting gallery embeddings...
  Extracting probe embeddings...
  Gallery sequences: 30  Probe sequences: 90
  Gallery subjects: 30
  Extracting gallery embeddings...
  Extracting probe embeddings...
  Gallery sequences: 30  Probe sequences: 90
  Gallery subjects: 30
  Extracting gallery embeddings...
  Extracting probe embeddings...
  Gallery sequences: 90  Probe sequences: 1134
  Gallery subjects: 90

--- Full model (graph) seed 5/5: experiments/fvgb_seed2024/best.pth ---
  Loaded epoch 130 from experiments/fvgb_seed2024/best.pth
  Extracting gallery embeddings...
  Extracting probe embeddings...
  Gallery sequences: 90  Probe sequences: 450
  Gallery subjects: 90
  Extracting gallery embeddings...
  Extracting probe embeddings...
  Gallery sequences: 60  Probe sequences: 180
  Gallery subjects: 60
  Extracting gallery embeddings...
  Extracting probe embeddings...
  Gallery sequences: 30  Probe sequences: 90
  Gallery subjects: 30
  Extracting gallery embeddings...
  Extracting probe embeddings...
  Gallery sequences: 30  Probe sequences: 90
  Gallery subjects: 30
  Extracting gallery embeddings...
  Extracting probe embeddings...
  Gallery sequences: 90  Probe sequences: 1134
  Gallery subjects: 90

======================================================================
Full model (graph) (mean +/- std across 5 seeds)
======================================================================

Gait Recognition:
Protocol             Rank-1           Rank-5              mAP              EER
---------- ---------------- ---------------- ---------------- ----------------
WS          74.31+/-0.92%  90.40+/-0.82%  81.43+/-0.75%   7.71+/-0.57%
BGHT        51.33+/-2.71%  78.89+/-1.31%  63.86+/-1.90%  14.13+/-1.00%
CL          57.11+/-3.19%  86.89+/-2.67%  69.76+/-2.22%  15.84+/-0.93%
MP          83.33+/-3.30%  96.44+/-0.83%  89.20+/-1.98%   8.25+/-1.13%
ALL         61.82+/-1.09%  83.54+/-1.08%  71.52+/-1.03%  11.02+/-0.41%

Gender & Disentanglement:
  balanced_accuracy          84.30 +/- 1.42%
  F1_Male                    85.18 +/- 2.68%
  F1_Female                  80.59 +/- 1.67%
  linear_probe_Fm            92.36 +/- 1.61%
  linear_probe_Fk            59.73 +/- 0.62%
  gap                        32.64 +/- 2.00%

==================================================
Evaluating No graph (ablation) (5 checkpoints)
==================================================

--- No graph (ablation) seed 1/5: experiments/fvgb_nograph_seed42/best.pth ---
  Loaded epoch 90 from experiments/fvgb_nograph_seed42/best.pth
  Extracting gallery embeddings...
  Extracting probe embeddings...
  Gallery sequences: 90  Probe sequences: 450
  Gallery subjects: 90
  Extracting gallery embeddings...
  Extracting probe embeddings...
  Gallery sequences: 60  Probe sequences: 180
  Gallery subjects: 60
  Extracting gallery embeddings...
  Extracting probe embeddings...
  Gallery sequences: 30  Probe sequences: 90
  Gallery subjects: 30
  Extracting gallery embeddings...
  Extracting probe embeddings...
  Gallery sequences: 30  Probe sequences: 90
  Gallery subjects: 30
  Extracting gallery embeddings...
  Extracting probe embeddings...
  Gallery sequences: 90  Probe sequences: 1134
  Gallery subjects: 90

--- No graph (ablation) seed 2/5: experiments/fvgb_nograph_seed123/best.pth ---
  Loaded epoch 110 from experiments/fvgb_nograph_seed123/best.pth
  Extracting gallery embeddings...
  Extracting probe embeddings...
  Gallery sequences: 90  Probe sequences: 450
  Gallery subjects: 90
  Extracting gallery embeddings...
  Extracting probe embeddings...
  Gallery sequences: 60  Probe sequences: 180
  Gallery subjects: 60
  Extracting gallery embeddings...
  Extracting probe embeddings...
  Gallery sequences: 30  Probe sequences: 90
  Gallery subjects: 30
  Extracting gallery embeddings...
  Extracting probe embeddings...
  Gallery sequences: 30  Probe sequences: 90
  Gallery subjects: 30
  Extracting gallery embeddings...
  Extracting probe embeddings...
  Gallery sequences: 90  Probe sequences: 1134
  Gallery subjects: 90

--- No graph (ablation) seed 3/5: experiments/fvgb_nograph_seed456/best.pth ---
  Loaded epoch 150 from experiments/fvgb_nograph_seed456/best.pth
  Extracting gallery embeddings...
  Extracting probe embeddings...
  Gallery sequences: 90  Probe sequences: 450
  Gallery subjects: 90
  Extracting gallery embeddings...
  Extracting probe embeddings...
  Gallery sequences: 60  Probe sequences: 180
  Gallery subjects: 60
  Extracting gallery embeddings...
  Extracting probe embeddings...
  Gallery sequences: 30  Probe sequences: 90
  Gallery subjects: 30
  Extracting gallery embeddings...
  Extracting probe embeddings...
  Gallery sequences: 30  Probe sequences: 90
  Gallery subjects: 30
  Extracting gallery embeddings...
  Extracting probe embeddings...
  Gallery sequences: 90  Probe sequences: 1134
  Gallery subjects: 90

--- No graph (ablation) seed 4/5: experiments/fvgb_nograph_seed789/best.pth ---
  Loaded epoch 80 from experiments/fvgb_nograph_seed789/best.pth
  Extracting gallery embeddings...
  Extracting probe embeddings...
  Gallery sequences: 90  Probe sequences: 450
  Gallery subjects: 90
  Extracting gallery embeddings...
  Extracting probe embeddings...
  Gallery sequences: 60  Probe sequences: 180
  Gallery subjects: 60
  Extracting gallery embeddings...
  Extracting probe embeddings...
  Gallery sequences: 30  Probe sequences: 90
  Gallery subjects: 30
  Extracting gallery embeddings...
  Extracting probe embeddings...
  Gallery sequences: 30  Probe sequences: 90
  Gallery subjects: 30
  Extracting gallery embeddings...
  Extracting probe embeddings...
  Gallery sequences: 90  Probe sequences: 1134
  Gallery subjects: 90

--- No graph (ablation) seed 5/5: experiments/fvgb_nograph_seed2024/best.pth ---
  Loaded epoch 120 from experiments/fvgb_nograph_seed2024/best.pth
  Extracting gallery embeddings...
  Extracting probe embeddings...
  Gallery sequences: 90  Probe sequences: 450
  Gallery subjects: 90
  Extracting gallery embeddings...
  Extracting probe embeddings...
  Gallery sequences: 60  Probe sequences: 180
  Gallery subjects: 60
  Extracting gallery embeddings...
  Extracting probe embeddings...
  Gallery sequences: 30  Probe sequences: 90
  Gallery subjects: 30
  Extracting gallery embeddings...
  Extracting probe embeddings...
  Gallery sequences: 30  Probe sequences: 90
  Gallery subjects: 30
  Extracting gallery embeddings...
  Extracting probe embeddings...
  Gallery sequences: 90  Probe sequences: 1134
  Gallery subjects: 90

======================================================================
No graph (ablation) (mean +/- std across 5 seeds)
======================================================================

Gait Recognition:
Protocol             Rank-1           Rank-5              mAP              EER
---------- ---------------- ---------------- ---------------- ----------------
WS          74.67+/-1.31%  89.42+/-1.02%  81.45+/-0.77%   8.36+/-0.40%
BGHT        50.89+/-1.20%  78.11+/-1.52%  63.47+/-0.98%  15.15+/-1.16%
CL          55.78+/-3.17%  85.33+/-2.93%  68.66+/-2.36%  15.44+/-1.36%
MP          86.00+/-1.13%  95.78+/-1.47%  90.44+/-0.75%   8.80+/-1.73%
ALL         61.38+/-0.64%  82.56+/-0.88%  71.05+/-0.34%  11.63+/-0.49%

Gender & Disentanglement:
  balanced_accuracy          83.71 +/- 2.43%
  F1_Male                    86.84 +/- 1.08%
  F1_Female                  79.77 +/- 3.13%
  linear_probe_Fm            92.55 +/- 1.64%
  linear_probe_Fk            59.36 +/- 0.55%
  gap                        33.18 +/- 2.09%

================================================================================
PAIRED COMPARISON: Full model (graph) vs No graph (ablation) (Wilcoxon signed-rank, n=5)
================================================================================

Gait Recognition:
Protocol Metric   Full model (graph) No graph (ablation)    p-value   Sig?
-------- -------- ------------ ------------ ---------- ------
WS       rank1          74.31%       74.67%     0.8125     no
WS       rank5          90.40%       89.42%     0.3125     no
WS       mAP            81.43%       81.45%     1.0000     no
WS       eer             7.71%        8.36%     0.0625     no
BGHT     rank1          51.33%       50.89%     1.0000     no
BGHT     rank5          78.89%       78.11%     0.3125     no
BGHT     mAP            63.86%       63.47%     0.6250     no
BGHT     eer            14.13%       15.15%     0.4375     no
CL       rank1          57.11%       55.78%     0.4375     no
CL       rank5          86.89%       85.33%     0.6250     no
CL       mAP            69.76%       68.66%     0.1875     no
CL       eer            15.84%       15.44%     0.8125     no
MP       rank1          83.33%       86.00%     0.1875     no
MP       rank5          96.44%       95.78%     0.4375     no
MP       mAP            89.20%       90.44%     0.3125     no
MP       eer             8.25%        8.80%     0.4375     no
ALL      rank1          61.82%       61.38%     0.4375     no
ALL      rank5          83.54%       82.56%     0.8125     no
ALL      mAP            71.52%       71.05%     0.3125     no
ALL      eer            11.02%       11.63%     0.3125     no

Gender & Disentanglement:
  balanced_accuracy           84.30% ->   83.71%  p=1.0000  sig=no
  linear_probe_Fm             92.36% ->   92.55%  p=0.8125  sig=no
  linear_probe_Fk             59.73% ->   59.36%  p=0.2500  sig=no
  gap                         32.64% ->   33.18%  p=0.4375  sig=no

Note: 'Sig?'=YES means p < 0.05 (two-sided Wilcoxon signed-rank, exact method). With only 5 paired seeds, the minimum achievable p-value is 1/(2^n) = 0.0312 -- a non-significant result with this few seeds should NOT be read as 'no difference exists', only as 'not enough evidence at this sample size'.

Results saved to experiments/wilcoxon_graph_ablation.json
