Device: cuda

Building dataloaders (shared across all checkpoints/seeds)...
PKSampler ready: 74 male + 44 female identities, P=8 (balanced), K=4, batch_size=32
PKSampler: P=8 identities × K=4 samples = batch_size=32

==================================================
Evaluating Full model (BT enabled) (5 checkpoints)
==================================================

--- Full model (BT enabled) seed 1/5: experiments/fvgb_seed42/best.pth ---
  Loaded epoch 110 from experiments/fvgb_seed42/best.pth
  Extracting gallery embeddings...
  Extracting probe embeddings...
  Gallery sequences: 90  Probe sequences: 450
  Gallery subjects: 90
  Extracting gallery embeddings...
  Extracting probe embeddings...
  Gallery sequences: 60  Probe sequences: 180
  Gallery subjects: 60
  Extracting gallery embeddings...
  Extracting probe embeddings...
  Gallery sequences: 30  Probe sequences: 90
  Gallery subjects: 30
  Extracting gallery embeddings...
  Extracting probe embeddings...
  Gallery sequences: 30  Probe sequences: 90
  Gallery subjects: 30
  Extracting gallery embeddings...
  Extracting probe embeddings...
  Gallery sequences: 90  Probe sequences: 1134
  Gallery subjects: 90

--- Full model (BT enabled) seed 2/5: experiments/fvgb_seed123/best.pth ---
  Loaded epoch 100 from experiments/fvgb_seed123/best.pth
  Extracting gallery embeddings...
  Extracting probe embeddings...
  Gallery sequences: 90  Probe sequences: 450
  Gallery subjects: 90
  Extracting gallery embeddings...
  Extracting probe embeddings...
  Gallery sequences: 60  Probe sequences: 180
  Gallery subjects: 60
  Extracting gallery embeddings...
  Extracting probe embeddings...
  Gallery sequences: 30  Probe sequences: 90
  Gallery subjects: 30
  Extracting gallery embeddings...
  Extracting probe embeddings...
  Gallery sequences: 30  Probe sequences: 90
  Gallery subjects: 30
  Extracting gallery embeddings...
  Extracting probe embeddings...
  Gallery sequences: 90  Probe sequences: 1134
  Gallery subjects: 90

--- Full model (BT enabled) seed 3/5: experiments/fvgb_seed456/best.pth ---
  Loaded epoch 120 from experiments/fvgb_seed456/best.pth
  Extracting gallery embeddings...
  Extracting probe embeddings...
  Gallery sequences: 90  Probe sequences: 450
  Gallery subjects: 90
  Extracting gallery embeddings...
  Extracting probe embeddings...
  Gallery sequences: 60  Probe sequences: 180
  Gallery subjects: 60
  Extracting gallery embeddings...
  Extracting probe embeddings...
  Gallery sequences: 30  Probe sequences: 90
  Gallery subjects: 30
  Extracting gallery embeddings...
  Extracting probe embeddings...
  Gallery sequences: 30  Probe sequences: 90
  Gallery subjects: 30
  Extracting gallery embeddings...
  Extracting probe embeddings...
  Gallery sequences: 90  Probe sequences: 1134
  Gallery subjects: 90

--- Full model (BT enabled) seed 4/5: experiments/fvgb_seed789/best.pth ---
  Loaded epoch 100 from experiments/fvgb_seed789/best.pth
  Extracting gallery embeddings...
  Extracting probe embeddings...
  Gallery sequences: 90  Probe sequences: 450
  Gallery subjects: 90
  Extracting gallery embeddings...
  Extracting probe embeddings...
  Gallery sequences: 60  Probe sequences: 180
  Gallery subjects: 60
  Extracting gallery embeddings...
  Extracting probe embeddings...
  Gallery sequences: 30  Probe sequences: 90
  Gallery subjects: 30
  Extracting gallery embeddings...
  Extracting probe embeddings...
  Gallery sequences: 30  Probe sequences: 90
  Gallery subjects: 30
  Extracting gallery embeddings...
  Extracting probe embeddings...
  Gallery sequences: 90  Probe sequences: 1134
  Gallery subjects: 90

--- Full model (BT enabled) seed 5/5: experiments/fvgb_seed2024/best.pth ---
  Loaded epoch 130 from experiments/fvgb_seed2024/best.pth
  Extracting gallery embeddings...
  Extracting probe embeddings...
  Gallery sequences: 90  Probe sequences: 450
  Gallery subjects: 90
  Extracting gallery embeddings...
  Extracting probe embeddings...
  Gallery sequences: 60  Probe sequences: 180
  Gallery subjects: 60
  Extracting gallery embeddings...
  Extracting probe embeddings...
  Gallery sequences: 30  Probe sequences: 90
  Gallery subjects: 30
  Extracting gallery embeddings...
  Extracting probe embeddings...
  Gallery sequences: 30  Probe sequences: 90
  Gallery subjects: 30
  Extracting gallery embeddings...
  Extracting probe embeddings...
  Gallery sequences: 90  Probe sequences: 1134
  Gallery subjects: 90

======================================================================
Full model (BT enabled) (mean +/- std across 5 seeds)
======================================================================

Gait Recognition:
Protocol             Rank-1           Rank-5              mAP              EER
---------- ---------------- ---------------- ---------------- ----------------
WS          74.31+/-0.92%  90.40+/-0.82%  81.43+/-0.75%   7.71+/-0.57%
BGHT        51.33+/-2.71%  78.89+/-1.31%  63.86+/-1.90%  14.13+/-1.00%
CL          57.11+/-3.19%  86.89+/-2.67%  69.76+/-2.22%  15.84+/-0.93%
MP          83.33+/-3.30%  96.44+/-0.83%  89.20+/-1.98%   8.25+/-1.13%
ALL         61.82+/-1.09%  83.54+/-1.08%  71.52+/-1.03%  11.02+/-0.41%

Gender & Disentanglement:
  balanced_accuracy          84.30 +/- 1.42%
  F1_Male                    85.18 +/- 2.68%
  F1_Female                  80.59 +/- 1.67%
  linear_probe_Fm            92.36 +/- 1.61%
  linear_probe_Fk            59.73 +/- 0.62%
  gap                        32.64 +/- 2.00%

==================================================
Evaluating No Barlow Twins (5 checkpoints)
==================================================

--- No Barlow Twins seed 1/5: experiments/fvgb_nobt_seed42/best.pth ---
  Loaded epoch 120 from experiments/fvgb_nobt_seed42/best.pth
  Extracting gallery embeddings...
  Extracting probe embeddings...
  Gallery sequences: 90  Probe sequences: 450
  Gallery subjects: 90
  Extracting gallery embeddings...
  Extracting probe embeddings...
  Gallery sequences: 60  Probe sequences: 180
  Gallery subjects: 60
  Extracting gallery embeddings...
  Extracting probe embeddings...
  Gallery sequences: 30  Probe sequences: 90
  Gallery subjects: 30
  Extracting gallery embeddings...
  Extracting probe embeddings...
  Gallery sequences: 30  Probe sequences: 90
  Gallery subjects: 30
  Extracting gallery embeddings...
  Extracting probe embeddings...
  Gallery sequences: 90  Probe sequences: 1134
  Gallery subjects: 90

--- No Barlow Twins seed 2/5: experiments/fvgb_nobt_seed123/best.pth ---
  Loaded epoch 80 from experiments/fvgb_nobt_seed123/best.pth
  Extracting gallery embeddings...
  Extracting probe embeddings...
  Gallery sequences: 90  Probe sequences: 450
  Gallery subjects: 90
  Extracting gallery embeddings...
  Extracting probe embeddings...
  Gallery sequences: 60  Probe sequences: 180
  Gallery subjects: 60
  Extracting gallery embeddings...
  Extracting probe embeddings...
  Gallery sequences: 30  Probe sequences: 90
  Gallery subjects: 30
  Extracting gallery embeddings...
  Extracting probe embeddings...
  Gallery sequences: 30  Probe sequences: 90
  Gallery subjects: 30
  Extracting gallery embeddings...
  Extracting probe embeddings...
  Gallery sequences: 90  Probe sequences: 1134
  Gallery subjects: 90

--- No Barlow Twins seed 3/5: experiments/fvgb_nobt_seed456/best.pth ---
  Loaded epoch 110 from experiments/fvgb_nobt_seed456/best.pth
  Extracting gallery embeddings...
  Extracting probe embeddings...
  Gallery sequences: 90  Probe sequences: 450
  Gallery subjects: 90
  Extracting gallery embeddings...
  Extracting probe embeddings...
  Gallery sequences: 60  Probe sequences: 180
  Gallery subjects: 60
  Extracting gallery embeddings...
  Extracting probe embeddings...
  Gallery sequences: 30  Probe sequences: 90
  Gallery subjects: 30
  Extracting gallery embeddings...
  Extracting probe embeddings...
  Gallery sequences: 30  Probe sequences: 90
  Gallery subjects: 30
  Extracting gallery embeddings...
  Extracting probe embeddings...
  Gallery sequences: 90  Probe sequences: 1134
  Gallery subjects: 90

--- No Barlow Twins seed 4/5: experiments/fvgb_nobt_seed789/best.pth ---
  Loaded epoch 130 from experiments/fvgb_nobt_seed789/best.pth
  Extracting gallery embeddings...
  Extracting probe embeddings...
  Gallery sequences: 90  Probe sequences: 450
  Gallery subjects: 90
  Extracting gallery embeddings...
  Extracting probe embeddings...
  Gallery sequences: 60  Probe sequences: 180
  Gallery subjects: 60
  Extracting gallery embeddings...
  Extracting probe embeddings...
  Gallery sequences: 30  Probe sequences: 90
  Gallery subjects: 30
  Extracting gallery embeddings...
  Extracting probe embeddings...
  Gallery sequences: 30  Probe sequences: 90
  Gallery subjects: 30
  Extracting gallery embeddings...
  Extracting probe embeddings...
  Gallery sequences: 90  Probe sequences: 1134
  Gallery subjects: 90

--- No Barlow Twins seed 5/5: experiments/fvgb_nobt_seed2024/best.pth ---
  Loaded epoch 100 from experiments/fvgb_nobt_seed2024/best.pth
  Extracting gallery embeddings...
  Extracting probe embeddings...
  Gallery sequences: 90  Probe sequences: 450
  Gallery subjects: 90
  Extracting gallery embeddings...
  Extracting probe embeddings...
  Gallery sequences: 60  Probe sequences: 180
  Gallery subjects: 60
  Extracting gallery embeddings...
  Extracting probe embeddings...
  Gallery sequences: 30  Probe sequences: 90
  Gallery subjects: 30
  Extracting gallery embeddings...
  Extracting probe embeddings...
  Gallery sequences: 30  Probe sequences: 90
  Gallery subjects: 30
  Extracting gallery embeddings...
  Extracting probe embeddings...
  Gallery sequences: 90  Probe sequences: 1134
  Gallery subjects: 90

======================================================================
No Barlow Twins (mean +/- std across 5 seeds)
======================================================================

Gait Recognition:
Protocol             Rank-1           Rank-5              mAP              EER
---------- ---------------- ---------------- ---------------- ----------------
WS          73.29+/-1.76%  90.76+/-0.74%  81.05+/-0.98%   7.74+/-0.57%
BGHT        53.78+/-2.29%  78.11+/-1.78%  64.62+/-2.05%  15.42+/-1.13%
CL          55.78+/-4.47%  87.11+/-4.31%  69.25+/-3.31%  15.13+/-2.30%
MP          86.00+/-1.94%  96.89+/-1.78%  90.55+/-1.47%   8.19+/-0.73%
ALL         61.18+/-1.18%  82.84+/-1.32%  71.01+/-1.09%  11.25+/-0.60%

Gender & Disentanglement:
  balanced_accuracy          85.03 +/- 0.34%
  F1_Male                    87.39 +/- 1.98%
  F1_Female                  81.60 +/- 0.68%
  linear_probe_Fm            92.18 +/- 1.20%
  linear_probe_Fk            61.27 +/- 1.76%
  gap                        30.91 +/- 2.32%

================================================================================
PAIRED COMPARISON: Full model (BT enabled) vs No Barlow Twins (Wilcoxon signed-rank, n=5)
================================================================================

Gait Recognition:
Protocol Metric   Full model (BT enabled) No Barlow Twins    p-value   Sig?
-------- -------- ------------ ------------ ---------- ------
WS       rank1          74.31%       73.29%     0.3125     no
WS       rank5          90.40%       90.76%     0.4375     no
WS       mAP            81.43%       81.05%     0.4375     no
WS       eer             7.71%        7.74%     1.0000     no
BGHT     rank1          51.33%       53.78%     0.0625     no
BGHT     rank5          78.89%       78.11%     0.3750     no
BGHT     mAP            63.86%       64.62%     0.4375     no
BGHT     eer            14.13%       15.42%     0.0625     no
CL       rank1          57.11%       55.78%     1.0000     no
CL       rank5          86.89%       87.11%     1.0000     no
CL       mAP            69.76%       69.25%     1.0000     no
CL       eer            15.84%       15.13%     0.8125     no
MP       rank1          83.33%       86.00%     0.3125     no
MP       rank5          96.44%       96.89%     0.8750     no
MP       mAP            89.20%       90.55%     0.3125     no
MP       eer             8.25%        8.19%     1.0000     no
ALL      rank1          61.82%       61.18%     0.4375     no
ALL      rank5          83.54%       82.84%     0.1875     no
ALL      mAP            71.52%       71.01%     0.4375     no
ALL      eer            11.02%       11.25%     0.3125     no

Gender & Disentanglement:
  balanced_accuracy           84.30% ->   85.03%  p=0.6250  sig=no
  linear_probe_Fm             92.36% ->   92.18%  p=1.0000  sig=no
  linear_probe_Fk             59.73% ->   61.27%  p=0.1250  sig=no
  gap                         32.64% ->   30.91%  p=0.1875  sig=no

Note: 'Sig?'=YES means p < 0.05 (two-sided Wilcoxon signed-rank, exact method). With only 5 paired seeds, the minimum achievable p-value is 1/(2^n) = 0.0312 -- a non-significant result with this few seeds should NOT be read as 'no difference exists', only as 'not enough evidence at this sample size'.

Results saved to experiments/wilcoxon_bt_ablation.json
