Device: cuda

Building dataloaders (shared across all checkpoints/seeds)...
PKSampler ready: 74 male + 44 female identities, P=8 (balanced), K=4, batch_size=32
PKSampler: P=8 identities × K=4 samples = batch_size=32

==================================================
Evaluating Full model (5 checkpoints)
==================================================

--- Full model seed 1/5: experiments/fvgb_seed42/best.pth ---
  Loaded epoch 110 from experiments/fvgb_seed42/best.pth
  Extracting gallery embeddings...
  Extracting probe embeddings...
  Gallery sequences: 90  Probe sequences: 450
  Gallery subjects: 90
  Extracting gallery embeddings...
  Extracting probe embeddings...
  Gallery sequences: 60  Probe sequences: 180
  Gallery subjects: 60
  Extracting gallery embeddings...
  Extracting probe embeddings...
  Gallery sequences: 30  Probe sequences: 90
  Gallery subjects: 30
  Extracting gallery embeddings...
  Extracting probe embeddings...
  Gallery sequences: 30  Probe sequences: 90
  Gallery subjects: 30
  Extracting gallery embeddings...
  Extracting probe embeddings...
  Gallery sequences: 90  Probe sequences: 1134
  Gallery subjects: 90

--- Full model seed 2/5: experiments/fvgb_seed123/best.pth ---
  Loaded epoch 100 from experiments/fvgb_seed123/best.pth
  Extracting gallery embeddings...
  Extracting probe embeddings...
  Gallery sequences: 90  Probe sequences: 450
  Gallery subjects: 90
  Extracting gallery embeddings...
  Extracting probe embeddings...
  Gallery sequences: 60  Probe sequences: 180
  Gallery subjects: 60
  Extracting gallery embeddings...
  Extracting probe embeddings...
  Gallery sequences: 30  Probe sequences: 90
  Gallery subjects: 30
  Extracting gallery embeddings...
  Extracting probe embeddings...
  Gallery sequences: 30  Probe sequences: 90
  Gallery subjects: 30
  Extracting gallery embeddings...
  Extracting probe embeddings...
  Gallery sequences: 90  Probe sequences: 1134
  Gallery subjects: 90

--- Full model seed 3/5: experiments/fvgb_seed456/best.pth ---
  Loaded epoch 120 from experiments/fvgb_seed456/best.pth
  Extracting gallery embeddings...
  Extracting probe embeddings...
  Gallery sequences: 90  Probe sequences: 450
  Gallery subjects: 90
  Extracting gallery embeddings...
  Extracting probe embeddings...
  Gallery sequences: 60  Probe sequences: 180
  Gallery subjects: 60
  Extracting gallery embeddings...
  Extracting probe embeddings...
  Gallery sequences: 30  Probe sequences: 90
  Gallery subjects: 30
  Extracting gallery embeddings...
  Extracting probe embeddings...
  Gallery sequences: 30  Probe sequences: 90
  Gallery subjects: 30
  Extracting gallery embeddings...
  Extracting probe embeddings...
  Gallery sequences: 90  Probe sequences: 1134
  Gallery subjects: 90

--- Full model seed 4/5: experiments/fvgb_seed789/best.pth ---
  Loaded epoch 100 from experiments/fvgb_seed789/best.pth
  Extracting gallery embeddings...
  Extracting probe embeddings...
  Gallery sequences: 90  Probe sequences: 450
  Gallery subjects: 90
  Extracting gallery embeddings...
  Extracting probe embeddings...
  Gallery sequences: 60  Probe sequences: 180
  Gallery subjects: 60
  Extracting gallery embeddings...
  Extracting probe embeddings...
  Gallery sequences: 30  Probe sequences: 90
  Gallery subjects: 30
  Extracting gallery embeddings...
  Extracting probe embeddings...
  Gallery sequences: 30  Probe sequences: 90
  Gallery subjects: 30
  Extracting gallery embeddings...
  Extracting probe embeddings...
  Gallery sequences: 90  Probe sequences: 1134
  Gallery subjects: 90

--- Full model seed 5/5: experiments/fvgb_seed2024/best.pth ---
  Loaded epoch 130 from experiments/fvgb_seed2024/best.pth
  Extracting gallery embeddings...
  Extracting probe embeddings...
  Gallery sequences: 90  Probe sequences: 450
  Gallery subjects: 90
  Extracting gallery embeddings...
  Extracting probe embeddings...
  Gallery sequences: 60  Probe sequences: 180
  Gallery subjects: 60
  Extracting gallery embeddings...
  Extracting probe embeddings...
  Gallery sequences: 30  Probe sequences: 90
  Gallery subjects: 30
  Extracting gallery embeddings...
  Extracting probe embeddings...
  Gallery sequences: 30  Probe sequences: 90
  Gallery subjects: 30
  Extracting gallery embeddings...
  Extracting probe embeddings...
  Gallery sequences: 90  Probe sequences: 1134
  Gallery subjects: 90

======================================================================
Full model (mean +/- std across 5 seeds)
======================================================================

Gait Recognition:
Protocol             Rank-1           Rank-5              mAP              EER
---------- ---------------- ---------------- ---------------- ----------------
WS          74.31+/-0.92%  90.40+/-0.82%  81.43+/-0.75%   7.71+/-0.57%
BGHT        51.33+/-2.71%  78.89+/-1.31%  63.86+/-1.90%  14.13+/-1.00%
CL          57.11+/-3.19%  86.89+/-2.67%  69.76+/-2.22%  15.84+/-0.93%
MP          83.33+/-3.30%  96.44+/-0.83%  89.20+/-1.98%   8.25+/-1.13%
ALL         61.82+/-1.09%  83.54+/-1.08%  71.52+/-1.03%  11.02+/-0.41%

Gender & Disentanglement:
  balanced_accuracy          84.30 +/- 1.42%
  F1_Male                    85.18 +/- 2.68%
  F1_Female                  80.59 +/- 1.67%
  linear_probe_Fm            92.36 +/- 1.61%
  linear_probe_Fk            59.73 +/- 0.62%
  gap                        32.64 +/- 2.00%

==================================================
Evaluating No Gender Supervision (5 checkpoints)
==================================================
PKSampler ready: 74 male + 44 female identities, P=8 (balanced), K=4, batch_size=32
PKSampler: P=8 identities × K=4 samples = batch_size=32
Gender supervision for B: DISABLED

--- No Gender Supervision seed 1/5: experiments/fvgb_nogender_seed42/best.pth ---
  Loaded epoch 130 from experiments/fvgb_nogender_seed42/best.pth
  Extracting gallery embeddings...
  Extracting probe embeddings...
  Gallery sequences: 90  Probe sequences: 450
  Gallery subjects: 90
  Extracting gallery embeddings...
  Extracting probe embeddings...
  Gallery sequences: 60  Probe sequences: 180
  Gallery subjects: 60
  Extracting gallery embeddings...
  Extracting probe embeddings...
  Gallery sequences: 30  Probe sequences: 90
  Gallery subjects: 30
  Extracting gallery embeddings...
  Extracting probe embeddings...
  Gallery sequences: 30  Probe sequences: 90
  Gallery subjects: 30
  Extracting gallery embeddings...
  Extracting probe embeddings...
  Gallery sequences: 90  Probe sequences: 1134
  Gallery subjects: 90

--- No Gender Supervision seed 2/5: experiments/fvgb_nogender_seed123/best.pth ---
  Loaded epoch 80 from experiments/fvgb_nogender_seed123/best.pth
  Extracting gallery embeddings...
  Extracting probe embeddings...
  Gallery sequences: 90  Probe sequences: 450
  Gallery subjects: 90
  Extracting gallery embeddings...
  Extracting probe embeddings...
  Gallery sequences: 60  Probe sequences: 180
  Gallery subjects: 60
  Extracting gallery embeddings...
  Extracting probe embeddings...
  Gallery sequences: 30  Probe sequences: 90
  Gallery subjects: 30
  Extracting gallery embeddings...
  Extracting probe embeddings...
  Gallery sequences: 30  Probe sequences: 90
  Gallery subjects: 30
  Extracting gallery embeddings...
  Extracting probe embeddings...
  Gallery sequences: 90  Probe sequences: 1134
  Gallery subjects: 90

--- No Gender Supervision seed 3/5: experiments/fvgb_nogender_seed456/best.pth ---
  Loaded epoch 150 from experiments/fvgb_nogender_seed456/best.pth
  Extracting gallery embeddings...
  Extracting probe embeddings...
  Gallery sequences: 90  Probe sequences: 450
  Gallery subjects: 90
  Extracting gallery embeddings...
  Extracting probe embeddings...
  Gallery sequences: 60  Probe sequences: 180
  Gallery subjects: 60
  Extracting gallery embeddings...
  Extracting probe embeddings...
  Gallery sequences: 30  Probe sequences: 90
  Gallery subjects: 30
  Extracting gallery embeddings...
  Extracting probe embeddings...
  Gallery sequences: 30  Probe sequences: 90
  Gallery subjects: 30
  Extracting gallery embeddings...
  Extracting probe embeddings...
  Gallery sequences: 90  Probe sequences: 1134
  Gallery subjects: 90

--- No Gender Supervision seed 4/5: experiments/fvgb_nogender_seed789/best.pth ---
  Loaded epoch 60 from experiments/fvgb_nogender_seed789/best.pth
  Extracting gallery embeddings...
  Extracting probe embeddings...
  Gallery sequences: 90  Probe sequences: 450
  Gallery subjects: 90
  Extracting gallery embeddings...
  Extracting probe embeddings...
  Gallery sequences: 60  Probe sequences: 180
  Gallery subjects: 60
  Extracting gallery embeddings...
  Extracting probe embeddings...
  Gallery sequences: 30  Probe sequences: 90
  Gallery subjects: 30
  Extracting gallery embeddings...
  Extracting probe embeddings...
  Gallery sequences: 30  Probe sequences: 90
  Gallery subjects: 30
  Extracting gallery embeddings...
  Extracting probe embeddings...
  Gallery sequences: 90  Probe sequences: 1134
  Gallery subjects: 90

--- No Gender Supervision seed 5/5: experiments/fvgb_nogender_seed2024/best.pth ---
  Loaded epoch 130 from experiments/fvgb_nogender_seed2024/best.pth
  Extracting gallery embeddings...
  Extracting probe embeddings...
  Gallery sequences: 90  Probe sequences: 450
  Gallery subjects: 90
  Extracting gallery embeddings...
  Extracting probe embeddings...
  Gallery sequences: 60  Probe sequences: 180
  Gallery subjects: 60
  Extracting gallery embeddings...
  Extracting probe embeddings...
  Gallery sequences: 30  Probe sequences: 90
  Gallery subjects: 30
  Extracting gallery embeddings...
  Extracting probe embeddings...
  Gallery sequences: 30  Probe sequences: 90
  Gallery subjects: 30
  Extracting gallery embeddings...
  Extracting probe embeddings...
  Gallery sequences: 90  Probe sequences: 1134
  Gallery subjects: 90

======================================================================
No Gender Supervision (mean +/- std across 5 seeds)
======================================================================

Gait Recognition:
Protocol             Rank-1           Rank-5              mAP              EER
---------- ---------------- ---------------- ---------------- ----------------
WS          73.60+/-1.51%  90.00+/-0.92%  81.01+/-0.99%   8.21+/-0.56%
BGHT        51.11+/-2.22%  78.33+/-1.53%  63.33+/-1.30%  15.31+/-1.10%
CL          56.67+/-4.04%  86.67+/-2.81%  69.67+/-2.88%  15.64+/-1.30%
MP          84.44+/-2.43%  96.22+/-0.89%  90.05+/-1.61%   9.21+/-1.35%
ALL         61.09+/-1.24%  82.80+/-0.74%  70.93+/-1.01%  11.53+/-0.24%

================================================================================
PAIRED COMPARISON: Full model vs No Gender Supervision (Wilcoxon signed-rank, n=5)
================================================================================

Gait Recognition:
Protocol Metric     Full model No Gender Supervision    p-value   Sig?
-------- -------- ------------ ------------ ---------- ------
WS       rank1          74.31%       73.60%     0.4375     no
WS       rank5          90.40%       90.00%     0.6250     no
WS       mAP            81.43%       81.01%     0.4375     no
WS       eer             7.71%        8.21%     0.3125     no
BGHT     rank1          51.33%       51.11%     1.0000     no
BGHT     rank5          78.89%       78.33%     0.8750     no
BGHT     mAP            63.86%       63.33%     1.0000     no
BGHT     eer            14.13%       15.31%     0.8125     no
CL       rank1          57.11%       56.67%     1.0000     no
CL       rank5          86.89%       86.67%     1.0000     no
CL       mAP            69.76%       69.67%     1.0000     no
CL       eer            15.84%       15.64%     0.8125     no
MP       rank1          83.33%       84.44%     0.8750     no
MP       rank5          96.44%       96.22%     1.0000     no
MP       mAP            89.20%       90.05%     0.4375     no
MP       eer             8.25%        9.21%     0.4375     no
ALL      rank1          61.82%       61.09%     0.4375     no
ALL      rank5          83.54%       82.80%     0.4375     no
ALL      mAP            71.52%       70.93%     0.8125     no
ALL      eer            11.02%       11.53%     0.1875     no

Note: 'Sig?'=YES means p < 0.05 (two-sided Wilcoxon signed-rank, exact method). With only 5 paired seeds, the minimum achievable p-value is 1/(2^n) = 0.0312 -- a non-significant result with this few seeds should NOT be read as 'no difference exists', only as 'not enough evidence at this sample size'.

Results saved to experiments/wilcoxon_nogender_ablation.json
