Device: cuda

Building dataloaders (shared across all checkpoints/seeds)...
PKSampler ready: 74 male + 44 female identities, P=8 (balanced), K=4, batch_size=32
PKSampler: P=8 identities × K=4 samples = batch_size=32

==================================================
Evaluating Custom backbone (5 checkpoints)
==================================================

--- Custom backbone seed 1/5: experiments/fvgb_seed42/best.pth ---
  Loaded epoch 110 from experiments/fvgb_seed42/best.pth
  Extracting gallery embeddings...
  Extracting probe embeddings...
  Gallery sequences: 90  Probe sequences: 450
  Gallery subjects: 90
  Extracting gallery embeddings...
  Extracting probe embeddings...
  Gallery sequences: 60  Probe sequences: 180
  Gallery subjects: 60
  Extracting gallery embeddings...
  Extracting probe embeddings...
  Gallery sequences: 30  Probe sequences: 90
  Gallery subjects: 30
  Extracting gallery embeddings...
  Extracting probe embeddings...
  Gallery sequences: 30  Probe sequences: 90
  Gallery subjects: 30
  Extracting gallery embeddings...
  Extracting probe embeddings...
  Gallery sequences: 90  Probe sequences: 1134
  Gallery subjects: 90

--- Custom backbone seed 2/5: experiments/fvgb_seed123/best.pth ---
  Loaded epoch 100 from experiments/fvgb_seed123/best.pth
  Extracting gallery embeddings...
  Extracting probe embeddings...
  Gallery sequences: 90  Probe sequences: 450
  Gallery subjects: 90
  Extracting gallery embeddings...
  Extracting probe embeddings...
  Gallery sequences: 60  Probe sequences: 180
  Gallery subjects: 60
  Extracting gallery embeddings...
  Extracting probe embeddings...
  Gallery sequences: 30  Probe sequences: 90
  Gallery subjects: 30
  Extracting gallery embeddings...
  Extracting probe embeddings...
  Gallery sequences: 30  Probe sequences: 90
  Gallery subjects: 30
  Extracting gallery embeddings...
  Extracting probe embeddings...
  Gallery sequences: 90  Probe sequences: 1134
  Gallery subjects: 90

--- Custom backbone seed 3/5: experiments/fvgb_seed456/best.pth ---
  Loaded epoch 120 from experiments/fvgb_seed456/best.pth
  Extracting gallery embeddings...
  Extracting probe embeddings...
  Gallery sequences: 90  Probe sequences: 450
  Gallery subjects: 90
  Extracting gallery embeddings...
  Extracting probe embeddings...
  Gallery sequences: 60  Probe sequences: 180
  Gallery subjects: 60
  Extracting gallery embeddings...
  Extracting probe embeddings...
  Gallery sequences: 30  Probe sequences: 90
  Gallery subjects: 30
  Extracting gallery embeddings...
  Extracting probe embeddings...
  Gallery sequences: 30  Probe sequences: 90
  Gallery subjects: 30
  Extracting gallery embeddings...
  Extracting probe embeddings...
  Gallery sequences: 90  Probe sequences: 1134
  Gallery subjects: 90

--- Custom backbone seed 4/5: experiments/fvgb_seed789/best.pth ---
  Loaded epoch 100 from experiments/fvgb_seed789/best.pth
  Extracting gallery embeddings...
  Extracting probe embeddings...
  Gallery sequences: 90  Probe sequences: 450
  Gallery subjects: 90
  Extracting gallery embeddings...
  Extracting probe embeddings...
  Gallery sequences: 60  Probe sequences: 180
  Gallery subjects: 60
  Extracting gallery embeddings...
  Extracting probe embeddings...
  Gallery sequences: 30  Probe sequences: 90
  Gallery subjects: 30
  Extracting gallery embeddings...
  Extracting probe embeddings...
  Gallery sequences: 30  Probe sequences: 90
  Gallery subjects: 30
  Extracting gallery embeddings...
  Extracting probe embeddings...
  Gallery sequences: 90  Probe sequences: 1134
  Gallery subjects: 90

--- Custom backbone seed 5/5: experiments/fvgb_seed2024/best.pth ---
  Loaded epoch 130 from experiments/fvgb_seed2024/best.pth
  Extracting gallery embeddings...
  Extracting probe embeddings...
  Gallery sequences: 90  Probe sequences: 450
  Gallery subjects: 90
  Extracting gallery embeddings...
  Extracting probe embeddings...
  Gallery sequences: 60  Probe sequences: 180
  Gallery subjects: 60
  Extracting gallery embeddings...
  Extracting probe embeddings...
  Gallery sequences: 30  Probe sequences: 90
  Gallery subjects: 30
  Extracting gallery embeddings...
  Extracting probe embeddings...
  Gallery sequences: 30  Probe sequences: 90
  Gallery subjects: 30
  Extracting gallery embeddings...
  Extracting probe embeddings...
  Gallery sequences: 90  Probe sequences: 1134
  Gallery subjects: 90

======================================================================
Custom backbone (mean +/- std across 5 seeds)
======================================================================

Gait Recognition:
Protocol             Rank-1           Rank-5              mAP              EER
---------- ---------------- ---------------- ---------------- ----------------
WS          74.31+/-0.92%  90.40+/-0.82%  81.43+/-0.75%   7.71+/-0.57%
BGHT        51.33+/-2.71%  78.89+/-1.31%  63.86+/-1.90%  14.13+/-1.00%
CL          57.11+/-3.19%  86.89+/-2.67%  69.76+/-2.22%  15.84+/-0.93%
MP          83.33+/-3.30%  96.44+/-0.83%  89.20+/-1.98%   8.25+/-1.13%
ALL         61.82+/-1.09%  83.54+/-1.08%  71.52+/-1.03%  11.02+/-0.41%

Gender & Disentanglement:
  balanced_accuracy          84.30 +/- 1.42%
  F1_Male                    85.18 +/- 2.68%
  F1_Female                  80.59 +/- 1.67%
  linear_probe_Fm            92.36 +/- 1.61%
  linear_probe_Fk            59.73 +/- 0.62%
  gap                        32.64 +/- 2.00%

==================================================
Evaluating GaitBase backbone (5 checkpoints)
==================================================

--- GaitBase backbone seed 1/5: experiments/fvgb_gaitbase_seed42/best.pth ---
[INFO] No GaitBase checkpoint download URL is configured (see models/backbones/gaitbase_backbone.py's _CHECKPOINT_DOWNLOAD_URL). To use real pretrained weights, manually download OpenGait's official GaitBase checkpoint (see https://github.com/ShiqiYu/OpenGait/blob/master/docs/1.model_zoo.md) and place it at /home/suvrat/.cache/biokinematic_net/gaitbase/gaitbase_checkpoint.pt.
[WARNING] GaitBase pretrained weights not available -- proceeding with RANDOM INITIALISATION. This is NOT the intended ablation comparison (architecture-only, weights untrained) -- if you have manually obtained OpenGait's official GaitBase checkpoint, place it at /home/suvrat/.cache/biokinematic_net/gaitbase/gaitbase_checkpoint.pt and re-run.
  Loaded epoch 130 from experiments/fvgb_gaitbase_seed42/best.pth
  Extracting gallery embeddings...
  Extracting probe embeddings...
  Gallery sequences: 90  Probe sequences: 450
  Gallery subjects: 90
  Extracting gallery embeddings...
  Extracting probe embeddings...
  Gallery sequences: 60  Probe sequences: 180
  Gallery subjects: 60
  Extracting gallery embeddings...
  Extracting probe embeddings...
  Gallery sequences: 30  Probe sequences: 90
  Gallery subjects: 30
  Extracting gallery embeddings...
  Extracting probe embeddings...
  Gallery sequences: 30  Probe sequences: 90
  Gallery subjects: 30
  Extracting gallery embeddings...
  Extracting probe embeddings...
  Gallery sequences: 90  Probe sequences: 1134
  Gallery subjects: 90

--- GaitBase backbone seed 2/5: experiments/fvgb_gaitbase_seed123/best.pth ---
[INFO] No GaitBase checkpoint download URL is configured (see models/backbones/gaitbase_backbone.py's _CHECKPOINT_DOWNLOAD_URL). To use real pretrained weights, manually download OpenGait's official GaitBase checkpoint (see https://github.com/ShiqiYu/OpenGait/blob/master/docs/1.model_zoo.md) and place it at /home/suvrat/.cache/biokinematic_net/gaitbase/gaitbase_checkpoint.pt.
[WARNING] GaitBase pretrained weights not available -- proceeding with RANDOM INITIALISATION. This is NOT the intended ablation comparison (architecture-only, weights untrained) -- if you have manually obtained OpenGait's official GaitBase checkpoint, place it at /home/suvrat/.cache/biokinematic_net/gaitbase/gaitbase_checkpoint.pt and re-run.
  Loaded epoch 110 from experiments/fvgb_gaitbase_seed123/best.pth
  Extracting gallery embeddings...
  Extracting probe embeddings...
  Gallery sequences: 90  Probe sequences: 450
  Gallery subjects: 90
  Extracting gallery embeddings...
  Extracting probe embeddings...
  Gallery sequences: 60  Probe sequences: 180
  Gallery subjects: 60
  Extracting gallery embeddings...
  Extracting probe embeddings...
  Gallery sequences: 30  Probe sequences: 90
  Gallery subjects: 30
  Extracting gallery embeddings...
  Extracting probe embeddings...
  Gallery sequences: 30  Probe sequences: 90
  Gallery subjects: 30
  Extracting gallery embeddings...
  Extracting probe embeddings...
  Gallery sequences: 90  Probe sequences: 1134
  Gallery subjects: 90

--- GaitBase backbone seed 3/5: experiments/fvgb_gaitbase_seed456/best.pth ---
[INFO] No GaitBase checkpoint download URL is configured (see models/backbones/gaitbase_backbone.py's _CHECKPOINT_DOWNLOAD_URL). To use real pretrained weights, manually download OpenGait's official GaitBase checkpoint (see https://github.com/ShiqiYu/OpenGait/blob/master/docs/1.model_zoo.md) and place it at /home/suvrat/.cache/biokinematic_net/gaitbase/gaitbase_checkpoint.pt.
[WARNING] GaitBase pretrained weights not available -- proceeding with RANDOM INITIALISATION. This is NOT the intended ablation comparison (architecture-only, weights untrained) -- if you have manually obtained OpenGait's official GaitBase checkpoint, place it at /home/suvrat/.cache/biokinematic_net/gaitbase/gaitbase_checkpoint.pt and re-run.
  Loaded epoch 140 from experiments/fvgb_gaitbase_seed456/best.pth
  Extracting gallery embeddings...
  Extracting probe embeddings...
  Gallery sequences: 90  Probe sequences: 450
  Gallery subjects: 90
  Extracting gallery embeddings...
  Extracting probe embeddings...
  Gallery sequences: 60  Probe sequences: 180
  Gallery subjects: 60
  Extracting gallery embeddings...
  Extracting probe embeddings...
  Gallery sequences: 30  Probe sequences: 90
  Gallery subjects: 30
  Extracting gallery embeddings...
  Extracting probe embeddings...
  Gallery sequences: 30  Probe sequences: 90
  Gallery subjects: 30
  Extracting gallery embeddings...
  Extracting probe embeddings...
  Gallery sequences: 90  Probe sequences: 1134
  Gallery subjects: 90

--- GaitBase backbone seed 4/5: experiments/fvgb_gaitbase_seed789/best.pth ---
[INFO] No GaitBase checkpoint download URL is configured (see models/backbones/gaitbase_backbone.py's _CHECKPOINT_DOWNLOAD_URL). To use real pretrained weights, manually download OpenGait's official GaitBase checkpoint (see https://github.com/ShiqiYu/OpenGait/blob/master/docs/1.model_zoo.md) and place it at /home/suvrat/.cache/biokinematic_net/gaitbase/gaitbase_checkpoint.pt.
[WARNING] GaitBase pretrained weights not available -- proceeding with RANDOM INITIALISATION. This is NOT the intended ablation comparison (architecture-only, weights untrained) -- if you have manually obtained OpenGait's official GaitBase checkpoint, place it at /home/suvrat/.cache/biokinematic_net/gaitbase/gaitbase_checkpoint.pt and re-run.
  Loaded epoch 140 from experiments/fvgb_gaitbase_seed789/best.pth
  Extracting gallery embeddings...
  Extracting probe embeddings...
  Gallery sequences: 90  Probe sequences: 450
  Gallery subjects: 90
  Extracting gallery embeddings...
  Extracting probe embeddings...
  Gallery sequences: 60  Probe sequences: 180
  Gallery subjects: 60
  Extracting gallery embeddings...
  Extracting probe embeddings...
  Gallery sequences: 30  Probe sequences: 90
  Gallery subjects: 30
  Extracting gallery embeddings...
  Extracting probe embeddings...
  Gallery sequences: 30  Probe sequences: 90
  Gallery subjects: 30
  Extracting gallery embeddings...
  Extracting probe embeddings...
  Gallery sequences: 90  Probe sequences: 1134
  Gallery subjects: 90

--- GaitBase backbone seed 5/5: experiments/fvgb_gaitbase_seed2024/best.pth ---
[INFO] No GaitBase checkpoint download URL is configured (see models/backbones/gaitbase_backbone.py's _CHECKPOINT_DOWNLOAD_URL). To use real pretrained weights, manually download OpenGait's official GaitBase checkpoint (see https://github.com/ShiqiYu/OpenGait/blob/master/docs/1.model_zoo.md) and place it at /home/suvrat/.cache/biokinematic_net/gaitbase/gaitbase_checkpoint.pt.
[WARNING] GaitBase pretrained weights not available -- proceeding with RANDOM INITIALISATION. This is NOT the intended ablation comparison (architecture-only, weights untrained) -- if you have manually obtained OpenGait's official GaitBase checkpoint, place it at /home/suvrat/.cache/biokinematic_net/gaitbase/gaitbase_checkpoint.pt and re-run.
  Loaded epoch 150 from experiments/fvgb_gaitbase_seed2024/best.pth
  Extracting gallery embeddings...
  Extracting probe embeddings...
  Gallery sequences: 90  Probe sequences: 450
  Gallery subjects: 90
  Extracting gallery embeddings...
  Extracting probe embeddings...
  Gallery sequences: 60  Probe sequences: 180
  Gallery subjects: 60
  Extracting gallery embeddings...
  Extracting probe embeddings...
  Gallery sequences: 30  Probe sequences: 90
  Gallery subjects: 30
  Extracting gallery embeddings...
  Extracting probe embeddings...
  Gallery sequences: 30  Probe sequences: 90
  Gallery subjects: 30
  Extracting gallery embeddings...
  Extracting probe embeddings...
  Gallery sequences: 90  Probe sequences: 1134
  Gallery subjects: 90

======================================================================
GaitBase backbone (mean +/- std across 5 seeds)
======================================================================

Gait Recognition:
Protocol             Rank-1           Rank-5              mAP              EER
---------- ---------------- ---------------- ---------------- ----------------
WS          80.98+/-0.98%  93.33+/-0.74%  86.50+/-0.85%   5.75+/-0.54%
BGHT        57.78+/-1.27%  83.78+/-2.12%  69.49+/-0.86%  12.35+/-0.39%
CL          59.56+/-2.95%  89.33+/-2.69%  72.76+/-2.16%  13.97+/-1.10%
MP          90.00+/-2.33%  97.11+/-0.89%  93.28+/-1.48%   5.68+/-0.87%
ALL         66.16+/-1.13%  85.27+/-1.05%  74.79+/-0.95%   9.88+/-0.54%

Gender & Disentanglement:
  balanced_accuracy          90.96 +/- 0.58%
  F1_Male                    91.69 +/- 0.70%
  F1_Female                  88.27 +/- 0.72%
  linear_probe_Fm            97.82 +/- 0.73%
  linear_probe_Fk            60.91 +/- 0.76%
  gap                        36.91 +/- 1.05%

================================================================================
PAIRED COMPARISON: Custom backbone vs GaitBase backbone (Wilcoxon signed-rank, n=5)
================================================================================

Gait Recognition:
Protocol Metric   Custom backbone GaitBase backbone    p-value   Sig?
-------- -------- ------------ ------------ ---------- ------
WS       rank1          74.31%       80.98%     0.0625     no
WS       rank5          90.40%       93.33%     0.0625     no
WS       mAP            81.43%       86.50%     0.0625     no
WS       eer             7.71%        5.75%     0.0625     no
BGHT     rank1          51.33%       57.78%     0.0625     no
BGHT     rank5          78.89%       83.78%     0.0625     no
BGHT     mAP            63.86%       69.49%     0.0625     no
BGHT     eer            14.13%       12.35%     0.1250     no
CL       rank1          57.11%       59.56%     0.6250     no
CL       rank5          86.89%       89.33%     0.1250     no
CL       mAP            69.76%       72.76%     0.1250     no
CL       eer            15.84%       13.97%     0.0625     no
MP       rank1          83.33%       90.00%     0.1250     no
MP       rank5          96.44%       97.11%     0.6250     no
MP       mAP            89.20%       93.28%     0.1250     no
MP       eer             8.25%        5.68%     0.0625     no
ALL      rank1          61.82%       66.16%     0.0625     no
ALL      rank5          83.54%       85.27%     0.0625     no
ALL      mAP            71.52%       74.79%     0.0625     no
ALL      eer            11.02%        9.88%     0.0625     no

Gender & Disentanglement:
  balanced_accuracy           84.30% ->   90.96%  p=0.0625  sig=no
  linear_probe_Fm             92.36% ->   97.82%  p=0.0625  sig=no
  linear_probe_Fk             59.73% ->   60.91%  p=0.0625  sig=no
  gap                         32.64% ->   36.91%  p=0.0625  sig=no

Note: 'Sig?'=YES means p < 0.05 (two-sided Wilcoxon signed-rank, exact method). With only 5 paired seeds, the minimum achievable p-value is 1/(2^n) = 0.0312 -- a non-significant result with this few seeds should NOT be read as 'no difference exists', only as 'not enough evidence at this sample size'.

Results saved to experiments/wilcoxon_gaitbase_ablation.json
